2 path.c:128 0x177f2a9 24
4 path.c:254 0x177f2a9 24
2 path.c:128 0x17814c9 24
1 dynarray.c:84 0x177f2a9 24
2 dynarray.c:95 0x17814f9 16
2 path.c:90 0x1781529 6
1 path.c:143 0x1781549 6
4 path.c:246 0x1781549 6
4 path.c:31 0x1781529 6
4 dynarray.c:112 0x17814f9 16
4 dynarray.c:113 0x177f2a9 24
4 path.c:254 0x17814c9 24
1 dynarray.c:84 0x17814c9 24
2 dynarray.c:95 0x1781569 16
1 bdtBad4.c:663 0x1781529 1
4 dynarray.c:112 0x1781569 16
4 dynarray.c:113 0x17814c9 24
4 bdt_client.c:39 0x1781529 1
2 path.c:128 0x1781599 24
4 path.c:254 0x1781599 24
2 path.c:128 0x17815c9 24
1 dynarray.c:84 0x1781599 24
2 dynarray.c:95 0x17815f9 16
4 dynarray.c:112 0x17815f9 16
4 dynarray.c:113 0x1781599 24
4 path.c:254 0x17815c9 24
2 path.c:128 0x1781629 24
1 dynarray.c:84 0x17815c9 24
2 dynarray.c:95 0x1781659 16
2 path.c:90 0x1781689 6
2 path.c:90 0x17816a9 7
4 path.c:31 0x1781689 6
4 path.c:31 0x17816a9 7
4 dynarray.c:112 0x1781659 16
4 dynarray.c:113 0x17815c9 24
4 path.c:254 0x1781629 24
2 path.c:128 0x1781629 24
1 dynarray.c:84 0x1781659 24
2 dynarray.c:95 0x17815c9 16
2 path.c:90 0x17816c9 6
4 path.c:31 0x17816c9 6
4 dynarray.c:112 0x17815c9 16
4 dynarray.c:113 0x1781659 24
4 path.c:254 0x1781629 24
2 path.c:128 0x1781629 24
1 dynarray.c:84 0x17815c9 24
2 dynarray.c:95 0x1781659 16
2 path.c:90 0x17816e9 6
1 path.c:143 0x17816c9 6
2 path.c:178 0x1781709 24
1 dynarray.c:84 0x1781599 24
2 dynarray.c:95 0x1781739 16
2 path.c:191 0x1781769 6
2 path.c:205 0x1781789 6
3 path.c:223 0x1781769 0x1781769 6 6
1 bdtBad4.c:143 0x17817a9 32
2 path.c:178 0x17817e9 24
1 dynarray.c:84 0x17815f9 24
2 dynarray.c:95 0x1781819 16
2 path.c:191 0x1781849 6
2 path.c:205 0x1781869 6
3 path.c:223 0x1781849 0x1781849 6 6
4 path.c:246 0x1781769 6
4 path.c:31 0x1781789 6
4 dynarray.c:112 0x1781739 16
4 dynarray.c:113 0x1781599 24
4 path.c:254 0x1781709 24
4 path.c:246 0x17816c9 6
4 path.c:31 0x17816e9 6
4 dynarray.c:112 0x1781659 16
4 dynarray.c:113 0x17815c9 24
4 path.c:254 0x1781629 24
2 path.c:128 0x1781629 24
1 dynarray.c:84 0x1781709 24
2 dynarray.c:95 0x17815c9 16
2 path.c:90 0x17816e9 6
2 path.c:90 0x1781889 7
2 path.c:90 0x17818a9 12
3 dynarray.c:69 0x17818c9 0x17815c9 16 32
1 path.c:143 0x1781659 25
2 path.c:178 0x17815c9 24
1 dynarray.c:84 0x1781599 24
2 dynarray.c:95 0x1781909 16
2 path.c:191 0x1781939 25
2 path.c:205 0x1781969 6
3 path.c:223 0x1781939 0x1781939 25 6
4 path.c:246 0x1781939 6
4 path.c:31 0x1781969 6
4 dynarray.c:112 0x1781909 16
4 dynarray.c:113 0x1781599 24
4 path.c:254 0x17815c9 24
2 path.c:178 0x17815c9 24
1 dynarray.c:84 0x1781909 24
2 dynarray.c:95 0x1781599 16
2 path.c:191 0x1781989 25
2 path.c:205 0x1781969 6
2 path.c:205 0x17819b9 7
3 path.c:223 0x1781989 0x1781989 25 13
4 path.c:246 0x1781989 13
4 path.c:31 0x1781969 6
4 path.c:31 0x17819b9 7
4 dynarray.c:112 0x1781599 16
4 dynarray.c:113 0x1781909 24
4 path.c:254 0x17815c9 24
2 path.c:178 0x17815c9 24
1 dynarray.c:84 0x1781989 24
2 dynarray.c:95 0x1781909 16
2 path.c:191 0x17819d9 25
2 path.c:205 0x17819b9 6
2 path.c:205 0x1781969 7
3 path.c:223 0x17819d9 0x17819d9 25 13
1 bdtBad4.c:143 0x1781a09 32
2 path.c:178 0x1781a49 24
1 dynarray.c:84 0x1781599 24
2 dynarray.c:95 0x1781a79 16
2 path.c:191 0x1781aa9 13
2 path.c:205 0x1781ac9 6
2 path.c:205 0x1781ae9 7
3 path.c:223 0x1781aa9 0x1781aa9 13 13
4 path.c:246 0x17819d9 13
4 path.c:31 0x17819b9 6
4 path.c:31 0x1781969 7
4 dynarray.c:112 0x1781909 16
4 dynarray.c:113 0x1781989 24
4 path.c:254 0x17815c9 24
2 path.c:178 0x17815c9 24
1 dynarray.c:84 0x17819d9 24
2 dynarray.c:95 0x1781989 24
2 path.c:191 0x1781b09 25
2 path.c:205 0x1781969 6
2 path.c:205 0x17819b9 7
2 path.c:205 0x1781b39 12
3 path.c:223 0x1781b09 0x1781b09 25 25
1 bdtBad4.c:143 0x1781b59 32
2 path.c:178 0x1781b99 24
1 dynarray.c:84 0x1781909 24
2 dynarray.c:95 0x1781bc9 24
2 path.c:191 0x1781bf9 25
2 path.c:205 0x1781c29 6
2 path.c:205 0x1781c49 7
2 path.c:205 0x1781c69 12
3 path.c:223 0x1781bf9 0x1781bf9 25 25
4 path.c:246 0x1781b09 25
4 path.c:31 0x1781969 6
4 path.c:31 0x17819b9 7
4 path.c:31 0x1781b39 12
4 dynarray.c:112 0x1781989 24
4 dynarray.c:113 0x17819d9 24
4 path.c:254 0x17815c9 24
4 path.c:246 0x1781659 25
4 path.c:31 0x17816e9 6
4 path.c:31 0x1781889 7
4 path.c:31 0x17818a9 12
4 dynarray.c:112 0x17818c9 32
4 dynarray.c:113 0x1781709 24
4 path.c:254 0x1781629 24
2 path.c:128 0x1781629 24
1 dynarray.c:84 0x1781b09 24
2 dynarray.c:95 0x1781709 16
2 path.c:90 0x17818a9 6
1 path.c:143 0x17816c9 6
2 path.c:178 0x17815c9 24
1 dynarray.c:84 0x1781659 24
2 dynarray.c:95 0x17819d9 16
2 path.c:191 0x1781889 6
2 path.c:205 0x1781b39 6
3 path.c:223 0x1781889 0x1781889 6 6
4 path.c:246 0x1781889 6
4 path.c:31 0x1781b39 6
4 dynarray.c:112 0x17819d9 16
4 dynarray.c:113 0x1781659 24
4 path.c:254 0x17815c9 24
4 path.c:246 0x17816c9 6
4 path.c:31 0x17818a9 6
4 dynarray.c:112 0x1781709 16
4 dynarray.c:113 0x1781b09 24
4 path.c:254 0x1781629 24
2 path.c:128 0x1781629 24
1 dynarray.c:84 0x1781989 24
2 dynarray.c:95 0x1781b09 16
2 path.c:90 0x17818a9 6
2 path.c:90 0x17816c9 7
1 path.c:143 0x17816e9 13
2 path.c:178 0x17815c9 24
1 dynarray.c:84 0x1781709 24
2 dynarray.c:95 0x1781659 16
2 path.c:191 0x1781b39 13
2 path.c:205 0x17819b9 6
3 path.c:223 0x1781b39 0x1781b39 13 6
4 path.c:246 0x1781b39 6
4 path.c:31 0x17819b9 6
4 dynarray.c:112 0x1781659 16
4 dynarray.c:113 0x1781709 24
4 path.c:254 0x17815c9 24
2 path.c:178 0x17815c9 24
1 dynarray.c:84 0x17819d9 24
2 dynarray.c:95 0x1781709 16
2 path.c:191 0x17819b9 13
2 path.c:205 0x1781b39 6
2 path.c:205 0x1781969 7
3 path.c:223 0x17819b9 0x17819b9 13 13
4 path.c:246 0x17819b9 13
4 path.c:31 0x1781b39 6
4 path.c:31 0x1781969 7
4 dynarray.c:112 0x1781709 16
4 dynarray.c:113 0x17819d9 24
4 path.c:254 0x17815c9 24
4 path.c:246 0x17816e9 13
4 path.c:31 0x17818a9 6
4 path.c:31 0x17816c9 7
4 dynarray.c:112 0x1781b09 16
4 dynarray.c:113 0x1781989 24
4 path.c:254 0x1781629 24
2 path.c:128 0x1781629 24
1 dynarray.c:84 0x1781659 24
2 dynarray.c:95 0x1781989 16
2 path.c:90 0x17816c9 6
2 path.c:90 0x17818a9 7
2 path.c:90 0x17816e9 12
3 dynarray.c:69 0x1781c89 0x1781989 16 32
1 path.c:143 0x1781b09 25
2 path.c:178 0x1781989 24
1 dynarray.c:84 0x17815c9 24
2 dynarray.c:95 0x17819d9 16
2 path.c:191 0x1781cc9 25
2 path.c:205 0x1781969 6
3 path.c:223 0x1781cc9 0x1781cc9 25 6
4 path.c:246 0x1781cc9 6
4 path.c:31 0x1781969 6
4 dynarray.c:112 0x17819d9 16
4 dynarray.c:113 0x17815c9 24
4 path.c:254 0x1781989 24
2 path.c:178 0x1781989 24
1 dynarray.c:84 0x1781709 24
2 dynarray.c:95 0x17815c9 16
2 path.c:191 0x1781cc9 25
2 path.c:205 0x1781969 6
2 path.c:205 0x1781b39 7
3 path.c:223 0x1781cc9 0x1781cc9 25 13
4 path.c:246 0x1781cc9 13
4 path.c:31 0x1781969 6
4 path.c:31 0x1781b39 7
4 dynarray.c:112 0x17815c9 16
4 dynarray.c:113 0x1781709 24
4 path.c:254 0x1781989 24
2 path.c:178 0x1781989 24
1 dynarray.c:84 0x17819d9 24
2 dynarray.c:95 0x1781709 24
2 path.c:191 0x1781cc9 25
2 path.c:205 0x1781b39 6
2 path.c:205 0x1781969 7
2 path.c:205 0x17819b9 12
3 path.c:223 0x1781cc9 0x1781cc9 25 25
4 path.c:246 0x1781cc9 25
4 path.c:31 0x1781b39 6
4 path.c:31 0x1781969 7
4 path.c:31 0x17819b9 12
4 dynarray.c:112 0x1781709 24
4 dynarray.c:113 0x17819d9 24
4 path.c:254 0x1781989 24
4 path.c:246 0x1781b09 25
4 path.c:31 0x17816c9 6
4 path.c:31 0x17818a9 7
4 path.c:31 0x17816e9 12
4 dynarray.c:112 0x1781c89 32
4 dynarray.c:113 0x1781659 24
4 path.c:254 0x1781629 24
2 path.c:128 0x1781629 24
1 dynarray.c:84 0x17815c9 24
2 dynarray.c:95 0x1781659 16
2 path.c:90 0x17816e9 12
1 path.c:143 0x1781889 12
2 path.c:178 0x1781989 24
1 dynarray.c:84 0x1781b09 24
2 dynarray.c:95 0x17819d9 16
2 path.c:191 0x17818a9 12
2 path.c:205 0x17819b9 12
3 path.c:223 0x17818a9 0x17818a9 12 12
4 path.c:246 0x17818a9 12
4 path.c:31 0x17819b9 12
4 dynarray.c:112 0x17819d9 16
4 dynarray.c:113 0x1781b09 24
4 path.c:254 0x1781989 24
4 path.c:246 0x1781889 12
4 path.c:31 0x17816e9 12
4 dynarray.c:112 0x1781659 16
4 dynarray.c:113 0x17815c9 24
4 path.c:254 0x1781629 24
2 path.c:128 0x1781629 24
1 dynarray.c:84 0x1781709 24
2 dynarray.c:95 0x17815c9 16
2 path.c:90 0x17816e9 12
1 path.c:143 0x17816c9 12
2 path.c:178 0x1781989 24
1 dynarray.c:84 0x1781659 24
2 dynarray.c:95 0x1781b09 16
2 path.c:191 0x1781889 12
2 path.c:205 0x17818a9 12
3 path.c:223 0x1781889 0x1781889 12 12
4 path.c:246 0x1781889 12
4 path.c:31 0x17818a9 12
4 dynarray.c:112 0x1781b09 16
4 dynarray.c:113 0x1781659 24
4 path.c:254 0x1781989 24
4 path.c:246 0x17816c9 12
4 path.c:31 0x17816e9 12
4 dynarray.c:112 0x17815c9 16
4 dynarray.c:113 0x1781709 24
4 path.c:254 0x1781629 24
2 path.c:128 0x1781629 24
1 dynarray.c:84 0x17819d9 24
2 dynarray.c:95 0x1781709 16
2 path.c:90 0x17816e9 12
1 path.c:143 0x17819b9 12
2 path.c:178 0x1781989 24
1 dynarray.c:84 0x17815c9 24
2 dynarray.c:95 0x1781659 16
2 path.c:191 0x17816c9 12
2 path.c:205 0x1781889 12
3 path.c:223 0x17816c9 0x17816c9 12 12
4 path.c:246 0x17816c9 12
4 path.c:31 0x1781889 12
4 dynarray.c:112 0x1781659 16
4 dynarray.c:113 0x17815c9 24
4 path.c:254 0x1781989 24
4 path.c:246 0x17819b9 12
4 path.c:31 0x17816e9 12
4 dynarray.c:112 0x1781709 16
4 dynarray.c:113 0x17819d9 24
4 path.c:254 0x1781629 24
2 path.c:128 0x1781629 24
1 dynarray.c:84 0x1781b09 24
2 dynarray.c:95 0x17819d9 16
2 path.c:90 0x17816e9 6
2 path.c:90 0x17819b9 8
1 path.c:143 0x17818a9 14
2 path.c:178 0x1781989 24
1 dynarray.c:84 0x1781709 24
2 dynarray.c:95 0x17815c9 16
2 path.c:191 0x1781889 14
2 path.c:205 0x1781969 6
3 path.c:223 0x1781889 0x1781889 14 6
4 path.c:246 0x1781889 6
4 path.c:31 0x1781969 6
4 dynarray.c:112 0x17815c9 16
4 dynarray.c:113 0x1781709 24
4 path.c:254 0x1781989 24
2 path.c:178 0x1781989 24
1 dynarray.c:84 0x1781659 24
2 dynarray.c:95 0x1781709 16
2 path.c:191 0x1781969 14
2 path.c:205 0x1781889 6
2 path.c:205 0x1781b39 8
3 path.c:223 0x1781969 0x1781969 14 14
4 path.c:246 0x1781969 14
4 path.c:31 0x1781889 6
4 path.c:31 0x1781b39 8
4 dynarray.c:112 0x1781709 16
4 dynarray.c:113 0x1781659 24
4 path.c:254 0x1781989 24
4 path.c:246 0x17818a9 14
4 path.c:31 0x17816e9 6
4 path.c:31 0x17819b9 8
4 dynarray.c:112 0x17819d9 16
4 dynarray.c:113 0x1781b09 24
4 path.c:254 0x1781629 24
2 path.c:128 0x1781629 24
1 dynarray.c:84 0x17815c9 24
2 dynarray.c:95 0x1781b09 16
2 path.c:90 0x17819b9 6
2 path.c:90 0x17816e9 7
2 path.c:90 0x17818a9 12
3 dynarray.c:69 0x1781cf9 0x1781b09 16 32
1 path.c:143 0x17819d9 25
2 path.c:178 0x1781b09 24
1 dynarray.c:84 0x1781989 24
2 dynarray.c:95 0x1781659 16
2 path.c:191 0x1781cc9 25
2 path.c:205 0x1781b39 6
3 path.c:223 0x1781cc9 0x1781cc9 25 6
4 path.c:246 0x1781cc9 6
4 path.c:31 0x1781b39 6
4 dynarray.c:112 0x1781659 16
4 dynarray.c:113 0x1781989 24
4 path.c:254 0x1781b09 24
2 path.c:178 0x1781b09 24
1 dynarray.c:84 0x1781709 24
2 dynarray.c:95 0x1781989 16
2 path.c:191 0x1781cc9 25
2 path.c:205 0x1781b39 6
2 path.c:205 0x1781889 7
3 path.c:223 0x1781cc9 0x1781cc9 25 13
4 path.c:246 0x1781cc9 13
4 path.c:31 0x1781b39 6
4 path.c:31 0x1781889 7
4 dynarray.c:112 0x1781989 16
4 dynarray.c:113 0x1781709 24
4 path.c:254 0x1781b09 24
2 path.c:178 0x1781b09 24
1 dynarray.c:84 0x1781659 24
2 dynarray.c:95 0x1781709 24
2 path.c:191 0x1781cc9 25
2 path.c:205 0x1781889 6
2 path.c:205 0x1781b39 7
2 path.c:205 0x1781969 12
3 path.c:223 0x1781cc9 0x1781cc9 25 25
4 path.c:246 0x1781cc9 25
4 path.c:31 0x1781889 6
4 path.c:31 0x1781b39 7
4 path.c:31 0x1781969 12
4 dynarray.c:112 0x1781709 24
4 dynarray.c:113 0x1781659 24
4 path.c:254 0x1781b09 24
4 path.c:246 0x17819d9 25
4 path.c:31 0x17819b9 6
4 path.c:31 0x17816e9 7
4 path.c:31 0x17818a9 12
4 dynarray.c:112 0x1781cf9 32
4 dynarray.c:113 0x17815c9 24
4 path.c:254 0x1781629 24
2 path.c:128 0x1781629 24
1 dynarray.c:84 0x1781989 24
2 dynarray.c:95 0x17815c9 16
2 path.c:90 0x17818a9 12
2 path.c:90 0x17816e9 6
2 path.c:90 0x17819b9 9
3 dynarray.c:69 0x1781d39 0x17815c9 16 32
1 path.c:143 0x17819d9 27
2 path.c:178 0x17815c9 24
1 dynarray.c:84 0x1781b09 24
2 dynarray.c:95 0x1781659 16
2 path.c:191 0x1781cc9 27
2 path.c:205 0x1781969 12
3 path.c:223 0x1781cc9 0x1781cc9 27 12
4 path.c:246 0x1781cc9 12
4 path.c:31 0x1781969 12
4 dynarray.c:112 0x1781659 16
4 dynarray.c:113 0x1781b09 24
4 path.c:254 0x17815c9 24
4 path.c:246 0x17819d9 27
4 path.c:31 0x17818a9 12
4 path.c:31 0x17816e9 6
4 path.c:31 0x17819b9 9
4 dynarray.c:112 0x1781d39 32
4 dynarray.c:113 0x1781989 24
4 path.c:254 0x1781629 24
2 path.c:128 0x1781629 24
1 dynarray.c:84 0x1781709 24
2 dynarray.c:95 0x1781989 16
2 path.c:90 0x17819b9 6
2 path.c:90 0x17816e9 8
1 path.c:143 0x17816c9 14
2 path.c:178 0x17815c9 24
1 dynarray.c:84 0x17819d9 24
2 dynarray.c:95 0x1781b09 16
2 path.c:191 0x17818a9 14
2 path.c:205 0x1781b39 6
3 path.c:223 0x17818a9 0x17818a9 14 6
4 path.c:246 0x17818a9 6
4 path.c:31 0x1781b39 6
4 dynarray.c:112 0x1781b09 16
4 dynarray.c:113 0x17819d9 24
4 path.c:254 0x17815c9 24
2 path.c:178 0x17815c9 24
1 dynarray.c:84 0x1781659 24
2 dynarray.c:95 0x17819d9 16
2 path.c:191 0x1781b39 14
2 path.c:205 0x17818a9 6
2 path.c:205 0x1781889 8
3 path.c:223 0x1781b39 0x1781b39 14 14
4 path.c:246 0x1781b39 14
4 path.c:31 0x17818a9 6
4 path.c:31 0x1781889 8
4 dynarray.c:112 0x17819d9 16
4 dynarray.c:113 0x1781659 24
4 path.c:254 0x17815c9 24
2 path.c:178 0x17815c9 24
1 dynarray.c:84 0x1781b09 24
2 dynarray.c:95 0x1781659 16
2 path.c:191 0x1781889 14
2 path.c:205 0x17818a9 6
2 path.c:205 0x1781b39 8
3 path.c:223 0x1781889 0x1781889 14 14
1 bdtBad4.c:143 0x1781d39 32
2 path.c:178 0x1781cc9 24
1 dynarray.c:84 0x17819d9 24
2 dynarray.c:95 0x1781d79 16
2 path.c:191 0x1781da9 14
2 path.c:205 0x1781dc9 6
2 path.c:205 0x1781de9 8
3 path.c:223 0x1781da9 0x1781da9 14 14
4 path.c:246 0x1781889 14
4 path.c:31 0x17818a9 6
4 path.c:31 0x1781b39 8
4 dynarray.c:112 0x1781659 16
4 dynarray.c:113 0x1781b09 24
4 path.c:254 0x17815c9 24
4 path.c:246 0x17816c9 14
4 path.c:31 0x17819b9 6
4 path.c:31 0x17816e9 8
4 dynarray.c:112 0x1781989 16
4 dynarray.c:113 0x1781709 24
4 path.c:254 0x1781629 24
2 path.c:128 0x1781629 24
1 dynarray.c:84 0x1781659 24
2 dynarray.c:95 0x1781709 16
2 path.c:90 0x17816e9 6
2 path.c:90 0x17819b9 7
1 path.c:143 0x1781969 13
2 path.c:178 0x17815c9 24
1 dynarray.c:84 0x1781989 24
2 dynarray.c:95 0x1781b09 16
2 path.c:191 0x17816c9 13
2 path.c:205 0x17818a9 6
3 path.c:223 0x17816c9 0x17816c9 13 6
4 path.c:246 0x17816c9 6
4 path.c:31 0x17818a9 6
4 dynarray.c:112 0x1781b09 16
4 dynarray.c:113 0x1781989 24
4 path.c:254 0x17815c9 24
2 path.c:178 0x17815c9 24
1 dynarray.c:84 0x1781b09 24
2 dynarray.c:95 0x1781989 16
2 path.c:191 0x17818a9 13
2 path.c:205 0x17816c9 6
2 path.c:205 0x1781889 7
3 path.c:223 0x17818a9 0x17818a9 13 13
4 path.c:246 0x17818a9 13
4 path.c:31 0x17816c9 6
4 path.c:31 0x1781889 7
4 dynarray.c:112 0x1781989 16
4 dynarray.c:113 0x1781b09 24
4 path.c:254 0x17815c9 24
2 path.c:178 0x17815c9 24
1 dynarray.c:84 0x1781989 24
2 dynarray.c:95 0x1781b09 16
2 path.c:191 0x1781889 13
2 path.c:205 0x17816c9 6
2 path.c:205 0x17818a9 7
3 path.c:223 0x1781889 0x1781889 13 13
1 bdtBad4.c:143 0x1781cf9 32
2 path.c:178 0x1781e09 24
1 dynarray.c:84 0x1781939 24
2 dynarray.c:95 0x1781e39 16
2 path.c:191 0x1781e69 13
2 path.c:205 0x1781e89 6
2 path.c:205 0x1781ea9 7
3 path.c:223 0x1781e69 0x1781e69 13 13
4 path.c:246 0x1781e69 13
4 path.c:31 0x1781e89 6
4 path.c:31 0x1781ea9 7
4 dynarray.c:112 0x1781e39 16
4 dynarray.c:113 0x1781939 24
4 path.c:254 0x1781e09 24
4 bdtBad4.c:193 0x1781cf9 32
4 path.c:246 0x1781969 13
4 path.c:31 0x17816e9 6
4 path.c:31 0x17819b9 7
4 dynarray.c:112 0x1781709 16
4 dynarray.c:113 0x1781659 24
4 path.c:254 0x1781629 24
4 path.c:246 0x1781889 13
4 path.c:31 0x17816c9 6
4 path.c:31 0x17818a9 7
4 dynarray.c:112 0x1781b09 16
4 dynarray.c:113 0x1781989 24
4 path.c:254 0x17815c9 24
2 path.c:128 0x17815c9 24
1 dynarray.c:84 0x1781939 24
2 dynarray.c:95 0x1781989 16
2 path.c:90 0x17818a9 6
2 path.c:90 0x17816c9 4
2 path.c:90 0x1781889 5
3 dynarray.c:69 0x1781ec9 0x1781989 16 32
2 path.c:90 0x17819b9 7
1 path.c:143 0x1781b09 22
2 path.c:178 0x1781989 24
1 dynarray.c:84 0x1781629 24
2 dynarray.c:95 0x1781659 16
2 path.c:191 0x1781e09 22
2 path.c:205 0x17816e9 6
3 path.c:223 0x1781e09 0x1781e09 22 6
4 path.c:246 0x1781e09 6
4 path.c:31 0x17816e9 6
4 dynarray.c:112 0x1781659 16
4 dynarray.c:113 0x1781629 24
4 path.c:254 0x1781989 24
2 path.c:178 0x1781989 24
1 dynarray.c:84 0x1781709 24
2 dynarray.c:95 0x1781629 16
2 path.c:191 0x1781e09 22
2 path.c:205 0x17816e9 6
2 path.c:205 0x1781969 4
3 path.c:223 0x1781e09 0x1781e09 22 10
4 path.c:246 0x1781e09 10
4 path.c:31 0x17816e9 6
4 path.c:31 0x1781969 4
4 dynarray.c:112 0x1781629 16
4 dynarray.c:113 0x1781709 24
4 path.c:254 0x1781989 24
2 path.c:178 0x1781989 24
1 dynarray.c:84 0x1781659 24
2 dynarray.c:95 0x1781709 16
2 path.c:191 0x1781e09 22
2 path.c:205 0x1781969 6
2 path.c:205 0x17816e9 4
3 path.c:223 0x1781e09 0x1781e09 22 10
1 bdtBad4.c:143 0x1781cf9 32
2 path.c:178 0x1781f09 24
1 dynarray.c:84 0x1781629 24
2 dynarray.c:95 0x1781f39 16
2 path.c:191 0x1781ea9 10
2 path.c:205 0x1781e89 6
2 path.c:205 0x1781e69 4
3 path.c:223 0x1781ea9 0x1781ea9 10 10
4 path.c:246 0x1781ea9 10
4 path.c:31 0x1781e89 6
4 path.c:31 0x1781e69 4
4 dynarray.c:112 0x1781f39 16
4 dynarray.c:113 0x1781629 24
4 path.c:254 0x1781f09 24
4 bdtBad4.c:193 0x1781cf9 32
4 path.c:246 0x1781b09 22
4 path.c:31 0x17818a9 6
4 path.c:31 0x17816c9 4
4 path.c:31 0x1781889 5
4 path.c:31 0x17819b9 7
4 dynarray.c:112 0x1781ec9 32
4 dynarray.c:113 0x1781939 24
4 path.c:254 0x17815c9 24
4 path.c:246 0x1781e09 10
4 path.c:31 0x1781969 6
4 path.c:31 0x17816e9 4
4 dynarray.c:112 0x1781709 16
4 dynarray.c:113 0x1781659 24
4 path.c:254 0x1781989 24
2 path.c:128 0x1781989 24
1 dynarray.c:84 0x1781f39 24
2 dynarray.c:95 0x1781659 16
2 path.c:90 0x17816e9 6
1 path.c:143 0x1781b39 6
2 path.c:178 0x1781e09 24
1 dynarray.c:84 0x1781709 24
2 dynarray.c:95 0x17815c9 16
2 path.c:191 0x1781969 6
2 path.c:205 0x1781889 6
3 path.c:223 0x1781969 0x1781969 6 6
4 path.c:246 0x1781969 6
4 path.c:31 0x1781889 6
4 dynarray.c:112 0x17815c9 16
4 dynarray.c:113 0x1781709 24
4 path.c:254 0x1781e09 24
4 path.c:246 0x1781b39 6
4 path.c:31 0x17816e9 6
4 dynarray.c:112 0x1781659 16
4 dynarray.c:113 0x1781f39 24
4 path.c:254 0x1781989 24
2 path.c:128 0x1781989 24
1 dynarray.c:84 0x1781939 24
2 dynarray.c:95 0x1781f39 16
2 path.c:90 0x17816e9 6
2 path.c:90 0x1781b39 7
1 path.c:143 0x17819b9 13
2 path.c:178 0x1781e09 24
1 dynarray.c:84 0x1781659 24
2 dynarray.c:95 0x1781709 16
2 path.c:191 0x1781889 13
2 path.c:205 0x17816c9 6
3 path.c:223 0x1781889 0x1781889 13 6
4 path.c:246 0x1781889 6
4 path.c:31 0x17816c9 6
4 dynarray.c:112 0x1781709 16
4 dynarray.c:113 0x1781659 24
4 path.c:254 0x1781e09 24
2 path.c:178 0x1781e09 24
1 dynarray.c:84 0x17815c9 24
2 dynarray.c:95 0x1781659 16
2 path.c:191 0x17816c9 13
2 path.c:205 0x1781889 6
2 path.c:205 0x17818a9 7
3 path.c:223 0x17816c9 0x17816c9 13 13
4 path.c:246 0x17816c9 13
4 path.c:31 0x1781889 6
4 path.c:31 0x17818a9 7
4 dynarray.c:112 0x1781659 16
4 dynarray.c:113 0x17815c9 24
4 path.c:254 0x1781e09 24
4 path.c:246 0x17819b9 13
4 path.c:31 0x17816e9 6
4 path.c:31 0x1781b39 7
4 dynarray.c:112 0x1781f39 16
4 dynarray.c:113 0x1781939 24
4 path.c:254 0x1781989 24
2 path.c:128 0x1781989 24
1 dynarray.c:84 0x1781709 24
2 dynarray.c:95 0x1781939 16
2 path.c:90 0x1781b39 6
2 path.c:90 0x17816e9 8
1 path.c:143 0x1781969 14
2 path.c:178 0x1781e09 24
1 dynarray.c:84 0x1781f39 24
2 dynarray.c:95 0x17815c9 16
2 path.c:191 0x17819b9 14
2 path.c:205 0x1781889 6
3 path.c:223 0x17819b9 0x17819b9 14 6
4 path.c:246 0x17819b9 6
4 path.c:31 0x1781889 6
4 dynarray.c:112 0x17815c9 16
4 dynarray.c:113 0x1781f39 24
4 path.c:254 0x1781e09 24
2 path.c:178 0x1781e09 24
1 dynarray.c:84 0x1781659 24
2 dynarray.c:95 0x1781f39 16
2 path.c:191 0x1781889 14
2 path.c:205 0x17819b9 6
2 path.c:205 0x17816c9 8
3 path.c:223 0x1781889 0x1781889 14 14
4 path.c:246 0x1781889 14
4 path.c:31 0x17819b9 6
4 path.c:31 0x17816c9 8
4 dynarray.c:112 0x1781f39 16
4 dynarray.c:113 0x1781659 24
4 path.c:254 0x1781e09 24
4 path.c:246 0x1781969 14
4 path.c:31 0x1781b39 6
4 path.c:31 0x17816e9 8
4 dynarray.c:112 0x1781939 16
4 dynarray.c:113 0x1781709 24
4 path.c:254 0x1781989 24
2 path.c:128 0x1781989 24
1 dynarray.c:84 0x17815c9 24
2 dynarray.c:95 0x1781709 16
2 path.c:90 0x17816e9 6
2 path.c:90 0x1781b39 7
1 path.c:143 0x17818a9 13
2 path.c:178 0x1781e09 24
1 dynarray.c:84 0x1781939 24
2 dynarray.c:95 0x1781659 16
2 path.c:191 0x1781969 13
2 path.c:205 0x17819b9 6
3 path.c:223 0x1781969 0x1781969 13 6
4 path.c:246 0x1781969 6
4 path.c:31 0x17819b9 6
4 dynarray.c:112 0x1781659 16
4 dynarray.c:113 0x1781939 24
4 path.c:254 0x1781e09 24
2 path.c:178 0x1781e09 24
1 dynarray.c:84 0x1781f39 24
2 dynarray.c:95 0x1781939 16
2 path.c:191 0x17819b9 13
2 path.c:205 0x1781969 6
2 path.c:205 0x1781889 7
3 path.c:223 0x17819b9 0x17819b9 13 13
4 path.c:246 0x17819b9 13
4 path.c:31 0x1781969 6
4 path.c:31 0x1781889 7
4 dynarray.c:112 0x1781939 16
4 dynarray.c:113 0x1781f39 24
4 path.c:254 0x1781e09 24
4 path.c:246 0x17818a9 13
4 path.c:31 0x17816e9 6
4 path.c:31 0x1781b39 7
4 dynarray.c:112 0x1781709 16
4 dynarray.c:113 0x17815c9 24
4 path.c:254 0x1781989 24
2 path.c:128 0x1781989 24
1 dynarray.c:84 0x1781659 24
2 dynarray.c:95 0x17815c9 16
2 path.c:90 0x1781b39 6
2 path.c:90 0x17816e9 4
1 path.c:143 0x17816c9 10
2 path.c:178 0x1781e09 24
1 dynarray.c:84 0x1781709 24
2 dynarray.c:95 0x1781f39 16
2 path.c:191 0x17818a9 10
2 path.c:205 0x1781969 6
3 path.c:223 0x17818a9 0x17818a9 10 6
4 path.c:246 0x17818a9 6
4 path.c:31 0x1781969 6
4 dynarray.c:112 0x1781f39 16
4 dynarray.c:113 0x1781709 24
4 path.c:254 0x1781e09 24
2 path.c:178 0x1781e09 24
1 dynarray.c:84 0x1781939 24
2 dynarray.c:95 0x1781709 16
2 path.c:191 0x1781969 10
2 path.c:205 0x17818a9 6
2 path.c:205 0x17819b9 4
3 path.c:223 0x1781969 0x1781969 10 10
4 path.c:246 0x1781969 10
4 path.c:31 0x17818a9 6
4 path.c:31 0x17819b9 4
4 dynarray.c:112 0x1781709 16
4 dynarray.c:113 0x1781939 24
4 path.c:254 0x1781e09 24
4 path.c:246 0x17816c9 10
4 path.c:31 0x1781b39 6
4 path.c:31 0x17816e9 4
4 dynarray.c:112 0x17815c9 16
4 dynarray.c:113 0x1781659 24
4 path.c:254 0x1781989 24
2 path.c:128 0x1781989 24
1 dynarray.c:84 0x1781f39 24
2 dynarray.c:95 0x1781659 16
2 path.c:90 0x17816e9 6
2 path.c:90 0x1781b39 4
2 path.c:90 0x17816c9 5
3 dynarray.c:69 0x1781f69 0x1781659 16 32
1 path.c:143 0x17815c9 15
2 path.c:178 0x1781659 24
1 dynarray.c:84 0x1781e09 24
2 dynarray.c:95 0x1781939 16
2 path.c:191 0x1781b09 15
2 path.c:205 0x17819b9 6
3 path.c:223 0x1781b09 0x1781b09 15 6
4 path.c:246 0x1781b09 6
4 path.c:31 0x17819b9 6
4 dynarray.c:112 0x1781939 16
4 dynarray.c:113 0x1781e09 24
4 path.c:254 0x1781659 24
2 path.c:178 0x1781659 24
1 dynarray.c:84 0x1781709 24
2 dynarray.c:95 0x1781e09 16
2 path.c:191 0x1781b09 15
2 path.c:205 0x17819b9 6
2 path.c:205 0x17818a9 4
3 path.c:223 0x1781b09 0x1781b09 15 10
4 path.c:246 0x1781b09 10
4 path.c:31 0x17819b9 6
4 path.c:31 0x17818a9 4
4 dynarray.c:112 0x1781e09 16
4 dynarray.c:113 0x1781709 24
4 path.c:254 0x1781659 24
4 path.c:246 0x17815c9 15
4 path.c:31 0x17816e9 6
4 path.c:31 0x1781b39 4
4 path.c:31 0x17816c9 5
4 dynarray.c:112 0x1781f69 32
4 dynarray.c:113 0x1781f39 24
4 path.c:254 0x1781989 24
2 path.c:128 0x1781989 24
1 dynarray.c:84 0x1781939 24
2 dynarray.c:95 0x1781f39 16
2 path.c:90 0x17816c9 6
2 path.c:90 0x1781b39 4
2 path.c:90 0x17816e9 5
3 dynarray.c:69 0x1781fa9 0x1781f39 16 32
2 path.c:90 0x17818a9 7
1 path.c:143 0x17815c9 22
2 path.c:178 0x1781f39 24
1 dynarray.c:84 0x1781659 24
2 dynarray.c:95 0x1781709 16
2 path.c:191 0x1781b09 22
2 path.c:205 0x17819b9 6
3 path.c:223 0x1781b09 0x1781b09 22 6
4 path.c:246 0x1781b09 6
4 path.c:31 0x17819b9 6
4 dynarray.c:112 0x1781709 16
4 dynarray.c:113 0x1781659 24
4 path.c:254 0x1781f39 24
2 path.c:178 0x1781f39 24
1 dynarray.c:84 0x1781e09 24
2 dynarray.c:95 0x1781659 16
2 path.c:191 0x1781b09 22
2 path.c:205 0x17819b9 6
2 path.c:205 0x1781969 4
3 path.c:223 0x1781b09 0x1781b09 22 10
4 path.c:246 0x1781b09 10
4 path.c:31 0x17819b9 6
4 path.c:31 0x1781969 4
4 dynarray.c:112 0x1781659 16
4 dynarray.c:113 0x1781e09 24
4 path.c:254 0x1781f39 24
4 path.c:246 0x17815c9 22
4 path.c:31 0x17816c9 6
4 path.c:31 0x1781b39 4
4 path.c:31 0x17816e9 5
4 path.c:31 0x17818a9 7
4 dynarray.c:112 0x1781fa9 32
4 dynarray.c:113 0x1781939 24
4 path.c:254 0x1781989 24
1 dynarray.c:84 0x1781709 24
2 dynarray.c:95 0x1781fe9 32
1 bdtBad4.c:663 0x1782029 55
4 dynarray.c:112 0x1781fe9 32
4 dynarray.c:113 0x1781709 24
6 bdt_client.c:82 0x1782029
4 bdt_client.c:82 0x1782029 55
2 path.c:128 0x1781989 24
1 dynarray.c:84 0x1781709 24
2 dynarray.c:95 0x1781939 16
2 path.c:90 0x17818a9 6
2 path.c:90 0x17816e9 7
2 path.c:90 0x1781b39 12
3 dynarray.c:69 0x1782079 0x1781939 16 32
1 path.c:143 0x17815c9 25
2 path.c:178 0x1781939 24
1 dynarray.c:84 0x1781f39 24
2 dynarray.c:95 0x1781e09 16
2 path.c:191 0x1781b09 25
2 path.c:205 0x17816c9 6
3 path.c:223 0x1781b09 0x1781b09 25 6
4 path.c:246 0x1781b09 6
4 path.c:31 0x17816c9 6
4 dynarray.c:112 0x1781e09 16
4 dynarray.c:113 0x1781f39 24
4 path.c:254 0x1781939 24
2 path.c:178 0x1781939 24
1 dynarray.c:84 0x1781659 24
2 dynarray.c:95 0x1781f39 16
2 path.c:191 0x1781b09 25
2 path.c:205 0x17816c9 6
2 path.c:205 0x1781969 7
3 path.c:223 0x1781b09 0x1781b09 25 13
4 path.c:246 0x1781b09 13
4 path.c:31 0x17816c9 6
4 path.c:31 0x1781969 7
4 dynarray.c:112 0x1781f39 16
4 dynarray.c:113 0x1781659 24
4 path.c:254 0x1781939 24
2 path.c:178 0x1781939 24
1 dynarray.c:84 0x1781e09 24
2 dynarray.c:95 0x1781659 24
2 path.c:191 0x1781b09 25
2 path.c:205 0x1781969 6
2 path.c:205 0x17816c9 7
2 path.c:205 0x17819b9 12
3 path.c:223 0x1781b09 0x1781b09 25 25
4 path.c:246 0x1781b09 25
4 path.c:31 0x1781969 6
4 path.c:31 0x17816c9 7
4 path.c:31 0x17819b9 12
4 dynarray.c:112 0x1781659 24
4 dynarray.c:113 0x1781e09 24
4 path.c:254 0x1781939 24
4 path.c:246 0x17815c9 25
4 path.c:31 0x17818a9 6
4 path.c:31 0x17816e9 7
4 path.c:31 0x1781b39 12
4 dynarray.c:112 0x1782079 32
4 dynarray.c:113 0x1781709 24
4 path.c:254 0x1781989 24
2 path.c:128 0x1781989 24
1 dynarray.c:84 0x1781f39 24
2 dynarray.c:95 0x1781709 16
2 path.c:90 0x1781b39 6
2 path.c:90 0x17816e9 8
2 path.c:90 0x17818a9 12
3 dynarray.c:69 0x1782079 0x1781709 16 32
1 path.c:143 0x17815c9 26
2 path.c:178 0x1781709 24
1 dynarray.c:84 0x1781939 24
2 dynarray.c:95 0x1781e09 16
2 path.c:191 0x1781b09 26
2 path.c:205 0x17819b9 6
3 path.c:223 0x1781b09 0x1781b09 26 6
4 path.c:246 0x1781b09 6
4 path.c:31 0x17819b9 6
4 dynarray.c:112 0x1781e09 16
4 dynarray.c:113 0x1781939 24
4 path.c:254 0x1781709 24
2 path.c:178 0x1781709 24
1 dynarray.c:84 0x1781659 24
2 dynarray.c:95 0x1781939 16
2 path.c:191 0x1781b09 26
2 path.c:205 0x17819b9 6
2 path.c:205 0x17816c9 8
3 path.c:223 0x1781b09 0x1781b09 26 14
4 path.c:246 0x1781b09 14
4 path.c:31 0x17819b9 6
4 path.c:31 0x17816c9 8
4 dynarray.c:112 0x1781939 16
4 dynarray.c:113 0x1781659 24
4 path.c:254 0x1781709 24
2 path.c:178 0x1781709 24
1 dynarray.c:84 0x1781e09 24
2 dynarray.c:95 0x1781659 24
2 path.c:191 0x1781b09 26
2 path.c:205 0x17816c9 6
2 path.c:205 0x17819b9 8
2 path.c:205 0x1781969 12
3 path.c:223 0x1781b09 0x1781b09 26 26
4 path.c:246 0x1781b09 26
4 path.c:31 0x17816c9 6
4 path.c:31 0x17819b9 8
4 path.c:31 0x1781969 12
4 dynarray.c:112 0x1781659 24
4 dynarray.c:113 0x1781e09 24
4 path.c:254 0x1781709 24
4 path.c:246 0x17815c9 26
4 path.c:31 0x1781b39 6
4 path.c:31 0x17816e9 8
4 path.c:31 0x17818a9 12
4 dynarray.c:112 0x1782079 32
4 dynarray.c:113 0x1781f39 24
4 path.c:254 0x1781989 24
2 path.c:128 0x1781989 24
1 dynarray.c:84 0x1781939 24
2 dynarray.c:95 0x1781f39 16
2 path.c:90 0x17818a9 6
2 path.c:90 0x17816e9 8
2 path.c:90 0x1781b39 12
3 dynarray.c:69 0x1782079 0x1781f39 16 32
1 path.c:143 0x17815c9 26
2 path.c:178 0x1781f39 24
1 dynarray.c:84 0x1781709 24
2 dynarray.c:95 0x1781e09 16
2 path.c:191 0x1781b09 26
2 path.c:205 0x1781969 6
3 path.c:223 0x1781b09 0x1781b09 26 6
4 path.c:246 0x1781b09 6
4 path.c:31 0x1781969 6
4 dynarray.c:112 0x1781e09 16
4 dynarray.c:113 0x1781709 24
4 path.c:254 0x1781f39 24
2 path.c:178 0x1781f39 24
1 dynarray.c:84 0x1781659 24
2 dynarray.c:95 0x1781709 16
2 path.c:191 0x1781b09 26
2 path.c:205 0x1781969 6
2 path.c:205 0x17819b9 8
3 path.c:223 0x1781b09 0x1781b09 26 14
4 path.c:246 0x1781b09 14
4 path.c:31 0x1781969 6
4 path.c:31 0x17819b9 8
4 dynarray.c:112 0x1781709 16
4 dynarray.c:113 0x1781659 24
4 path.c:254 0x1781f39 24
2 path.c:178 0x1781f39 24
1 dynarray.c:84 0x1781e09 24
2 dynarray.c:95 0x1781659 24
2 path.c:191 0x1781b09 26
2 path.c:205 0x17819b9 6
2 path.c:205 0x1781969 8
2 path.c:205 0x17816c9 12
3 path.c:223 0x1781b09 0x1781b09 26 26
4 path.c:246 0x1781b09 26
4 path.c:31 0x17819b9 6
4 path.c:31 0x1781969 8
4 path.c:31 0x17816c9 12
4 dynarray.c:112 0x1781659 24
4 dynarray.c:113 0x1781e09 24
4 path.c:254 0x1781f39 24
2 path.c:178 0x1781f39 24
1 dynarray.c:84 0x1781709 24
2 dynarray.c:95 0x1781e09 24
2 path.c:191 0x1781b09 26
2 path.c:205 0x17816c9 6
2 path.c:205 0x1781969 8
2 path.c:205 0x17819b9 12
3 path.c:223 0x1781b09 0x1781b09 26 26
1 bdtBad4.c:143 0x1781fe9 32
2 path.c:178 0x1781f09 24
1 dynarray.c:84 0x1781659 24
2 dynarray.c:95 0x1781629 24
2 path.c:191 0x17820b9 26
2 path.c:205 0x1781e69 6
2 path.c:205 0x1781e89 8
2 path.c:205 0x1781ea9 12
3 path.c:223 0x17820b9 0x17820b9 26 26
4 path.c:246 0x1781b09 26
4 path.c:31 0x17816c9 6
4 path.c:31 0x1781969 8
4 path.c:31 0x17819b9 12
4 dynarray.c:112 0x1781e09 24
4 dynarray.c:113 0x1781709 24
4 path.c:254 0x1781f39 24
4 path.c:246 0x17815c9 26
4 path.c:31 0x17818a9 6
4 path.c:31 0x17816e9 8
4 path.c:31 0x1781b39 12
4 dynarray.c:112 0x1782079 32
4 dynarray.c:113 0x1781939 24
4 path.c:254 0x1781989 24
2 path.c:128 0x1781989 24
1 dynarray.c:84 0x1781b09 24
2 dynarray.c:95 0x1781939 16
2 path.c:90 0x1781b39 6
2 path.c:90 0x17816e9 7
2 path.c:90 0x17818a9 12
3 dynarray.c:69 0x17820e9 0x1781939 16 32
1 path.c:143 0x17815c9 25
2 path.c:178 0x1781939 24
1 dynarray.c:84 0x1781f39 24
2 dynarray.c:95 0x1781709 16
2 path.c:191 0x1782129 25
2 path.c:205 0x17819b9 6
3 path.c:223 0x1782129 0x1782129 25 6
4 path.c:246 0x1782129 6
4 path.c:31 0x17819b9 6
4 dynarray.c:112 0x1781709 16
4 dynarray.c:113 0x1781f39 24
4 path.c:254 0x1781939 24
2 path.c:178 0x1781939 24
1 dynarray.c:84 0x1781e09 24
2 dynarray.c:95 0x1781f39 16
2 path.c:191 0x1782129 25
2 path.c:205 0x17819b9 6
2 path.c:205 0x1781969 7
3 path.c:223 0x1782129 0x1782129 25 13
4 path.c:246 0x1782129 13
4 path.c:31 0x17819b9 6
4 path.c:31 0x1781969 7
4 dynarray.c:112 0x1781f39 16
4 dynarray.c:113 0x1781e09 24
4 path.c:254 0x1781939 24
2 path.c:178 0x1781939 24
1 dynarray.c:84 0x1781709 24
2 dynarray.c:95 0x1781e09 24
2 path.c:191 0x1782129 25
2 path.c:205 0x1781969 6
2 path.c:205 0x17819b9 7
2 path.c:205 0x17816c9 12
3 path.c:223 0x1782129 0x1782129 25 25
4 path.c:246 0x1782129 25
4 path.c:31 0x1781969 6
4 path.c:31 0x17819b9 7
4 path.c:31 0x17816c9 12
4 dynarray.c:112 0x1781e09 24
4 dynarray.c:113 0x1781709 24
4 path.c:254 0x1781939 24
4 path.c:246 0x17815c9 25
4 path.c:31 0x1781b39 6
4 path.c:31 0x17816e9 7
4 path.c:31 0x17818a9 12
4 dynarray.c:112 0x17820e9 32
4 dynarray.c:113 0x1781b09 24
4 path.c:254 0x1781989 24
2 path.c:128 0x1781989 24
1 dynarray.c:84 0x1781f39 24
2 dynarray.c:95 0x1781b09 16
2 path.c:90 0x17818a9 6
2 path.c:90 0x17816e9 8
2 path.c:90 0x1781b39 12
3 dynarray.c:69 0x17820e9 0x1781b09 16 32
1 path.c:143 0x17815c9 26
2 path.c:178 0x1781b09 24
1 dynarray.c:84 0x1781939 24
2 dynarray.c:95 0x1781709 16
2 path.c:191 0x1782129 26
2 path.c:205 0x17816c9 6
3 path.c:223 0x1782129 0x1782129 26 6
4 path.c:246 0x1782129 6
4 path.c:31 0x17816c9 6
4 dynarray.c:112 0x1781709 16
4 dynarray.c:113 0x1781939 24
4 path.c:254 0x1781b09 24
2 path.c:178 0x1781b09 24
1 dynarray.c:84 0x1781e09 24
2 dynarray.c:95 0x1781939 16
2 path.c:191 0x1782129 26
2 path.c:205 0x17816c9 6
2 path.c:205 0x17819b9 8
3 path.c:223 0x1782129 0x1782129 26 14
4 path.c:246 0x1782129 14
4 path.c:31 0x17816c9 6
4 path.c:31 0x17819b9 8
4 dynarray.c:112 0x1781939 16
4 dynarray.c:113 0x1781e09 24
4 path.c:254 0x1781b09 24
2 path.c:178 0x1781b09 24
1 dynarray.c:84 0x1781709 24
2 dynarray.c:95 0x1781e09 24
2 path.c:191 0x1782129 26
2 path.c:205 0x17819b9 6
2 path.c:205 0x17816c9 8
2 path.c:205 0x1781969 12
3 path.c:223 0x1782129 0x1782129 26 26
4 path.c:246 0x1782129 26
4 path.c:31 0x17819b9 6
4 path.c:31 0x17816c9 8
4 path.c:31 0x1781969 12
4 dynarray.c:112 0x1781e09 24
4 dynarray.c:113 0x1781709 24
4 path.c:254 0x1781b09 24
4 path.c:246 0x17815c9 26
4 path.c:31 0x17818a9 6
4 path.c:31 0x17816e9 8
4 path.c:31 0x1781b39 12
4 dynarray.c:112 0x17820e9 32
4 dynarray.c:113 0x1781f39 24
4 path.c:254 0x1781989 24
2 path.c:128 0x1781989 24
1 dynarray.c:84 0x1781939 24
2 dynarray.c:95 0x1781f39 16
2 path.c:90 0x1781b39 6
2 path.c:90 0x17816e9 8
2 path.c:90 0x17818a9 12
3 dynarray.c:69 0x17820e9 0x1781f39 16 32
1 path.c:143 0x17815c9 26
2 path.c:178 0x1781f39 24
1 dynarray.c:84 0x1781b09 24
2 dynarray.c:95 0x1781709 16
2 path.c:191 0x1782129 26
2 path.c:205 0x1781969 6
3 path.c:223 0x1782129 0x1782129 26 6
4 path.c:246 0x1782129 6
4 path.c:31 0x1781969 6
4 dynarray.c:112 0x1781709 16
4 dynarray.c:113 0x1781b09 24
4 path.c:254 0x1781f39 24
2 path.c:178 0x1781f39 24
1 dynarray.c:84 0x1781e09 24
2 dynarray.c:95 0x1781b09 16
2 path.c:191 0x1782129 26
2 path.c:205 0x1781969 6
2 path.c:205 0x17816c9 8
3 path.c:223 0x1782129 0x1782129 26 14
4 path.c:246 0x1782129 14
4 path.c:31 0x1781969 6
4 path.c:31 0x17816c9 8
4 dynarray.c:112 0x1781b09 16
4 dynarray.c:113 0x1781e09 24
4 path.c:254 0x1781f39 24
2 path.c:178 0x1781f39 24
1 dynarray.c:84 0x1781709 24
2 dynarray.c:95 0x1781e09 24
2 path.c:191 0x1782129 26
2 path.c:205 0x17816c9 6
2 path.c:205 0x1781969 8
2 path.c:205 0x17819b9 12
3 path.c:223 0x1782129 0x1782129 26 26
4 path.c:246 0x1782129 26
4 path.c:31 0x17816c9 6
4 path.c:31 0x1781969 8
4 path.c:31 0x17819b9 12
4 dynarray.c:112 0x1781e09 24
4 dynarray.c:113 0x1781709 24
4 path.c:254 0x1781f39 24
4 path.c:246 0x17815c9 26
4 path.c:31 0x1781b39 6
4 path.c:31 0x17816e9 8
4 path.c:31 0x17818a9 12
4 dynarray.c:112 0x17820e9 32
4 dynarray.c:113 0x1781939 24
4 path.c:254 0x1781989 24
2 path.c:128 0x1781989 24
1 dynarray.c:84 0x1781b09 24
2 dynarray.c:95 0x1781939 16
2 path.c:90 0x17818a9 6
2 path.c:90 0x17816e9 8
2 path.c:90 0x1781b39 12
3 dynarray.c:69 0x17820e9 0x1781939 16 32
2 path.c:90 0x17819b9 6
1 path.c:143 0x1782079 32
2 path.c:178 0x1781939 24
1 dynarray.c:84 0x17815c9 24
2 dynarray.c:95 0x1781f39 16
2 path.c:191 0x1782159 32
2 path.c:205 0x1781969 6
3 path.c:223 0x1782159 0x1782159 32 6
4 path.c:246 0x1782159 6
4 path.c:31 0x1781969 6
4 dynarray.c:112 0x1781f39 16
4 dynarray.c:113 0x17815c9 24
4 path.c:254 0x1781939 24
2 path.c:178 0x1781939 24
1 dynarray.c:84 0x1781709 24
2 dynarray.c:95 0x17815c9 16
2 path.c:191 0x1782199 32
2 path.c:205 0x1781969 6
2 path.c:205 0x1782159 8
3 path.c:223 0x1782199 0x1782199 32 14
4 path.c:246 0x1782199 14
4 path.c:31 0x1781969 6
4 path.c:31 0x1782159 8
4 dynarray.c:112 0x17815c9 16
4 dynarray.c:113 0x1781709 24
4 path.c:254 0x1781939 24
2 path.c:178 0x1781939 24
1 dynarray.c:84 0x1781f39 24
2 dynarray.c:95 0x1781709 24
2 path.c:191 0x17821d9 32
2 path.c:205 0x1782159 6
2 path.c:205 0x1781969 8
2 path.c:205 0x1782199 12
3 path.c:223 0x17821d9 0x17821d9 32 26
4 path.c:246 0x17821d9 26
4 path.c:31 0x1782159 6
4 path.c:31 0x1781969 8
4 path.c:31 0x1782199 12
4 dynarray.c:112 0x1781709 24
4 dynarray.c:113 0x1781f39 24
4 path.c:254 0x1781939 24
2 path.c:178 0x1781939 24
1 dynarray.c:84 0x17815c9 24
2 dynarray.c:95 0x1782219 32
2 path.c:191 0x1782259 32
2 path.c:205 0x1782199 6
2 path.c:205 0x1781969 8
2 path.c:205 0x1782159 12
2 path.c:205 0x17821b9 6
3 path.c:223 0x1782259 0x1782259 32 32
4 path.c:246 0x1782259 32
4 path.c:31 0x1782199 6
4 path.c:31 0x1781969 8
4 path.c:31 0x1782159 12
4 path.c:31 0x17821b9 6
4 dynarray.c:112 0x1782219 32
4 dynarray.c:113 0x17815c9 24
4 path.c:254 0x1781939 24
2 path.c:178 0x1781939 24
1 dynarray.c:84 0x17815c9 24
2 dynarray.c:95 0x1782219 32
2 path.c:191 0x1782259 32
2 path.c:205 0x17821b9 6
2 path.c:205 0x1782159 8
2 path.c:205 0x1781969 12
2 path.c:205 0x1782199 6
3 path.c:223 0x1782259 0x1782259 32 32
1 bdtBad4.c:143 0x17821d9 32
2 path.c:178 0x1781f39 24
1 dynarray.c:84 0x1781709 24
2 dynarray.c:95 0x1782299 32
2 path.c:191 0x17822d9 32
2 path.c:205 0x1782179 6
2 path.c:205 0x17816c9 8
2 path.c:205 0x1782319 12
2 path.c:205 0x1782339 6
3 path.c:223 0x17822d9 0x17822d9 32 32
4 path.c:246 0x1782259 32
4 path.c:31 0x17821b9 6
4 path.c:31 0x1782159 8
4 path.c:31 0x1781969 12
4 path.c:31 0x1782199 6
4 dynarray.c:112 0x1782219 32
4 dynarray.c:113 0x17815c9 24
4 path.c:254 0x1781939 24
4 path.c:246 0x1782079 32
4 path.c:31 0x17818a9 6
4 path.c:31 0x17816e9 8
4 path.c:31 0x1781b39 12
4 path.c:31 0x17819b9 6
4 dynarray.c:112 0x17820e9 32
4 dynarray.c:113 0x1781b09 24
4 path.c:254 0x1781989 24
2 path.c:128 0x1781989 24
1 dynarray.c:84 0x17815c9 24
2 dynarray.c:95 0x1781b09 16
2 path.c:90 0x17819b9 6
2 path.c:90 0x1781b39 8
2 path.c:90 0x17816e9 12
3 dynarray.c:69 0x17820e9 0x1781b09 16 32
2 path.c:90 0x17818a9 6
1 path.c:143 0x1782259 32
2 path.c:178 0x1781b09 24
1 dynarray.c:84 0x1781939 24
2 dynarray.c:95 0x1781e09 16
2 path.c:191 0x1782079 32
2 path.c:205 0x1782199 6
3 path.c:223 0x1782079 0x1782079 32 6
4 path.c:246 0x1782079 6
4 path.c:31 0x1782199 6
4 dynarray.c:112 0x1781e09 16
4 dynarray.c:113 0x1781939 24
4 path.c:254 0x1781b09 24
2 path.c:178 0x1781b09 24
1 dynarray.c:84 0x1782129 24
2 dynarray.c:95 0x1781939 16
2 path.c:191 0x1782359 32
2 path.c:205 0x1782199 6
2 path.c:205 0x1782079 8
3 path.c:223 0x1782359 0x1782359 32 14
4 path.c:246 0x1782359 14
4 path.c:31 0x1782199 6
4 path.c:31 0x1782079 8
4 dynarray.c:112 0x1781939 16
4 dynarray.c:113 0x1782129 24
4 path.c:254 0x1781b09 24
2 path.c:178 0x1781b09 24
1 dynarray.c:84 0x1781e09 24
2 dynarray.c:95 0x1782129 24
2 path.c:191 0x1782399 32
2 path.c:205 0x1782079 6
2 path.c:205 0x1782199 8
2 path.c:205 0x1782359 12
3 path.c:223 0x1782399 0x1782399 32 26
4 path.c:246 0x1782399 26
4 path.c:31 0x1782079 6
4 path.c:31 0x1782199 8
4 path.c:31 0x1782359 12
4 dynarray.c:112 0x1782129 24
4 dynarray.c:113 0x1781e09 24
4 path.c:254 0x1781b09 24
2 path.c:178 0x1781b09 24
1 dynarray.c:84 0x1781939 24
2 dynarray.c:95 0x1782399 32
2 path.c:191 0x17823d9 32
2 path.c:205 0x1782359 6
2 path.c:205 0x1782199 8
2 path.c:205 0x1782079 12
2 path.c:205 0x1782379 6
3 path.c:223 0x17823d9 0x17823d9 32 32
4 path.c:246 0x17823d9 32
4 path.c:31 0x1782359 6
4 path.c:31 0x1782199 8
4 path.c:31 0x1782079 12
4 path.c:31 0x1782379 6
4 dynarray.c:112 0x1782399 32
4 dynarray.c:113 0x1781939 24
4 path.c:254 0x1781b09 24
4 path.c:246 0x1782259 32
4 path.c:31 0x17819b9 6
4 path.c:31 0x1781b39 8
4 path.c:31 0x17816e9 12
4 path.c:31 0x17818a9 6
4 dynarray.c:112 0x17820e9 32
4 dynarray.c:113 0x17815c9 24
4 path.c:254 0x1781989 24
1 dynarray.c:84 0x1781939 24
2 dynarray.c:95 0x1782419 48
1 bdtBad4.c:663 0x1782469 111
4 dynarray.c:112 0x1782419 48
4 dynarray.c:113 0x1781939 24
6 bdt_client.c:96 0x1782469
4 bdt_client.c:96 0x1782469 111
2 path.c:128 0x1781989 24
1 dynarray.c:84 0x1781939 24
2 dynarray.c:95 0x17815c9 16
2 path.c:90 0x17818a9 6
2 path.c:90 0x17816e9 8
2 path.c:90 0x1781b39 12
3 dynarray.c:69 0x17820e9 0x17815c9 16 32
2 path.c:90 0x17819b9 6
1 path.c:143 0x1782219 32
2 path.c:178 0x17815c9 24
1 dynarray.c:84 0x1781b09 24
2 dynarray.c:95 0x1781e09 16
2 path.c:191 0x1782259 32
2 path.c:205 0x1782379 6
3 path.c:223 0x1782259 0x1782259 32 6
4 path.c:246 0x1782259 6
4 path.c:31 0x1782379 6
4 dynarray.c:112 0x1781e09 16
4 dynarray.c:113 0x1781b09 24
4 path.c:254 0x17815c9 24
2 path.c:178 0x17815c9 24
1 dynarray.c:84 0x1782129 24
2 dynarray.c:95 0x1781b09 16
2 path.c:191 0x17823d9 32
2 path.c:205 0x1782379 6
2 path.c:205 0x1782259 8
3 path.c:223 0x17823d9 0x17823d9 32 14
4 path.c:246 0x17823d9 14
4 path.c:31 0x1782379 6
4 path.c:31 0x1782259 8
4 dynarray.c:112 0x1781b09 16
4 dynarray.c:113 0x1782129 24
4 path.c:254 0x17815c9 24
2 path.c:178 0x17815c9 24
1 dynarray.c:84 0x1781e09 24
2 dynarray.c:95 0x1782129 24
2 path.c:191 0x17824f9 32
2 path.c:205 0x1782259 6
2 path.c:205 0x1782379 8
2 path.c:205 0x17823d9 12
3 path.c:223 0x17824f9 0x17824f9 32 26
4 path.c:246 0x17824f9 26
4 path.c:31 0x1782259 6
4 path.c:31 0x1782379 8
4 path.c:31 0x17823d9 12
4 dynarray.c:112 0x1782129 24
4 dynarray.c:113 0x1781e09 24
4 path.c:254 0x17815c9 24
2 path.c:178 0x17815c9 24
1 dynarray.c:84 0x1781b09 24
2 dynarray.c:95 0x17824f9 32
2 path.c:191 0x1782539 32
2 path.c:205 0x17823d9 6
2 path.c:205 0x1782379 8
2 path.c:205 0x1782259 12
2 path.c:205 0x17823f9 6
3 path.c:223 0x1782539 0x1782539 32 32
4 path.c:246 0x1782539 32
4 path.c:31 0x17823d9 6
4 path.c:31 0x1782379 8
4 path.c:31 0x1782259 12
4 path.c:31 0x17823f9 6
4 dynarray.c:112 0x17824f9 32
4 dynarray.c:113 0x1781b09 24
4 path.c:254 0x17815c9 24
4 path.c:246 0x1782219 32
4 path.c:31 0x17818a9 6
4 path.c:31 0x17816e9 8
4 path.c:31 0x1781b39 12
4 path.c:31 0x17819b9 6
4 dynarray.c:112 0x17820e9 32
4 dynarray.c:113 0x1781939 24
4 path.c:254 0x1781989 24
2 path.c:128 0x1781989 24
1 dynarray.c:84 0x1781b09 24
2 dynarray.c:95 0x1781939 16
2 path.c:90 0x17819b9 6
2 path.c:90 0x1781b39 8
2 path.c:90 0x17816e9 8
3 dynarray.c:69 0x17820e9 0x1781939 16 32
1 path.c:143 0x17815c9 22
2 path.c:178 0x1781939 24
1 dynarray.c:84 0x1781e09 24
2 dynarray.c:95 0x1782129 16
2 path.c:191 0x1782579 22
2 path.c:205 0x17818a9 6
3 path.c:223 0x1782579 0x1782579 22 6
4 path.c:246 0x1782579 6
4 path.c:31 0x17818a9 6
4 dynarray.c:112 0x1782129 16
4 dynarray.c:113 0x1781e09 24
4 path.c:254 0x1781939 24
2 path.c:178 0x1781939 24
1 dynarray.c:84 0x1782579 24
2 dynarray.c:95 0x1781e09 16
2 path.c:191 0x17825a9 22
2 path.c:205 0x17818a9 6
2 path.c:205 0x17823f9 8
3 path.c:223 0x17825a9 0x17825a9 22 14
4 path.c:246 0x17825a9 14
4 path.c:31 0x17818a9 6
4 path.c:31 0x17823f9 8
4 dynarray.c:112 0x1781e09 16
4 dynarray.c:113 0x1782579 24
4 path.c:254 0x1781939 24
2 path.c:178 0x1781939 24
1 dynarray.c:84 0x1782129 24
2 dynarray.c:95 0x1782579 24
2 path.c:191 0x17825a9 22
2 path.c:205 0x17823f9 6
2 path.c:205 0x17818a9 8
2 path.c:205 0x1782259 8
3 path.c:223 0x17825a9 0x17825a9 22 22
4 path.c:246 0x17825a9 22
4 path.c:31 0x17823f9 6
4 path.c:31 0x17818a9 8
4 path.c:31 0x1782259 8
4 dynarray.c:112 0x1782579 24
4 dynarray.c:113 0x1782129 24
4 path.c:254 0x1781939 24
4 path.c:246 0x17815c9 22
4 path.c:31 0x17819b9 6
4 path.c:31 0x1781b39 8
4 path.c:31 0x17816e9 8
4 dynarray.c:112 0x17820e9 32
4 dynarray.c:113 0x1781b09 24
4 path.c:254 0x1781989 24
2 path.c:128 0x1781989 24
1 dynarray.c:84 0x1781e09 24
2 dynarray.c:95 0x1781b09 16
2 path.c:90 0x17816e9 6
2 path.c:90 0x1781b39 8
2 path.c:90 0x17819b9 8
3 dynarray.c:69 0x17820e9 0x1781b09 16 32
1 path.c:143 0x17815c9 22
2 path.c:178 0x1781b09 24
1 dynarray.c:84 0x1781939 24
2 dynarray.c:95 0x1782129 16
2 path.c:191 0x17825a9 22
2 path.c:205 0x1782259 6
3 path.c:223 0x17825a9 0x17825a9 22 6
4 path.c:246 0x17825a9 6
4 path.c:31 0x1782259 6
4 dynarray.c:112 0x1782129 16
4 dynarray.c:113 0x1781939 24
4 path.c:254 0x1781b09 24
2 path.c:178 0x1781b09 24
1 dynarray.c:84 0x1782579 24
2 dynarray.c:95 0x1781939 16
2 path.c:191 0x17825a9 22
2 path.c:205 0x1782259 6
2 path.c:205 0x17818a9 8
3 path.c:223 0x17825a9 0x17825a9 22 14
4 path.c:246 0x17825a9 14
4 path.c:31 0x1782259 6
4 path.c:31 0x17818a9 8
4 dynarray.c:112 0x1781939 16
4 dynarray.c:113 0x1782579 24
4 path.c:254 0x1781b09 24
2 path.c:178 0x1781b09 24
1 dynarray.c:84 0x1782129 24
2 dynarray.c:95 0x1782579 24
2 path.c:191 0x17825a9 22
2 path.c:205 0x17818a9 6
2 path.c:205 0x1782259 8
2 path.c:205 0x17823f9 8
3 path.c:223 0x17825a9 0x17825a9 22 22
4 path.c:246 0x17825a9 22
4 path.c:31 0x17818a9 6
4 path.c:31 0x1782259 8
4 path.c:31 0x17823f9 8
4 dynarray.c:112 0x1782579 24
4 dynarray.c:113 0x1782129 24
4 path.c:254 0x1781b09 24
4 path.c:246 0x17815c9 22
4 path.c:31 0x17816e9 6
4 path.c:31 0x1781b39 8
4 path.c:31 0x17819b9 8
4 dynarray.c:112 0x17820e9 32
4 dynarray.c:113 0x1781e09 24
4 path.c:254 0x1781989 24
2 path.c:128 0x1781989 24
1 dynarray.c:84 0x1781939 24
2 dynarray.c:95 0x1781e09 16
2 path.c:90 0x17819b9 6
2 path.c:90 0x1781b39 8
2 path.c:90 0x17816e9 8
3 dynarray.c:69 0x17820e9 0x1781e09 16 32
1 path.c:143 0x17815c9 22
2 path.c:178 0x1781e09 24
1 dynarray.c:84 0x1781b09 24
2 dynarray.c:95 0x1782129 16
2 path.c:191 0x17825a9 22
2 path.c:205 0x17823f9 6
3 path.c:223 0x17825a9 0x17825a9 22 6
4 path.c:246 0x17825a9 6
4 path.c:31 0x17823f9 6
4 dynarray.c:112 0x1782129 16
4 dynarray.c:113 0x1781b09 24
4 path.c:254 0x1781e09 24
2 path.c:178 0x1781e09 24
1 dynarray.c:84 0x1782579 24
2 dynarray.c:95 0x1781b09 16
2 path.c:191 0x17825a9 22
2 path.c:205 0x17823f9 6
2 path.c:205 0x1782259 8
3 path.c:223 0x17825a9 0x17825a9 22 14
4 path.c:246 0x17825a9 14
4 path.c:31 0x17823f9 6
4 path.c:31 0x1782259 8
4 dynarray.c:112 0x1781b09 16
4 dynarray.c:113 0x1782579 24
4 path.c:254 0x1781e09 24
2 path.c:178 0x1781e09 24
1 dynarray.c:84 0x1782129 24
2 dynarray.c:95 0x1782579 24
2 path.c:191 0x17825a9 22
2 path.c:205 0x1782259 6
2 path.c:205 0x17823f9 8
2 path.c:205 0x17818a9 8
3 path.c:223 0x17825a9 0x17825a9 22 22
4 path.c:246 0x17825a9 22
4 path.c:31 0x1782259 6
4 path.c:31 0x17823f9 8
4 path.c:31 0x17818a9 8
4 dynarray.c:112 0x1782579 24
4 dynarray.c:113 0x1782129 24
4 path.c:254 0x1781e09 24
4 path.c:246 0x17815c9 22
4 path.c:31 0x17819b9 6
4 path.c:31 0x1781b39 8
4 path.c:31 0x17816e9 8
4 dynarray.c:112 0x17820e9 32
4 dynarray.c:113 0x1781939 24
4 path.c:254 0x1781989 24
2 path.c:128 0x1781989 24
1 dynarray.c:84 0x1781b09 24
2 dynarray.c:95 0x1781939 16
2 path.c:90 0x17816e9 6
2 path.c:90 0x1781b39 8
1 path.c:143 0x1781889 14
2 path.c:178 0x1781e09 24
1 dynarray.c:84 0x17815c9 24
2 dynarray.c:95 0x1782129 16
2 path.c:191 0x17819b9 14
2 path.c:205 0x17823f9 6
3 path.c:223 0x17819b9 0x17819b9 14 6
4 path.c:246 0x17819b9 6
4 path.c:31 0x17823f9 6
4 dynarray.c:112 0x1782129 16
4 dynarray.c:113 0x17815c9 24
4 path.c:254 0x1781e09 24
2 path.c:178 0x1781e09 24
1 dynarray.c:84 0x1782579 24
2 dynarray.c:95 0x17815c9 16
2 path.c:191 0x17823f9 14
2 path.c:205 0x17819b9 6
2 path.c:205 0x1782259 8
3 path.c:223 0x17823f9 0x17823f9 14 14
4 path.c:246 0x17823f9 14
4 path.c:31 0x17819b9 6
4 path.c:31 0x1782259 8
4 dynarray.c:112 0x17815c9 16
4 dynarray.c:113 0x1782579 24
4 path.c:254 0x1781e09 24
4 path.c:246 0x1781889 14
4 path.c:31 0x17816e9 6
4 path.c:31 0x1781b39 8
4 dynarray.c:112 0x1781939 16
4 dynarray.c:113 0x1781b09 24
4 path.c:254 0x1781989 24
4 path.c:246 0x17822d9 32
4 path.c:31 0x1782179 6
4 path.c:31 0x17816c9 8
4 path.c:31 0x1782319 12
4 path.c:31 0x1782339 6
4 dynarray.c:112 0x1782299 32
4 dynarray.c:113 0x1781709 24
4 path.c:254 0x1781f39 24
4 bdtBad4.c:263 0x17821d9 32
4 path.c:246 0x17820b9 26
4 path.c:31 0x1781e69 6
4 path.c:31 0x1781e89 8
4 path.c:31 0x1781ea9 12
4 dynarray.c:112 0x1781629 24
4 dynarray.c:113 0x1781659 24
4 path.c:254 0x1781f09 24
4 bdtBad4.c:263 0x1781fe9 32
4 path.c:246 0x1781da9 14
4 path.c:31 0x1781dc9 6
4 path.c:31 0x1781de9 8
4 dynarray.c:112 0x1781d79 16
4 dynarray.c:113 0x17819d9 24
4 path.c:254 0x1781cc9 24
4 bdtBad4.c:263 0x1781d39 32
2 path.c:128 0x1781cc9 24
1 dynarray.c:84 0x1782129 24
2 dynarray.c:95 0x17819d9 16
2 path.c:90 0x1781de9 6
1 path.c:143 0x17818a9 6
2 path.c:178 0x1781f09 24
1 dynarray.c:84 0x1781d79 24
2 dynarray.c:95 0x1781659 16
2 path.c:191 0x1781dc9 6
2 path.c:205 0x1781ea9 6
3 path.c:223 0x1781dc9 0x1781dc9 6 6
4 path.c:246 0x1781dc9 6
4 path.c:31 0x1781ea9 6
4 dynarray.c:112 0x1781659 16
4 dynarray.c:113 0x1781d79 24
4 path.c:254 0x1781f09 24
4 path.c:246 0x17818a9 6
4 path.c:31 0x1781de9 6
4 dynarray.c:112 0x17819d9 16
4 dynarray.c:113 0x1782129 24
4 path.c:254 0x1781cc9 24
2 path.c:128 0x1781cc9 24
1 dynarray.c:84 0x1781629 24
2 dynarray.c:95 0x1782129 16
2 path.c:90 0x1781de9 6
2 path.c:90 0x17818a9 7
1 path.c:143 0x1781da9 13
2 path.c:178 0x1781f09 24
1 dynarray.c:84 0x17819d9 24
2 dynarray.c:95 0x1781d79 16
2 path.c:191 0x1781ea9 13
2 path.c:205 0x1781e89 6
3 path.c:223 0x1781ea9 0x1781ea9 13 6
4 path.c:246 0x1781ea9 6
4 path.c:31 0x1781e89 6
4 dynarray.c:112 0x1781d79 16
4 dynarray.c:113 0x17819d9 24
4 path.c:254 0x1781f09 24
2 path.c:178 0x1781f09 24
1 dynarray.c:84 0x1781659 24
2 dynarray.c:95 0x17819d9 16
2 path.c:191 0x1781e89 13
2 path.c:205 0x1781ea9 6
2 path.c:205 0x1781e69 7
3 path.c:223 0x1781e89 0x1781e89 13 13
4 path.c:246 0x1781e89 13
4 path.c:31 0x1781ea9 6
4 path.c:31 0x1781e69 7
4 dynarray.c:112 0x17819d9 16
4 dynarray.c:113 0x1781659 24
4 path.c:254 0x1781f09 24
4 path.c:246 0x1781da9 13
4 path.c:31 0x1781de9 6
4 path.c:31 0x17818a9 7
4 dynarray.c:112 0x1782129 16
4 dynarray.c:113 0x1781629 24
4 path.c:254 0x1781cc9 24
2 path.c:128 0x1781cc9 24
1 dynarray.c:84 0x1781d79 24
2 dynarray.c:95 0x1781629 16
2 path.c:90 0x17818a9 6
2 path.c:90 0x1781de9 8
1 path.c:143 0x1781dc9 14
2 path.c:178 0x1781f09 24
1 dynarray.c:84 0x1782129 24
2 dynarray.c:95 0x1781659 16
2 path.c:191 0x1781da9 14
2 path.c:205 0x1781ea9 6
3 path.c:223 0x1781da9 0x1781da9 14 6
4 path.c:246 0x1781da9 6
4 path.c:31 0x1781ea9 6
4 dynarray.c:112 0x1781659 16
4 dynarray.c:113 0x1782129 24
4 path.c:254 0x1781f09 24
2 path.c:178 0x1781f09 24
1 dynarray.c:84 0x17819d9 24
2 dynarray.c:95 0x1782129 16
2 path.c:191 0x1781ea9 14
2 path.c:205 0x1781da9 6
2 path.c:205 0x1781e89 8
3 path.c:223 0x1781ea9 0x1781ea9 14 14
4 path.c:246 0x1781ea9 14
4 path.c:31 0x1781da9 6
4 path.c:31 0x1781e89 8
4 dynarray.c:112 0x1782129 16
4 dynarray.c:113 0x17819d9 24
4 path.c:254 0x1781f09 24
4 path.c:246 0x1781dc9 14
4 path.c:31 0x17818a9 6
4 path.c:31 0x1781de9 8
4 dynarray.c:112 0x1781629 16
4 dynarray.c:113 0x1781d79 24
4 path.c:254 0x1781cc9 24
2 path.c:128 0x1781cc9 24
1 dynarray.c:84 0x1781659 24
2 dynarray.c:95 0x1781d79 16
2 path.c:90 0x1781de9 6
2 path.c:90 0x17818a9 8
2 path.c:90 0x1781dc9 12
3 dynarray.c:69 0x1781d39 0x1781d79 16 32
1 path.c:143 0x1781629 26
2 path.c:178 0x1781d79 24
1 dynarray.c:84 0x1781f09 24
2 dynarray.c:95 0x17819d9 16
2 path.c:191 0x17820b9 26
2 path.c:205 0x1781e89 6
3 path.c:223 0x17820b9 0x17820b9 26 6
4 path.c:246 0x17820b9 6
4 path.c:31 0x1781e89 6
4 dynarray.c:112 0x17819d9 16
4 dynarray.c:113 0x1781f09 24
4 path.c:254 0x1781d79 24
2 path.c:178 0x1781d79 24
1 dynarray.c:84 0x1782129 24
2 dynarray.c:95 0x1781f09 16
2 path.c:191 0x17820b9 26
2 path.c:205 0x1781e89 6
2 path.c:205 0x1781da9 8
3 path.c:223 0x17820b9 0x17820b9 26 14
4 path.c:246 0x17820b9 14
4 path.c:31 0x1781e89 6
4 path.c:31 0x1781da9 8
4 dynarray.c:112 0x1781f09 16
4 dynarray.c:113 0x1782129 24
4 path.c:254 0x1781d79 24
4 path.c:246 0x1781629 26
4 path.c:31 0x1781de9 6
4 path.c:31 0x17818a9 8
4 path.c:31 0x1781dc9 12
4 dynarray.c:112 0x1781d39 32
4 dynarray.c:113 0x1781659 24
4 path.c:254 0x1781cc9 24
2 path.c:128 0x1781cc9 24
1 dynarray.c:84 0x17819d9 24
2 dynarray.c:95 0x1781659 16
2 path.c:90 0x1781dc9 6
2 path.c:90 0x17818a9 8
2 path.c:90 0x1781de9 12
3 dynarray.c:69 0x1781d39 0x1781659 16 32
2 path.c:90 0x1781da9 6
1 path.c:143 0x1782399 32
2 path.c:178 0x1781659 24
1 dynarray.c:84 0x1781629 24
2 dynarray.c:95 0x1781d79 16
2 path.c:191 0x1781fe9 32
2 path.c:205 0x1781e89 6
3 path.c:223 0x1781fe9 0x1781fe9 32 6
4 path.c:246 0x1781fe9 6
4 path.c:31 0x1781e89 6
4 dynarray.c:112 0x1781d79 16
4 dynarray.c:113 0x1781629 24
4 path.c:254 0x1781659 24
2 path.c:178 0x1781659 24
1 dynarray.c:84 0x1782129 24
2 dynarray.c:95 0x1781629 16
2 path.c:191 0x1782299 32
2 path.c:205 0x1781e89 6
2 path.c:205 0x1781fe9 8
3 path.c:223 0x1782299 0x1782299 32 14
4 path.c:246 0x1782299 14
4 path.c:31 0x1781e89 6
4 path.c:31 0x1781fe9 8
4 dynarray.c:112 0x1781629 16
4 dynarray.c:113 0x1782129 24
4 path.c:254 0x1781659 24
4 path.c:246 0x1782399 32
4 path.c:31 0x1781dc9 6
4 path.c:31 0x17818a9 8
4 path.c:31 0x1781de9 12
4 path.c:31 0x1781da9 6
4 dynarray.c:112 0x1781d39 32
4 dynarray.c:113 0x17819d9 24
4 path.c:254 0x1781cc9 24
1 dynarray.c:84 0x1781d79 24
2 dynarray.c:95 0x1781cc9 24
1 bdtBad4.c:663 0x17821d9 42
4 dynarray.c:112 0x1781cc9 24
4 dynarray.c:113 0x1781d79 24
6 bdt_client.c:113 0x17821d9
4 bdt_client.c:113 0x17821d9 42
2 path.c:128 0x1781d79 24
1 dynarray.c:84 0x17819d9 24
2 dynarray.c:95 0x1781cc9 16
2 path.c:90 0x1781da9 13
1 path.c:143 0x1781e69 13
2 path.c:178 0x1782129 24
1 dynarray.c:84 0x1781659 24
2 dynarray.c:95 0x1781629 16
2 path.c:191 0x1781de9 13
2 path.c:205 0x1781dc9 13
3 path.c:223 0x1781de9 0x1781de9 13 13
4 path.c:246 0x1781de9 13
4 path.c:31 0x1781dc9 13
4 dynarray.c:112 0x1781629 16
4 dynarray.c:113 0x1781659 24
4 path.c:254 0x1782129 24
4 path.c:246 0x1781e69 13
4 path.c:31 0x1781da9 13
4 dynarray.c:112 0x1781cc9 16
4 dynarray.c:113 0x17819d9 24
4 path.c:254 0x1781d79 24
2 path.c:128 0x1781d79 24
1 dynarray.c:84 0x1781f09 24
2 dynarray.c:95 0x17819d9 16
2 path.c:90 0x1781da9 6
1 path.c:143 0x17818a9 6
2 path.c:178 0x1782129 24
1 dynarray.c:84 0x1781cc9 24
2 dynarray.c:95 0x1781659 16
2 path.c:191 0x1781e69 6
2 path.c:205 0x1781de9 6
3 path.c:223 0x1781e69 0x1781e69 6 6
4 path.c:246 0x1781e69 6
4 path.c:31 0x1781de9 6
4 dynarray.c:112 0x1781659 16
4 dynarray.c:113 0x1781cc9 24
4 path.c:254 0x1782129 24
4 path.c:246 0x17818a9 6
4 path.c:31 0x1781da9 6
4 dynarray.c:112 0x17819d9 16
4 dynarray.c:113 0x1781f09 24
4 path.c:254 0x1781d79 24
4 path.c:246 0x1781bf9 25
4 path.c:31 0x1781c29 6
4 path.c:31 0x1781c49 7
4 path.c:31 0x1781c69 12
4 dynarray.c:112 0x1781bc9 24
4 dynarray.c:113 0x1781909 24
4 path.c:254 0x1781b99 24
4 bdtBad4.c:263 0x1781b59 32
4 path.c:246 0x1781aa9 13
4 path.c:31 0x1781ac9 6
4 path.c:31 0x1781ae9 7
4 dynarray.c:112 0x1781a79 16
4 dynarray.c:113 0x1781599 24
4 path.c:254 0x1781a49 24
4 bdtBad4.c:263 0x1781a09 32
4 path.c:246 0x1781849 6
4 path.c:31 0x1781869 6
4 dynarray.c:112 0x1781819 16
4 dynarray.c:113 0x17815f9 24
4 path.c:254 0x17817e9 24
4 bdtBad4.c:263 0x17817a9 32
2 path.c:128 0x17817e9 24
1 dynarray.c:84 0x1781629 24
2 dynarray.c:95 0x17815f9 16
2 path.c:90 0x1781869 6
2 path.c:90 0x1781849 7
1 path.c:143 0x1781dc9 13
4 path.c:246 0x1781dc9 13
4 path.c:31 0x1781869 6
4 path.c:31 0x1781849 7
4 dynarray.c:112 0x17815f9 16
4 dynarray.c:113 0x1781629 24
4 path.c:254 0x17817e9 24
2 path.c:128 0x17817e9 24
1 dynarray.c:84 0x1781819 24
2 dynarray.c:95 0x1781629 16
2 path.c:90 0x1781849 6
1 path.c:143 0x1781dc9 6
4 path.c:246 0x1781dc9 6
4 path.c:31 0x1781849 6
4 dynarray.c:112 0x1781629 16
4 dynarray.c:113 0x1781819 24
4 path.c:254 0x17817e9 24
2 path.c:128 0x17817e9 24
1 dynarray.c:84 0x17815f9 24
2 dynarray.c:95 0x1781819 16
2 path.c:90 0x1781849 6
1 path.c:143 0x1781dc9 6
4 path.c:246 0x1781dc9 6
4 path.c:31 0x1781849 6
4 dynarray.c:112 0x1781819 16
4 dynarray.c:113 0x17815f9 24
4 path.c:254 0x17817e9 24
2 path.c:128 0x17817e9 24
1 dynarray.c:84 0x1781629 24
2 dynarray.c:95 0x17815f9 16
2 path.c:90 0x1781849 13
1 path.c:143 0x1781dc9 13
4 path.c:246 0x1781dc9 13
4 path.c:31 0x1781849 13
4 dynarray.c:112 0x17815f9 16
4 dynarray.c:113 0x1781629 24
4 path.c:254 0x17817e9 24
1 dynarray.c:84 0x1781819 24
2 dynarray.c:95 0x17817e9 16
1 bdtBad4.c:663 0x1781dc9 1
4 dynarray.c:112 0x17817e9 16
4 dynarray.c:113 0x1781819 24
4 bdt_client.c:124 0x1781dc9 1
2 path.c:128 0x1781819 24
1 dynarray.c:84 0x1781629 24
2 dynarray.c:95 0x17817e9 16
2 path.c:90 0x1781849 2
2 path.c:90 0x1781869 2
1 path.c:143 0x1781dc9 4
2 path.c:178 0x1781a49 24
1 dynarray.c:84 0x17815f9 24
2 dynarray.c:95 0x1781599 16
2 path.c:191 0x1781ae9 4
2 path.c:205 0x1781aa9 2
3 path.c:223 0x1781ae9 0x1781ae9 4 2
1 bdtBad4.c:143 0x17821d9 32
2 path.c:178 0x1781b99 24
1 dynarray.c:84 0x1781a79 24
2 dynarray.c:95 0x1781909 16
2 path.c:191 0x1781c69 2
2 path.c:205 0x1781c49 2
3 path.c:223 0x1781c69 0x1781c69 2 2
4 path.c:246 0x1781ae9 2
4 path.c:31 0x1781aa9 2
4 dynarray.c:112 0x1781599 16
4 dynarray.c:113 0x17815f9 24
4 path.c:254 0x1781a49 24
2 path.c:178 0x1781a49 24
1 dynarray.c:84 0x1781bc9 24
2 dynarray.c:95 0x17815f9 16
2 path.c:191 0x1781aa9 4
2 path.c:205 0x1781ae9 2
2 path.c:205 0x1781c29 2
3 path.c:223 0x1781aa9 0x1781aa9 4 4
1 bdtBad4.c:143 0x1781fa9 32
2 path.c:178 0x1781bf9 24
1 dynarray.c:84 0x1781599 24
2 dynarray.c:95 0x1781d79 16
2 path.c:191 0x1781da9 4
2 path.c:205 0x17818a9 2
2 path.c:205 0x1781de9 2
3 path.c:223 0x1781da9 0x1781da9 4 4
4 path.c:246 0x1781aa9 4
4 path.c:31 0x1781ae9 2
4 path.c:31 0x1781c29 2
4 dynarray.c:112 0x17815f9 16
4 dynarray.c:113 0x1781bc9 24
4 path.c:254 0x1781a49 24
4 path.c:246 0x1781dc9 4
4 path.c:31 0x1781849 2
4 path.c:31 0x1781869 2
4 dynarray.c:112 0x17817e9 16
4 dynarray.c:113 0x1781629 24
4 path.c:254 0x1781819 24
1 dynarray.c:84 0x1781f09 24
2 dynarray.c:95 0x1781819 16
1 bdtBad4.c:663 0x1781ac9 5
4 dynarray.c:112 0x1781819 16
4 dynarray.c:113 0x1781f09 24
6 bdt_client.c:136 0x1781ac9
4 bdt_client.c:136 0x1781ac9 5
2 path.c:128 0x1781f09 24
1 dynarray.c:84 0x1781629 24
2 dynarray.c:95 0x1781819 16
2 path.c:90 0x1781869 2
2 path.c:90 0x1781849 2
1 path.c:143 0x1781ac9 4
2 path.c:178 0x1781a49 24
1 dynarray.c:84 0x17817e9 24
2 dynarray.c:95 0x1781bc9 16
2 path.c:191 0x1781dc9 4
2 path.c:205 0x1781ae9 2
3 path.c:223 0x1781dc9 0x1781dc9 4 2
4 path.c:246 0x1781dc9 2
4 path.c:31 0x1781ae9 2
4 dynarray.c:112 0x1781bc9 16
4 dynarray.c:113 0x17817e9 24
4 path.c:254 0x1781a49 24
2 path.c:178 0x1781a49 24
1 dynarray.c:84 0x17815f9 24
2 dynarray.c:95 0x17817e9 16
2 path.c:191 0x1781ae9 4
2 path.c:205 0x1781dc9 2
2 path.c:205 0x1781aa9 2
3 path.c:223 0x1781ae9 0x1781ae9 4 4
4 path.c:246 0x1781ae9 4
4 path.c:31 0x1781dc9 2
4 path.c:31 0x1781aa9 2
4 dynarray.c:112 0x17817e9 16
4 dynarray.c:113 0x17815f9 24
4 path.c:254 0x1781a49 24
2 path.c:178 0x1781a49 24
1 dynarray.c:84 0x1781bc9 24
2 dynarray.c:95 0x17815f9 16
2 path.c:191 0x1781aa9 4
2 path.c:205 0x1781dc9 2
2 path.c:205 0x1781ae9 2
3 path.c:223 0x1781aa9 0x1781aa9 4 4
1 bdtBad4.c:143 0x1781f69 32
2 path.c:178 0x17819d9 24
1 dynarray.c:84 0x17817e9 24
2 dynarray.c:95 0x1782129 16
2 path.c:191 0x1781e69 4
2 path.c:205 0x1781fe9 2
2 path.c:205 0x1781e89 2
3 path.c:223 0x1781e69 0x1781e69 4 4
4 path.c:246 0x1781aa9 4
4 path.c:31 0x1781dc9 2
4 path.c:31 0x1781ae9 2
4 dynarray.c:112 0x17815f9 16
4 dynarray.c:113 0x1781bc9 24
4 path.c:254 0x1781a49 24
4 path.c:246 0x1781ac9 4
4 path.c:31 0x1781869 2
4 path.c:31 0x1781849 2
4 dynarray.c:112 0x1781819 16
4 dynarray.c:113 0x1781629 24
4 path.c:254 0x1781f09 24
1 dynarray.c:84 0x1781cc9 24
2 dynarray.c:95 0x1781f09 24
1 bdtBad4.c:663 0x1781c29 8
4 dynarray.c:112 0x1781f09 24
4 dynarray.c:113 0x1781cc9 24
6 bdt_client.c:140 0x1781c29
4 bdt_client.c:140 0x1781c29 8
2 path.c:128 0x1781cc9 24
1 dynarray.c:84 0x1781629 24
2 dynarray.c:95 0x1781f09 16
2 path.c:90 0x1781849 2
2 path.c:90 0x1781869 2
1 path.c:143 0x1781c29 4
2 path.c:178 0x1781a49 24
1 dynarray.c:84 0x1781819 24
2 dynarray.c:95 0x1781bc9 16
2 path.c:191 0x1781ac9 4
2 path.c:205 0x1781dc9 2
3 path.c:223 0x1781ac9 0x1781ac9 4 2
4 path.c:246 0x1781ac9 2
4 path.c:31 0x1781dc9 2
4 dynarray.c:112 0x1781bc9 16
4 dynarray.c:113 0x1781819 24
4 path.c:254 0x1781a49 24
2 path.c:178 0x1781a49 24
1 dynarray.c:84 0x17815f9 24
2 dynarray.c:95 0x1781819 16
2 path.c:191 0x1781dc9 4
2 path.c:205 0x1781ac9 2
2 path.c:205 0x1781aa9 2
3 path.c:223 0x1781dc9 0x1781dc9 4 4
4 path.c:246 0x1781dc9 4
4 path.c:31 0x1781ac9 2
4 path.c:31 0x1781aa9 2
4 dynarray.c:112 0x1781819 16
4 dynarray.c:113 0x17815f9 24
4 path.c:254 0x1781a49 24
4 path.c:246 0x1781c29 4
4 path.c:31 0x1781849 2
4 path.c:31 0x1781869 2
4 dynarray.c:112 0x1781f09 16
4 dynarray.c:113 0x1781629 24
4 path.c:254 0x1781cc9 24
4 path.c:246 0x1781da9 4
4 path.c:31 0x17818a9 2
4 path.c:31 0x1781de9 2
4 dynarray.c:112 0x1781d79 16
4 dynarray.c:113 0x1781599 24
4 path.c:254 0x1781bf9 24
4 bdtBad4.c:263 0x1781fa9 32
1 dynarray.c:84 0x1781bc9 24
2 dynarray.c:95 0x1781bf9 16
1 bdtBad4.c:663 0x1781ae9 5
4 dynarray.c:112 0x1781bf9 16
4 dynarray.c:113 0x1781bc9 24
6 bdt_client.c:144 0x1781ae9
4 bdt_client.c:144 0x1781ae9 5
2 path.c:128 0x1781bc9 24
1 dynarray.c:84 0x1781599 24
2 dynarray.c:95 0x1781bf9 16
2 path.c:90 0x1781de9 2
2 path.c:90 0x17818a9 3
1 path.c:143 0x1781ae9 5
2 path.c:178 0x1781cc9 24
1 dynarray.c:84 0x1781d79 24
2 dynarray.c:95 0x1781629 16
2 path.c:191 0x1781da9 5
2 path.c:205 0x1781849 2
3 path.c:223 0x1781da9 0x1781da9 5 2
4 path.c:246 0x1781da9 2
4 path.c:31 0x1781849 2
4 dynarray.c:112 0x1781629 16
4 dynarray.c:113 0x1781d79 24
4 path.c:254 0x1781cc9 24
2 path.c:178 0x1781cc9 24
1 dynarray.c:84 0x1781f09 24
2 dynarray.c:95 0x1781d79 16
2 path.c:191 0x1781849 5
2 path.c:205 0x1781da9 2
2 path.c:205 0x1781c29 3
3 path.c:223 0x1781849 0x1781849 5 5
4 path.c:246 0x1781849 5
4 path.c:31 0x1781da9 2
4 path.c:31 0x1781c29 3
4 dynarray.c:112 0x1781d79 16
4 dynarray.c:113 0x1781f09 24
4 path.c:254 0x1781cc9 24
2 path.c:178 0x1781cc9 24
1 dynarray.c:84 0x1781629 24
2 dynarray.c:95 0x1781f09 16
2 path.c:191 0x1781c29 5
2 path.c:205 0x1781da9 2
2 path.c:205 0x1781849 3
3 path.c:223 0x1781c29 0x1781c29 5 5
1 bdtBad4.c:143 0x1781fa9 32
2 path.c:178 0x1781a49 24
1 dynarray.c:84 0x1781d79 24
2 dynarray.c:95 0x17815f9 16
2 path.c:191 0x1781aa9 5
2 path.c:205 0x1781ac9 2
2 path.c:205 0x1781dc9 3
3 path.c:223 0x1781aa9 0x1781aa9 5 5
4 path.c:246 0x1781c29 5
4 path.c:31 0x1781da9 2
4 path.c:31 0x1781849 3
4 dynarray.c:112 0x1781f09 16
4 dynarray.c:113 0x1781629 24
4 path.c:254 0x1781cc9 24
4 path.c:246 0x1781ae9 5
4 path.c:31 0x1781de9 2
4 path.c:31 0x17818a9 3
4 dynarray.c:112 0x1781bf9 16
4 dynarray.c:113 0x1781599 24
4 path.c:254 0x1781bc9 24
1 dynarray.c:84 0x1781819 24
2 dynarray.c:95 0x1781bc9 24
1 bdtBad4.c:663 0x1781869 9
4 dynarray.c:112 0x1781bc9 24
4 dynarray.c:113 0x1781819 24
6 bdt_client.c:148 0x1781869
4 bdt_client.c:148 0x1781869 9
2 path.c:128 0x1781819 24
1 dynarray.c:84 0x1781599 24
2 dynarray.c:95 0x1781bc9 16
2 path.c:90 0x17818a9 2
2 path.c:90 0x1781de9 3
1 path.c:143 0x1781869 5
2 path.c:178 0x1781cc9 24
1 dynarray.c:84 0x1781bf9 24
2 dynarray.c:95 0x1781629 16
2 path.c:191 0x1781ae9 5
2 path.c:205 0x1781da9 2
3 path.c:223 0x1781ae9 0x1781ae9 5 2
4 path.c:246 0x1781ae9 2
4 path.c:31 0x1781da9 2
4 dynarray.c:112 0x1781629 16
4 dynarray.c:113 0x1781bf9 24
4 path.c:254 0x1781cc9 24
2 path.c:178 0x1781cc9 24
1 dynarray.c:84 0x1781f09 24
2 dynarray.c:95 0x1781bf9 16
2 path.c:191 0x1781da9 5
2 path.c:205 0x1781ae9 2
2 path.c:205 0x1781c29 3
3 path.c:223 0x1781da9 0x1781da9 5 5
4 path.c:246 0x1781da9 5
4 path.c:31 0x1781ae9 2
4 path.c:31 0x1781c29 3
4 dynarray.c:112 0x1781bf9 16
4 dynarray.c:113 0x1781f09 24
4 path.c:254 0x1781cc9 24
4 path.c:246 0x1781869 5
4 path.c:31 0x17818a9 2
4 path.c:31 0x1781de9 3
4 dynarray.c:112 0x1781bc9 16
4 dynarray.c:113 0x1781599 24
4 path.c:254 0x1781819 24
4 path.c:246 0x1781aa9 5
4 path.c:31 0x1781ac9 2
4 path.c:31 0x1781dc9 3
4 dynarray.c:112 0x17815f9 16
4 dynarray.c:113 0x1781d79 24
4 path.c:254 0x1781a49 24
4 bdtBad4.c:263 0x1781fa9 32
1 dynarray.c:84 0x1781629 24
2 dynarray.c:95 0x1781a49 16
1 bdtBad4.c:663 0x1781849 5
4 dynarray.c:112 0x1781a49 16
4 dynarray.c:113 0x1781629 24
6 bdt_client.c:152 0x1781849
4 bdt_client.c:152 0x1781849 5
2 path.c:128 0x1781629 24
1 dynarray.c:84 0x1781d79 24
2 dynarray.c:95 0x1781a49 16
2 path.c:90 0x1781dc9 2
2 path.c:90 0x1781ac9 3
1 path.c:143 0x1781849 5
2 path.c:178 0x1781819 24
1 dynarray.c:84 0x17815f9 24
2 dynarray.c:95 0x1781599 16
2 path.c:191 0x1781aa9 5
2 path.c:205 0x17818a9 2
3 path.c:223 0x1781aa9 0x1781aa9 5 2
4 path.c:246 0x1781aa9 2
4 path.c:31 0x17818a9 2
4 dynarray.c:112 0x1781599 16
4 dynarray.c:113 0x17815f9 24
4 path.c:254 0x1781819 24
2 path.c:178 0x1781819 24
1 dynarray.c:84 0x1781bc9 24
2 dynarray.c:95 0x17815f9 16
2 path.c:191 0x17818a9 5
2 path.c:205 0x1781aa9 2
2 path.c:205 0x1781869 3
3 path.c:223 0x17818a9 0x17818a9 5 5
4 path.c:246 0x17818a9 5
4 path.c:31 0x1781aa9 2
4 path.c:31 0x1781869 3
4 dynarray.c:112 0x17815f9 16
4 dynarray.c:113 0x1781bc9 24
4 path.c:254 0x1781819 24
2 path.c:178 0x1781819 24
1 dynarray.c:84 0x1781599 24
2 dynarray.c:95 0x1781bc9 16
2 path.c:191 0x1781869 5
2 path.c:205 0x1781aa9 2
2 path.c:205 0x17818a9 3
3 path.c:223 0x1781869 0x1781869 5 5
1 bdtBad4.c:143 0x1781fa9 32
2 path.c:178 0x1781cc9 24
1 dynarray.c:84 0x17815f9 24
2 dynarray.c:95 0x1781f09 16
2 path.c:191 0x1781c29 5
2 path.c:205 0x1781ae9 2
2 path.c:205 0x1781da9 3
3 path.c:223 0x1781c29 0x1781c29 5 5
4 path.c:246 0x1781869 5
4 path.c:31 0x1781aa9 2
4 path.c:31 0x17818a9 3
4 dynarray.c:112 0x1781bc9 16
4 dynarray.c:113 0x1781599 24
4 path.c:254 0x1781819 24
4 path.c:246 0x1781849 5
4 path.c:31 0x1781dc9 2
4 path.c:31 0x1781ac9 3
4 dynarray.c:112 0x1781a49 16
4 dynarray.c:113 0x1781d79 24
4 path.c:254 0x1781629 24
1 dynarray.c:84 0x1781bf9 24
2 dynarray.c:95 0x1781629 24
1 bdtBad4.c:663 0x1781de9 9
4 dynarray.c:112 0x1781629 24
4 dynarray.c:113 0x1781bf9 24
6 bdt_client.c:156 0x1781de9
4 bdt_client.c:156 0x1781de9 9
2 path.c:128 0x1781bf9 24
1 dynarray.c:84 0x1781d79 24
2 dynarray.c:95 0x1781629 16
2 path.c:90 0x1781ac9 2
2 path.c:90 0x1781dc9 2
1 path.c:143 0x1781de9 4
2 path.c:178 0x1781819 24
1 dynarray.c:84 0x1781a49 24
2 dynarray.c:95 0x1781599 16
2 path.c:191 0x1781849 4
2 path.c:205 0x1781aa9 2
3 path.c:223 0x1781849 0x1781849 4 2
4 path.c:246 0x1781849 2
4 path.c:31 0x1781aa9 2
4 dynarray.c:112 0x1781599 16
4 dynarray.c:113 0x1781a49 24
4 path.c:254 0x1781819 24
2 path.c:178 0x1781819 24
1 dynarray.c:84 0x1781bc9 24
2 dynarray.c:95 0x1781a49 16
2 path.c:191 0x1781aa9 4
2 path.c:205 0x1781849 2
2 path.c:205 0x1781869 2
3 path.c:223 0x1781aa9 0x1781aa9 4 4
4 path.c:246 0x1781aa9 4
4 path.c:31 0x1781849 2
4 path.c:31 0x1781869 2
4 dynarray.c:112 0x1781a49 16
4 dynarray.c:113 0x1781bc9 24
4 path.c:254 0x1781819 24
4 path.c:246 0x1781de9 4
4 path.c:31 0x1781ac9 2
4 path.c:31 0x1781dc9 2
4 dynarray.c:112 0x1781629 16
4 dynarray.c:113 0x1781d79 24
4 path.c:254 0x1781bf9 24
4 path.c:246 0x1781e69 4
4 path.c:31 0x1781fe9 2
4 path.c:31 0x1781e89 2
4 dynarray.c:112 0x1782129 16
4 dynarray.c:113 0x17817e9 24
4 path.c:254 0x17819d9 24
4 bdtBad4.c:263 0x1781f69 32
1 dynarray.c:84 0x1781599 24
2 dynarray.c:95 0x17819d9 16
1 bdtBad4.c:663 0x17818a9 6
4 dynarray.c:112 0x17819d9 16
4 dynarray.c:113 0x1781599 24
6 bdt_client.c:160 0x17818a9
4 bdt_client.c:160 0x17818a9 6
4 path.c:246 0x1781c29 5
4 path.c:31 0x1781ae9 2
4 path.c:31 0x1781da9 3
4 dynarray.c:112 0x1781f09 16
4 dynarray.c:113 0x17815f9 24
4 path.c:254 0x1781cc9 24
4 bdtBad4.c:263 0x1781fa9 32
4 path.c:246 0x1781c69 2
4 path.c:31 0x1781c49 2
4 dynarray.c:112 0x1781909 16
4 dynarray.c:113 0x1781a79 24
4 path.c:254 0x1781b99 24
4 bdtBad4.c:263 0x17821d9 32
