2 path.c:128 0x27542a9 24
4 path.c:254 0x27542a9 24
2 path.c:128 0x27564c9 24
1 dynarray.c:84 0x27542a9 24
2 dynarray.c:95 0x27564f9 16
2 path.c:90 0x2756529 6
1 path.c:143 0x2756549 6
4 path.c:246 0x2756549 6
4 path.c:31 0x2756529 6
4 dynarray.c:112 0x27564f9 16
4 dynarray.c:113 0x27542a9 24
4 path.c:254 0x27564c9 24
1 dynarray.c:84 0x27564c9 24
2 dynarray.c:95 0x2756569 16
1 bdtBad5.c:662 0x2756529 1
4 dynarray.c:112 0x2756569 16
4 dynarray.c:113 0x27564c9 24
4 bdt_client.c:39 0x2756529 1
2 path.c:128 0x2756599 24
4 path.c:254 0x2756599 24
2 path.c:128 0x27565c9 24
1 dynarray.c:84 0x2756599 24
2 dynarray.c:95 0x27565f9 16
4 dynarray.c:112 0x27565f9 16
4 dynarray.c:113 0x2756599 24
4 path.c:254 0x27565c9 24
2 path.c:128 0x2756629 24
1 dynarray.c:84 0x27565c9 24
2 dynarray.c:95 0x2756659 16
2 path.c:90 0x2756689 6
2 path.c:90 0x27566a9 7
4 path.c:31 0x2756689 6
4 path.c:31 0x27566a9 7
4 dynarray.c:112 0x2756659 16
4 dynarray.c:113 0x27565c9 24
4 path.c:254 0x2756629 24
2 path.c:128 0x2756629 24
1 dynarray.c:84 0x2756659 24
2 dynarray.c:95 0x27565c9 16
2 path.c:90 0x27566c9 6
4 path.c:31 0x27566c9 6
4 dynarray.c:112 0x27565c9 16
4 dynarray.c:113 0x2756659 24
4 path.c:254 0x2756629 24
2 path.c:128 0x2756629 24
1 dynarray.c:84 0x27565c9 24
2 dynarray.c:95 0x2756659 16
2 path.c:90 0x27566e9 6
1 path.c:143 0x27566c9 6
2 path.c:178 0x2756709 24
1 dynarray.c:84 0x2756599 24
2 dynarray.c:95 0x2756739 16
2 path.c:191 0x2756769 6
2 path.c:205 0x2756789 6
3 path.c:223 0x2756769 0x2756769 6 6
1 bdtBad5.c:143 0x27567a9 32
2 path.c:178 0x27567e9 24
1 dynarray.c:84 0x27565f9 24
2 dynarray.c:95 0x2756819 16
2 path.c:191 0x2756849 6
2 path.c:205 0x2756869 6
3 path.c:223 0x2756849 0x2756849 6 6
4 path.c:246 0x2756769 6
4 path.c:31 0x2756789 6
4 dynarray.c:112 0x2756739 16
4 dynarray.c:113 0x2756599 24
4 path.c:254 0x2756709 24
4 path.c:246 0x27566c9 6
4 path.c:31 0x27566e9 6
4 dynarray.c:112 0x2756659 16
4 dynarray.c:113 0x27565c9 24
4 path.c:254 0x2756629 24
2 path.c:128 0x2756629 24
1 dynarray.c:84 0x2756709 24
2 dynarray.c:95 0x27565c9 16
2 path.c:90 0x27566e9 6
2 path.c:90 0x2756889 7
2 path.c:90 0x27568a9 12
3 dynarray.c:69 0x27568c9 0x27565c9 16 32
1 path.c:143 0x2756659 25
2 path.c:178 0x27565c9 24
1 dynarray.c:84 0x2756599 24
2 dynarray.c:95 0x2756909 16
2 path.c:191 0x2756939 25
2 path.c:205 0x2756969 6
3 path.c:223 0x2756939 0x2756939 25 6
4 path.c:246 0x2756939 6
4 path.c:31 0x2756969 6
4 dynarray.c:112 0x2756909 16
4 dynarray.c:113 0x2756599 24
4 path.c:254 0x27565c9 24
2 path.c:178 0x27565c9 24
1 dynarray.c:84 0x2756909 24
2 dynarray.c:95 0x2756599 16
2 path.c:191 0x2756989 25
2 path.c:205 0x2756969 6
2 path.c:205 0x27569b9 7
3 path.c:223 0x2756989 0x2756989 25 13
4 path.c:246 0x2756989 13
4 path.c:31 0x2756969 6
4 path.c:31 0x27569b9 7
4 dynarray.c:112 0x2756599 16
4 dynarray.c:113 0x2756909 24
4 path.c:254 0x27565c9 24
2 path.c:178 0x27565c9 24
1 dynarray.c:84 0x2756989 24
2 dynarray.c:95 0x2756909 16
2 path.c:191 0x27569d9 25
2 path.c:205 0x27569b9 6
2 path.c:205 0x2756969 7
3 path.c:223 0x27569d9 0x27569d9 25 13
1 bdtBad5.c:143 0x2756a09 32
2 path.c:178 0x2756a49 24
1 dynarray.c:84 0x2756599 24
2 dynarray.c:95 0x2756a79 16
2 path.c:191 0x2756aa9 13
2 path.c:205 0x2756ac9 6
2 path.c:205 0x2756ae9 7
3 path.c:223 0x2756aa9 0x2756aa9 13 13
4 path.c:246 0x27569d9 13
4 path.c:31 0x27569b9 6
4 path.c:31 0x2756969 7
4 dynarray.c:112 0x2756909 16
4 dynarray.c:113 0x2756989 24
4 path.c:254 0x27565c9 24
2 path.c:178 0x27565c9 24
1 dynarray.c:84 0x27569d9 24
2 dynarray.c:95 0x2756989 24
2 path.c:191 0x2756b09 25
2 path.c:205 0x2756969 6
2 path.c:205 0x27569b9 7
2 path.c:205 0x2756b39 12
3 path.c:223 0x2756b09 0x2756b09 25 25
1 bdtBad5.c:143 0x2756b59 32
2 path.c:178 0x2756b99 24
1 dynarray.c:84 0x2756909 24
2 dynarray.c:95 0x2756bc9 24
2 path.c:191 0x2756bf9 25
2 path.c:205 0x2756c29 6
2 path.c:205 0x2756c49 7
2 path.c:205 0x2756c69 12
3 path.c:223 0x2756bf9 0x2756bf9 25 25
4 path.c:246 0x2756b09 25
4 path.c:31 0x2756969 6
4 path.c:31 0x27569b9 7
4 path.c:31 0x2756b39 12
4 dynarray.c:112 0x2756989 24
4 dynarray.c:113 0x27569d9 24
4 path.c:254 0x27565c9 24
4 path.c:246 0x2756659 25
4 path.c:31 0x27566e9 6
4 path.c:31 0x2756889 7
4 path.c:31 0x27568a9 12
4 dynarray.c:112 0x27568c9 32
4 dynarray.c:113 0x2756709 24
4 path.c:254 0x2756629 24
2 path.c:128 0x2756629 24
1 dynarray.c:84 0x2756b09 24
2 dynarray.c:95 0x2756709 16
2 path.c:90 0x27568a9 6
1 path.c:143 0x27566c9 6
2 path.c:178 0x27565c9 24
1 dynarray.c:84 0x2756659 24
2 dynarray.c:95 0x27569d9 16
2 path.c:191 0x2756889 6
2 path.c:205 0x2756b39 6
3 path.c:223 0x2756889 0x2756889 6 6
4 path.c:246 0x2756889 6
4 path.c:31 0x2756b39 6
4 dynarray.c:112 0x27569d9 16
4 dynarray.c:113 0x2756659 24
4 path.c:254 0x27565c9 24
4 path.c:246 0x27566c9 6
4 path.c:31 0x27568a9 6
4 dynarray.c:112 0x2756709 16
4 dynarray.c:113 0x2756b09 24
4 path.c:254 0x2756629 24
2 path.c:128 0x2756629 24
1 dynarray.c:84 0x2756989 24
2 dynarray.c:95 0x2756b09 16
2 path.c:90 0x27568a9 6
2 path.c:90 0x27566c9 7
1 path.c:143 0x27566e9 13
2 path.c:178 0x27565c9 24
1 dynarray.c:84 0x2756709 24
2 dynarray.c:95 0x2756659 16
2 path.c:191 0x2756b39 13
2 path.c:205 0x27569b9 6
3 path.c:223 0x2756b39 0x2756b39 13 6
4 path.c:246 0x2756b39 6
4 path.c:31 0x27569b9 6
4 dynarray.c:112 0x2756659 16
4 dynarray.c:113 0x2756709 24
4 path.c:254 0x27565c9 24
2 path.c:178 0x27565c9 24
1 dynarray.c:84 0x27569d9 24
2 dynarray.c:95 0x2756709 16
2 path.c:191 0x27569b9 13
2 path.c:205 0x2756b39 6
2 path.c:205 0x2756969 7
3 path.c:223 0x27569b9 0x27569b9 13 13
4 path.c:246 0x27569b9 13
4 path.c:31 0x2756b39 6
4 path.c:31 0x2756969 7
4 dynarray.c:112 0x2756709 16
4 dynarray.c:113 0x27569d9 24
4 path.c:254 0x27565c9 24
4 path.c:246 0x27566e9 13
4 path.c:31 0x27568a9 6
4 path.c:31 0x27566c9 7
4 dynarray.c:112 0x2756b09 16
4 dynarray.c:113 0x2756989 24
4 path.c:254 0x2756629 24
2 path.c:128 0x2756629 24
1 dynarray.c:84 0x2756659 24
2 dynarray.c:95 0x2756989 16
2 path.c:90 0x27566c9 6
2 path.c:90 0x27568a9 7
2 path.c:90 0x27566e9 12
3 dynarray.c:69 0x2756c89 0x2756989 16 32
1 path.c:143 0x2756b09 25
2 path.c:178 0x2756989 24
1 dynarray.c:84 0x27565c9 24
2 dynarray.c:95 0x27569d9 16
2 path.c:191 0x2756cc9 25
2 path.c:205 0x2756969 6
3 path.c:223 0x2756cc9 0x2756cc9 25 6
4 path.c:246 0x2756cc9 6
4 path.c:31 0x2756969 6
4 dynarray.c:112 0x27569d9 16
4 dynarray.c:113 0x27565c9 24
4 path.c:254 0x2756989 24
2 path.c:178 0x2756989 24
1 dynarray.c:84 0x2756709 24
2 dynarray.c:95 0x27565c9 16
2 path.c:191 0x2756cc9 25
2 path.c:205 0x2756969 6
2 path.c:205 0x2756b39 7
3 path.c:223 0x2756cc9 0x2756cc9 25 13
4 path.c:246 0x2756cc9 13
4 path.c:31 0x2756969 6
4 path.c:31 0x2756b39 7
4 dynarray.c:112 0x27565c9 16
4 dynarray.c:113 0x2756709 24
4 path.c:254 0x2756989 24
2 path.c:178 0x2756989 24
1 dynarray.c:84 0x27569d9 24
2 dynarray.c:95 0x2756709 24
2 path.c:191 0x2756cc9 25
2 path.c:205 0x2756b39 6
2 path.c:205 0x2756969 7
2 path.c:205 0x27569b9 12
3 path.c:223 0x2756cc9 0x2756cc9 25 25
4 path.c:246 0x2756cc9 25
4 path.c:31 0x2756b39 6
4 path.c:31 0x2756969 7
4 path.c:31 0x27569b9 12
4 dynarray.c:112 0x2756709 24
4 dynarray.c:113 0x27569d9 24
4 path.c:254 0x2756989 24
4 path.c:246 0x2756b09 25
4 path.c:31 0x27566c9 6
4 path.c:31 0x27568a9 7
4 path.c:31 0x27566e9 12
4 dynarray.c:112 0x2756c89 32
4 dynarray.c:113 0x2756659 24
4 path.c:254 0x2756629 24
2 path.c:128 0x2756629 24
1 dynarray.c:84 0x27565c9 24
2 dynarray.c:95 0x2756659 16
2 path.c:90 0x27566e9 12
1 path.c:143 0x2756889 12
2 path.c:178 0x2756989 24
1 dynarray.c:84 0x2756b09 24
2 dynarray.c:95 0x27569d9 16
2 path.c:191 0x27568a9 12
2 path.c:205 0x27569b9 12
3 path.c:223 0x27568a9 0x27568a9 12 12
4 path.c:246 0x27568a9 12
4 path.c:31 0x27569b9 12
4 dynarray.c:112 0x27569d9 16
4 dynarray.c:113 0x2756b09 24
4 path.c:254 0x2756989 24
4 path.c:246 0x2756889 12
4 path.c:31 0x27566e9 12
4 dynarray.c:112 0x2756659 16
4 dynarray.c:113 0x27565c9 24
4 path.c:254 0x2756629 24
2 path.c:128 0x2756629 24
1 dynarray.c:84 0x2756709 24
2 dynarray.c:95 0x27565c9 16
2 path.c:90 0x27566e9 12
1 path.c:143 0x27566c9 12
2 path.c:178 0x2756989 24
1 dynarray.c:84 0x2756659 24
2 dynarray.c:95 0x2756b09 16
2 path.c:191 0x2756889 12
2 path.c:205 0x27568a9 12
3 path.c:223 0x2756889 0x2756889 12 12
4 path.c:246 0x2756889 12
4 path.c:31 0x27568a9 12
4 dynarray.c:112 0x2756b09 16
4 dynarray.c:113 0x2756659 24
4 path.c:254 0x2756989 24
4 path.c:246 0x27566c9 12
4 path.c:31 0x27566e9 12
4 dynarray.c:112 0x27565c9 16
4 dynarray.c:113 0x2756709 24
4 path.c:254 0x2756629 24
2 path.c:128 0x2756629 24
1 dynarray.c:84 0x27569d9 24
2 dynarray.c:95 0x2756709 16
2 path.c:90 0x27566e9 12
1 path.c:143 0x27569b9 12
2 path.c:178 0x2756989 24
1 dynarray.c:84 0x27565c9 24
2 dynarray.c:95 0x2756659 16
2 path.c:191 0x27566c9 12
2 path.c:205 0x2756889 12
3 path.c:223 0x27566c9 0x27566c9 12 12
4 path.c:246 0x27566c9 12
4 path.c:31 0x2756889 12
4 dynarray.c:112 0x2756659 16
4 dynarray.c:113 0x27565c9 24
4 path.c:254 0x2756989 24
4 path.c:246 0x27569b9 12
4 path.c:31 0x27566e9 12
4 dynarray.c:112 0x2756709 16
4 dynarray.c:113 0x27569d9 24
4 path.c:254 0x2756629 24
2 path.c:128 0x2756629 24
1 dynarray.c:84 0x2756b09 24
2 dynarray.c:95 0x27569d9 16
2 path.c:90 0x27566e9 6
2 path.c:90 0x27569b9 8
1 path.c:143 0x27568a9 14
2 path.c:178 0x2756989 24
1 dynarray.c:84 0x2756709 24
2 dynarray.c:95 0x27565c9 16
2 path.c:191 0x2756889 14
2 path.c:205 0x2756969 6
3 path.c:223 0x2756889 0x2756889 14 6
4 path.c:246 0x2756889 6
4 path.c:31 0x2756969 6
4 dynarray.c:112 0x27565c9 16
4 dynarray.c:113 0x2756709 24
4 path.c:254 0x2756989 24
2 path.c:178 0x2756989 24
1 dynarray.c:84 0x2756659 24
2 dynarray.c:95 0x2756709 16
2 path.c:191 0x2756969 14
2 path.c:205 0x2756889 6
2 path.c:205 0x2756b39 8
3 path.c:223 0x2756969 0x2756969 14 14
4 path.c:246 0x2756969 14
4 path.c:31 0x2756889 6
4 path.c:31 0x2756b39 8
4 dynarray.c:112 0x2756709 16
4 dynarray.c:113 0x2756659 24
4 path.c:254 0x2756989 24
2 path.c:128 0x2756989 24
1 dynarray.c:84 0x27565c9 24
2 dynarray.c:95 0x2756659 16
2 path.c:90 0x2756b39 6
2 path.c:90 0x2756889 7
2 path.c:90 0x2756969 12
3 dynarray.c:69 0x2756cf9 0x2756659 16 32
1 path.c:143 0x2756709 25
2 path.c:178 0x2756659 24
1 dynarray.c:84 0x2756cc9 24
2 dynarray.c:95 0x2756d39 16
2 path.c:191 0x2756d69 25
2 path.c:205 0x2756d99 6
3 path.c:223 0x2756d69 0x2756d69 25 6
4 path.c:246 0x2756d69 6
4 path.c:31 0x2756d99 6
4 dynarray.c:112 0x2756d39 16
4 dynarray.c:113 0x2756cc9 24
4 path.c:254 0x2756659 24
2 path.c:178 0x2756659 24
1 dynarray.c:84 0x2756d69 24
2 dynarray.c:95 0x2756cc9 16
2 path.c:191 0x2756db9 25
2 path.c:205 0x2756d99 6
2 path.c:205 0x2756de9 7
3 path.c:223 0x2756db9 0x2756db9 25 13
4 path.c:246 0x2756db9 13
4 path.c:31 0x2756d99 6
4 path.c:31 0x2756de9 7
4 dynarray.c:112 0x2756cc9 16
4 dynarray.c:113 0x2756d69 24
4 path.c:254 0x2756659 24
2 path.c:178 0x2756659 24
1 dynarray.c:84 0x2756d39 24
2 dynarray.c:95 0x2756d69 24
2 path.c:191 0x2756db9 25
2 path.c:205 0x2756de9 6
2 path.c:205 0x2756d99 7
2 path.c:205 0x2756e09 12
3 path.c:223 0x2756db9 0x2756db9 25 25
4 path.c:246 0x2756db9 25
4 path.c:31 0x2756de9 6
4 path.c:31 0x2756d99 7
4 path.c:31 0x2756e09 12
4 dynarray.c:112 0x2756d69 24
4 dynarray.c:113 0x2756d39 24
4 path.c:254 0x2756659 24
4 path.c:246 0x2756709 25
4 path.c:31 0x2756b39 6
4 path.c:31 0x2756889 7
4 path.c:31 0x2756969 12
4 dynarray.c:112 0x2756cf9 32
4 dynarray.c:113 0x27565c9 24
4 path.c:254 0x2756989 24
2 path.c:128 0x2756989 24
1 dynarray.c:84 0x2756cc9 24
2 dynarray.c:95 0x27565c9 16
2 path.c:90 0x2756969 12
2 path.c:90 0x2756889 6
2 path.c:90 0x2756b39 9
3 dynarray.c:69 0x2756e29 0x27565c9 16 32
1 path.c:143 0x2756709 27
2 path.c:178 0x27565c9 24
1 dynarray.c:84 0x2756659 24
2 dynarray.c:95 0x2756d39 16
2 path.c:191 0x2756db9 27
2 path.c:205 0x2756e09 12
3 path.c:223 0x2756db9 0x2756db9 27 12
4 path.c:246 0x2756db9 12
4 path.c:31 0x2756e09 12
4 dynarray.c:112 0x2756d39 16
4 dynarray.c:113 0x2756659 24
4 path.c:254 0x27565c9 24
4 path.c:246 0x2756709 27
4 path.c:31 0x2756969 12
4 path.c:31 0x2756889 6
4 path.c:31 0x2756b39 9
4 dynarray.c:112 0x2756e29 32
4 dynarray.c:113 0x2756cc9 24
4 path.c:254 0x2756989 24
2 path.c:128 0x2756989 24
1 dynarray.c:84 0x2756d69 24
2 dynarray.c:95 0x2756cc9 16
2 path.c:90 0x2756b39 6
2 path.c:90 0x2756889 8
1 path.c:143 0x27566c9 14
2 path.c:178 0x27565c9 24
1 dynarray.c:84 0x2756709 24
2 dynarray.c:95 0x2756659 16
2 path.c:191 0x2756969 14
2 path.c:205 0x2756d99 6
3 path.c:223 0x2756969 0x2756969 14 6
4 path.c:246 0x2756969 6
4 path.c:31 0x2756d99 6
4 dynarray.c:112 0x2756659 16
4 dynarray.c:113 0x2756709 24
4 path.c:254 0x27565c9 24
2 path.c:178 0x27565c9 24
1 dynarray.c:84 0x2756d39 24
2 dynarray.c:95 0x2756709 16
2 path.c:191 0x2756d99 14
2 path.c:205 0x2756969 6
2 path.c:205 0x2756de9 8
3 path.c:223 0x2756d99 0x2756d99 14 14
4 path.c:246 0x2756d99 14
4 path.c:31 0x2756969 6
4 path.c:31 0x2756de9 8
4 dynarray.c:112 0x2756709 16
4 dynarray.c:113 0x2756d39 24
4 path.c:254 0x27565c9 24
2 path.c:178 0x27565c9 24
1 dynarray.c:84 0x2756659 24
2 dynarray.c:95 0x2756d39 16
2 path.c:191 0x2756de9 14
2 path.c:205 0x2756969 6
2 path.c:205 0x2756d99 8
3 path.c:223 0x2756de9 0x2756de9 14 14
1 bdtBad5.c:143 0x2756e29 32
2 path.c:178 0x2756db9 24
1 dynarray.c:84 0x2756709 24
2 dynarray.c:95 0x2756e69 16
2 path.c:191 0x2756e99 14
2 path.c:205 0x2756eb9 6
2 path.c:205 0x2756ed9 8
3 path.c:223 0x2756e99 0x2756e99 14 14
4 path.c:246 0x2756de9 14
4 path.c:31 0x2756969 6
4 path.c:31 0x2756d99 8
4 dynarray.c:112 0x2756d39 16
4 dynarray.c:113 0x2756659 24
4 path.c:254 0x27565c9 24
4 path.c:246 0x27566c9 14
4 path.c:31 0x2756b39 6
4 path.c:31 0x2756889 8
4 dynarray.c:112 0x2756cc9 16
4 dynarray.c:113 0x2756d69 24
4 path.c:254 0x2756989 24
2 path.c:128 0x2756989 24
1 dynarray.c:84 0x2756d39 24
2 dynarray.c:95 0x2756d69 16
2 path.c:90 0x2756889 6
2 path.c:90 0x2756b39 7
1 path.c:143 0x2756e09 13
2 path.c:178 0x27565c9 24
1 dynarray.c:84 0x2756cc9 24
2 dynarray.c:95 0x2756659 16
2 path.c:191 0x27566c9 13
2 path.c:205 0x2756969 6
3 path.c:223 0x27566c9 0x27566c9 13 6
4 path.c:246 0x27566c9 6
4 path.c:31 0x2756969 6
4 dynarray.c:112 0x2756659 16
4 dynarray.c:113 0x2756cc9 24
4 path.c:254 0x27565c9 24
2 path.c:178 0x27565c9 24
1 dynarray.c:84 0x2756659 24
2 dynarray.c:95 0x2756cc9 16
2 path.c:191 0x2756969 13
2 path.c:205 0x27566c9 6
2 path.c:205 0x2756de9 7
3 path.c:223 0x2756969 0x2756969 13 13
4 path.c:246 0x2756969 13
4 path.c:31 0x27566c9 6
4 path.c:31 0x2756de9 7
4 dynarray.c:112 0x2756cc9 16
4 dynarray.c:113 0x2756659 24
4 path.c:254 0x27565c9 24
2 path.c:178 0x27565c9 24
1 dynarray.c:84 0x2756cc9 24
2 dynarray.c:95 0x2756659 16
2 path.c:191 0x2756de9 13
2 path.c:205 0x27566c9 6
2 path.c:205 0x2756969 7
3 path.c:223 0x2756de9 0x2756de9 13 13
1 bdtBad5.c:143 0x2756cf9 32
2 path.c:178 0x2756ef9 24
1 dynarray.c:84 0x2756939 24
2 dynarray.c:95 0x2756f29 16
2 path.c:191 0x2756f59 13
2 path.c:205 0x2756f79 6
2 path.c:205 0x2756f99 7
3 path.c:223 0x2756f59 0x2756f59 13 13
4 path.c:246 0x2756f59 13
4 path.c:31 0x2756f79 6
4 path.c:31 0x2756f99 7
4 dynarray.c:112 0x2756f29 16
4 dynarray.c:113 0x2756939 24
4 path.c:254 0x2756ef9 24
4 bdtBad5.c:193 0x2756cf9 32
4 path.c:246 0x2756e09 13
4 path.c:31 0x2756889 6
4 path.c:31 0x2756b39 7
4 dynarray.c:112 0x2756d69 16
4 dynarray.c:113 0x2756d39 24
4 path.c:254 0x2756989 24
4 path.c:246 0x2756de9 13
4 path.c:31 0x27566c9 6
4 path.c:31 0x2756969 7
4 dynarray.c:112 0x2756659 16
4 dynarray.c:113 0x2756cc9 24
4 path.c:254 0x27565c9 24
2 path.c:128 0x27565c9 24
1 dynarray.c:84 0x2756939 24
2 dynarray.c:95 0x2756cc9 16
2 path.c:90 0x2756969 6
2 path.c:90 0x27566c9 4
2 path.c:90 0x2756de9 5
3 dynarray.c:69 0x2756fb9 0x2756cc9 16 32
2 path.c:90 0x2756b39 7
1 path.c:143 0x2756659 22
2 path.c:178 0x2756cc9 24
1 dynarray.c:84 0x2756989 24
2 dynarray.c:95 0x2756d39 16
2 path.c:191 0x2756ef9 22
2 path.c:205 0x2756889 6
3 path.c:223 0x2756ef9 0x2756ef9 22 6
4 path.c:246 0x2756ef9 6
4 path.c:31 0x2756889 6
4 dynarray.c:112 0x2756d39 16
4 dynarray.c:113 0x2756989 24
4 path.c:254 0x2756cc9 24
2 path.c:178 0x2756cc9 24
1 dynarray.c:84 0x2756d69 24
2 dynarray.c:95 0x2756989 16
2 path.c:191 0x2756ef9 22
2 path.c:205 0x2756889 6
2 path.c:205 0x2756e09 4
3 path.c:223 0x2756ef9 0x2756ef9 22 10
4 path.c:246 0x2756ef9 10
4 path.c:31 0x2756889 6
4 path.c:31 0x2756e09 4
4 dynarray.c:112 0x2756989 16
4 dynarray.c:113 0x2756d69 24
4 path.c:254 0x2756cc9 24
2 path.c:178 0x2756cc9 24
1 dynarray.c:84 0x2756d39 24
2 dynarray.c:95 0x2756d69 16
2 path.c:191 0x2756ef9 22
2 path.c:205 0x2756e09 6
2 path.c:205 0x2756889 4
3 path.c:223 0x2756ef9 0x2756ef9 22 10
1 bdtBad5.c:143 0x2756cf9 32
2 path.c:178 0x2756ff9 24
1 dynarray.c:84 0x2756989 24
2 dynarray.c:95 0x2757029 16
2 path.c:191 0x2756f99 10
2 path.c:205 0x2756f79 6
2 path.c:205 0x2756f59 4
3 path.c:223 0x2756f99 0x2756f99 10 10
4 path.c:246 0x2756f99 10
4 path.c:31 0x2756f79 6
4 path.c:31 0x2756f59 4
4 dynarray.c:112 0x2757029 16
4 dynarray.c:113 0x2756989 24
4 path.c:254 0x2756ff9 24
4 bdtBad5.c:193 0x2756cf9 32
4 path.c:246 0x2756659 22
4 path.c:31 0x2756969 6
4 path.c:31 0x27566c9 4
4 path.c:31 0x2756de9 5
4 path.c:31 0x2756b39 7
4 dynarray.c:112 0x2756fb9 32
4 dynarray.c:113 0x2756939 24
4 path.c:254 0x27565c9 24
4 path.c:246 0x2756ef9 10
4 path.c:31 0x2756e09 6
4 path.c:31 0x2756889 4
4 dynarray.c:112 0x2756d69 16
4 dynarray.c:113 0x2756d39 24
4 path.c:254 0x2756cc9 24
2 path.c:128 0x2756cc9 24
1 dynarray.c:84 0x2757029 24
2 dynarray.c:95 0x2756d39 16
2 path.c:90 0x2756889 6
1 path.c:143 0x2756d99 6
2 path.c:178 0x2756ef9 24
1 dynarray.c:84 0x2756d69 24
2 dynarray.c:95 0x27565c9 16
2 path.c:191 0x2756e09 6
2 path.c:205 0x2756de9 6
3 path.c:223 0x2756e09 0x2756e09 6 6
4 path.c:246 0x2756e09 6
4 path.c:31 0x2756de9 6
4 dynarray.c:112 0x27565c9 16
4 dynarray.c:113 0x2756d69 24
4 path.c:254 0x2756ef9 24
4 path.c:246 0x2756d99 6
4 path.c:31 0x2756889 6
4 dynarray.c:112 0x2756d39 16
4 dynarray.c:113 0x2757029 24
4 path.c:254 0x2756cc9 24
2 path.c:128 0x2756cc9 24
1 dynarray.c:84 0x2756939 24
2 dynarray.c:95 0x2757029 16
2 path.c:90 0x2756889 6
2 path.c:90 0x2756d99 7
1 path.c:143 0x2756b39 13
2 path.c:178 0x2756ef9 24
1 dynarray.c:84 0x2756d39 24
2 dynarray.c:95 0x2756d69 16
2 path.c:191 0x2756de9 13
2 path.c:205 0x27566c9 6
3 path.c:223 0x2756de9 0x2756de9 13 6
4 path.c:246 0x2756de9 6
4 path.c:31 0x27566c9 6
4 dynarray.c:112 0x2756d69 16
4 dynarray.c:113 0x2756d39 24
4 path.c:254 0x2756ef9 24
2 path.c:178 0x2756ef9 24
1 dynarray.c:84 0x27565c9 24
2 dynarray.c:95 0x2756d39 16
2 path.c:191 0x27566c9 13
2 path.c:205 0x2756de9 6
2 path.c:205 0x2756969 7
3 path.c:223 0x27566c9 0x27566c9 13 13
4 path.c:246 0x27566c9 13
4 path.c:31 0x2756de9 6
4 path.c:31 0x2756969 7
4 dynarray.c:112 0x2756d39 16
4 dynarray.c:113 0x27565c9 24
4 path.c:254 0x2756ef9 24
4 path.c:246 0x2756b39 13
4 path.c:31 0x2756889 6
4 path.c:31 0x2756d99 7
4 dynarray.c:112 0x2757029 16
4 dynarray.c:113 0x2756939 24
4 path.c:254 0x2756cc9 24
2 path.c:128 0x2756cc9 24
1 dynarray.c:84 0x2756d69 24
2 dynarray.c:95 0x2756939 16
2 path.c:90 0x2756d99 6
2 path.c:90 0x2756889 8
1 path.c:143 0x2756e09 14
2 path.c:178 0x2756ef9 24
1 dynarray.c:84 0x2757029 24
2 dynarray.c:95 0x27565c9 16
2 path.c:191 0x2756b39 14
2 path.c:205 0x2756de9 6
3 path.c:223 0x2756b39 0x2756b39 14 6
4 path.c:246 0x2756b39 6
4 path.c:31 0x2756de9 6
4 dynarray.c:112 0x27565c9 16
4 dynarray.c:113 0x2757029 24
4 path.c:254 0x2756ef9 24
2 path.c:178 0x2756ef9 24
1 dynarray.c:84 0x2756d39 24
2 dynarray.c:95 0x2757029 16
2 path.c:191 0x2756de9 14
2 path.c:205 0x2756b39 6
2 path.c:205 0x27566c9 8
3 path.c:223 0x2756de9 0x2756de9 14 14
4 path.c:246 0x2756de9 14
4 path.c:31 0x2756b39 6
4 path.c:31 0x27566c9 8
4 dynarray.c:112 0x2757029 16
4 dynarray.c:113 0x2756d39 24
4 path.c:254 0x2756ef9 24
4 path.c:246 0x2756e09 14
4 path.c:31 0x2756d99 6
4 path.c:31 0x2756889 8
4 dynarray.c:112 0x2756939 16
4 dynarray.c:113 0x2756d69 24
4 path.c:254 0x2756cc9 24
2 path.c:128 0x2756cc9 24
1 dynarray.c:84 0x27565c9 24
2 dynarray.c:95 0x2756d69 16
2 path.c:90 0x2756889 6
2 path.c:90 0x2756d99 7
1 path.c:143 0x2756969 13
2 path.c:178 0x2756ef9 24
1 dynarray.c:84 0x2756939 24
2 dynarray.c:95 0x2756d39 16
2 path.c:191 0x2756e09 13
2 path.c:205 0x2756b39 6
3 path.c:223 0x2756e09 0x2756e09 13 6
4 path.c:246 0x2756e09 6
4 path.c:31 0x2756b39 6
4 dynarray.c:112 0x2756d39 16
4 dynarray.c:113 0x2756939 24
4 path.c:254 0x2756ef9 24
2 path.c:178 0x2756ef9 24
1 dynarray.c:84 0x2757029 24
2 dynarray.c:95 0x2756939 16
2 path.c:191 0x2756b39 13
2 path.c:205 0x2756e09 6
2 path.c:205 0x2756de9 7
3 path.c:223 0x2756b39 0x2756b39 13 13
4 path.c:246 0x2756b39 13
4 path.c:31 0x2756e09 6
4 path.c:31 0x2756de9 7
4 dynarray.c:112 0x2756939 16
4 dynarray.c:113 0x2757029 24
4 path.c:254 0x2756ef9 24
2 path.c:128 0x2756ef9 24
1 dynarray.c:84 0x2756d39 24
2 dynarray.c:95 0x2757029 16
2 path.c:90 0x2756de9 6
2 path.c:90 0x2756e09 4
1 path.c:143 0x27566c9 10
2 path.c:178 0x2756659 24
1 dynarray.c:84 0x2756939 24
2 dynarray.c:95 0x2756ff9 16
2 path.c:191 0x2756b39 10
2 path.c:205 0x2756f79 6
3 path.c:223 0x2756b39 0x2756b39 10 6
4 path.c:246 0x2756b39 6
4 path.c:31 0x2756f79 6
4 dynarray.c:112 0x2756ff9 16
4 dynarray.c:113 0x2756939 24
4 path.c:254 0x2756659 24
2 path.c:178 0x2756659 24
1 dynarray.c:84 0x2756989 24
2 dynarray.c:95 0x2756939 16
2 path.c:191 0x2756f79 10
2 path.c:205 0x2756b39 6
2 path.c:205 0x2756f99 4
3 path.c:223 0x2756f79 0x2756f79 10 10
4 path.c:246 0x2756f79 10
4 path.c:31 0x2756b39 6
4 path.c:31 0x2756f99 4
4 dynarray.c:112 0x2756939 16
4 dynarray.c:113 0x2756989 24
4 path.c:254 0x2756659 24
2 path.c:128 0x2756659 24
1 dynarray.c:84 0x2756ff9 24
2 dynarray.c:95 0x2756989 16
2 path.c:90 0x2756f99 6
2 path.c:90 0x2756b39 4
2 path.c:90 0x2756f79 5
3 dynarray.c:69 0x2757059 0x2756989 16 32
1 path.c:143 0x2756939 15
2 path.c:178 0x2756989 24
1 dynarray.c:84 0x2756f29 24
2 dynarray.c:95 0x2757099 16
2 path.c:191 0x27570c9 15
2 path.c:205 0x27570f9 6
3 path.c:223 0x27570c9 0x27570c9 15 6
4 path.c:246 0x27570c9 6
4 path.c:31 0x27570f9 6
4 dynarray.c:112 0x2757099 16
4 dynarray.c:113 0x2756f29 24
4 path.c:254 0x2756989 24
2 path.c:178 0x2756989 24
1 dynarray.c:84 0x2757099 24
2 dynarray.c:95 0x2756f29 16
2 path.c:191 0x2757119 15
2 path.c:205 0x27570f9 6
2 path.c:205 0x2757149 4
3 path.c:223 0x2757119 0x2757119 15 10
4 path.c:246 0x2757119 10
4 path.c:31 0x27570f9 6
4 path.c:31 0x2757149 4
4 dynarray.c:112 0x2756f29 16
4 dynarray.c:113 0x2757099 24
4 path.c:254 0x2756989 24
2 path.c:128 0x2756989 24
1 dynarray.c:84 0x2757119 24
2 dynarray.c:95 0x2757099 16
2 path.c:90 0x2757149 6
2 path.c:90 0x27570f9 4
2 path.c:90 0x2757169 5
3 dynarray.c:69 0x2757189 0x2757099 16 32
2 path.c:90 0x27571c9 7
1 path.c:143 0x2756f29 22
2 path.c:178 0x2757099 24
1 dynarray.c:84 0x27570c9 24
2 dynarray.c:95 0x27571e9 16
2 path.c:191 0x2757219 22
2 path.c:205 0x2757249 6
3 path.c:223 0x2757219 0x2757219 22 6
4 path.c:246 0x2757219 6
4 path.c:31 0x2757249 6
4 dynarray.c:112 0x27571e9 16
4 dynarray.c:113 0x27570c9 24
4 path.c:254 0x2757099 24
2 path.c:178 0x2757099 24
1 dynarray.c:84 0x27571e9 24
2 dynarray.c:95 0x27570c9 16
2 path.c:191 0x2757269 22
2 path.c:205 0x2757249 6
2 path.c:205 0x2757299 4
3 path.c:223 0x2757269 0x2757269 22 10
4 path.c:246 0x2757269 10
4 path.c:31 0x2757249 6
4 path.c:31 0x2757299 4
4 dynarray.c:112 0x27570c9 16
4 dynarray.c:113 0x27571e9 24
4 path.c:254 0x2757099 24
1 dynarray.c:84 0x2757269 24
2 dynarray.c:95 0x27572b9 32
1 bdtBad5.c:662 0x27572f9 59
4 dynarray.c:112 0x27572b9 32
4 dynarray.c:113 0x2757269 24
4 bdt_client.c:82 0x27572f9 59
2 path.c:128 0x2757099 24
1 dynarray.c:84 0x2757269 24
2 dynarray.c:95 0x27571e9 16
2 path.c:90 0x2757299 6
2 path.c:90 0x2757249 7
2 path.c:90 0x2757349 12
3 dynarray.c:69 0x2757369 0x27571e9 16 32
1 path.c:143 0x27570c9 25
2 path.c:178 0x27571e9 24
1 dynarray.c:84 0x2757219 24
2 dynarray.c:95 0x27573a9 16
2 path.c:191 0x27573d9 25
2 path.c:205 0x2757409 6
3 path.c:223 0x27573d9 0x27573d9 25 6
4 path.c:246 0x27573d9 6
4 path.c:31 0x2757409 6
4 dynarray.c:112 0x27573a9 16
4 dynarray.c:113 0x2757219 24
4 path.c:254 0x27571e9 24
2 path.c:178 0x27571e9 24
1 dynarray.c:84 0x27573a9 24
2 dynarray.c:95 0x2757219 16
2 path.c:191 0x2757429 25
2 path.c:205 0x2757409 6
2 path.c:205 0x2757459 7
3 path.c:223 0x2757429 0x2757429 25 13
4 path.c:246 0x2757429 13
4 path.c:31 0x2757409 6
4 path.c:31 0x2757459 7
4 dynarray.c:112 0x2757219 16
4 dynarray.c:113 0x27573a9 24
4 path.c:254 0x27571e9 24
2 path.c:178 0x27571e9 24
1 dynarray.c:84 0x2757429 24
2 dynarray.c:95 0x27573a9 24
2 path.c:191 0x2757479 25
2 path.c:205 0x2757459 6
2 path.c:205 0x2757409 7
2 path.c:205 0x27574a9 12
3 path.c:223 0x2757479 0x2757479 25 25
4 path.c:246 0x2757479 25
4 path.c:31 0x2757459 6
4 path.c:31 0x2757409 7
4 path.c:31 0x27574a9 12
4 dynarray.c:112 0x27573a9 24
4 dynarray.c:113 0x2757429 24
4 path.c:254 0x27571e9 24
4 path.c:246 0x27570c9 25
4 path.c:31 0x2757299 6
4 path.c:31 0x2757249 7
4 path.c:31 0x2757349 12
4 dynarray.c:112 0x2757369 32
4 dynarray.c:113 0x2757269 24
4 path.c:254 0x2757099 24
2 path.c:128 0x2757099 24
1 dynarray.c:84 0x2757219 24
2 dynarray.c:95 0x2757269 16
2 path.c:90 0x2757349 6
2 path.c:90 0x2757249 8
2 path.c:90 0x2757299 12
3 dynarray.c:69 0x27574c9 0x2757269 16 32
1 path.c:143 0x27570c9 26
2 path.c:178 0x2757269 24
1 dynarray.c:84 0x27571e9 24
2 dynarray.c:95 0x2757429 16
2 path.c:191 0x2757479 26
2 path.c:205 0x27574a9 6
3 path.c:223 0x2757479 0x2757479 26 6
4 path.c:246 0x2757479 6
4 path.c:31 0x27574a9 6
4 dynarray.c:112 0x2757429 16
4 dynarray.c:113 0x27571e9 24
4 path.c:254 0x2757269 24
2 path.c:178 0x2757269 24
1 dynarray.c:84 0x27573a9 24
2 dynarray.c:95 0x27571e9 16
2 path.c:191 0x2757479 26
2 path.c:205 0x27574a9 6
2 path.c:205 0x2757409 8
3 path.c:223 0x2757479 0x2757479 26 14
4 path.c:246 0x2757479 14
4 path.c:31 0x27574a9 6
4 path.c:31 0x2757409 8
4 dynarray.c:112 0x27571e9 16
4 dynarray.c:113 0x27573a9 24
4 path.c:254 0x2757269 24
2 path.c:178 0x2757269 24
1 dynarray.c:84 0x2757429 24
2 dynarray.c:95 0x27573a9 24
2 path.c:191 0x2757479 26
2 path.c:205 0x2757409 6
2 path.c:205 0x27574a9 8
2 path.c:205 0x2757459 12
3 path.c:223 0x2757479 0x2757479 26 26
4 path.c:246 0x2757479 26
4 path.c:31 0x2757409 6
4 path.c:31 0x27574a9 8
4 path.c:31 0x2757459 12
4 dynarray.c:112 0x27573a9 24
4 dynarray.c:113 0x2757429 24
4 path.c:254 0x2757269 24
2 path.c:128 0x2757269 24
1 dynarray.c:84 0x27571e9 24
2 dynarray.c:95 0x2757429 16
2 path.c:90 0x2757459 6
2 path.c:90 0x27574a9 8
2 path.c:90 0x2757409 12
3 dynarray.c:69 0x2757509 0x2757429 16 32
1 path.c:143 0x27573a9 26
2 path.c:178 0x2757429 24
1 dynarray.c:84 0x2757479 24
2 dynarray.c:95 0x2757549 16
2 path.c:191 0x2757579 26
2 path.c:205 0x27575a9 6
3 path.c:223 0x2757579 0x2757579 26 6
4 path.c:246 0x2757579 6
4 path.c:31 0x27575a9 6
4 dynarray.c:112 0x2757549 16
4 dynarray.c:113 0x2757479 24
4 path.c:254 0x2757429 24
2 path.c:178 0x2757429 24
1 dynarray.c:84 0x2757579 24
2 dynarray.c:95 0x2757479 16
2 path.c:191 0x27575c9 26
2 path.c:205 0x27575a9 6
2 path.c:205 0x27575f9 8
3 path.c:223 0x27575c9 0x27575c9 26 14
4 path.c:246 0x27575c9 14
4 path.c:31 0x27575a9 6
4 path.c:31 0x27575f9 8
4 dynarray.c:112 0x2757479 16
4 dynarray.c:113 0x2757579 24
4 path.c:254 0x2757429 24
2 path.c:178 0x2757429 24
1 dynarray.c:84 0x2757549 24
2 dynarray.c:95 0x2757579 24
2 path.c:191 0x27575c9 26
2 path.c:205 0x27575f9 6
2 path.c:205 0x27575a9 8
2 path.c:205 0x2757619 12
3 path.c:223 0x27575c9 0x27575c9 26 26
4 path.c:246 0x27575c9 26
4 path.c:31 0x27575f9 6
4 path.c:31 0x27575a9 8
4 path.c:31 0x2757619 12
4 dynarray.c:112 0x2757579 24
4 dynarray.c:113 0x2757549 24
4 path.c:254 0x2757429 24
2 path.c:178 0x2757429 24
1 dynarray.c:84 0x2757479 24
2 dynarray.c:95 0x2757549 24
2 path.c:191 0x27575c9 26
2 path.c:205 0x2757619 6
2 path.c:205 0x27575a9 8
2 path.c:205 0x27575f9 12
3 path.c:223 0x27575c9 0x27575c9 26 26
1 bdtBad5.c:143 0x2757369 32
2 path.c:178 0x2757639 24
1 dynarray.c:84 0x2757579 24
2 dynarray.c:95 0x2757669 24
2 path.c:191 0x2757699 26
2 path.c:205 0x27576c9 6
2 path.c:205 0x27576e9 8
2 path.c:205 0x2757709 12
3 path.c:223 0x2757699 0x2757699 26 26
4 path.c:246 0x27575c9 26
4 path.c:31 0x2757619 6
4 path.c:31 0x27575a9 8
4 path.c:31 0x27575f9 12
4 dynarray.c:112 0x2757549 24
4 dynarray.c:113 0x2757479 24
4 path.c:254 0x2757429 24
4 path.c:246 0x27573a9 26
4 path.c:31 0x2757459 6
4 path.c:31 0x27574a9 8
4 path.c:31 0x2757409 12
4 dynarray.c:112 0x2757509 32
4 dynarray.c:113 0x27571e9 24
4 path.c:254 0x2757269 24
2 path.c:128 0x2757269 24
1 dynarray.c:84 0x27575c9 24
2 dynarray.c:95 0x27571e9 16
2 path.c:90 0x2757409 6
2 path.c:90 0x27574a9 7
2 path.c:90 0x2757459 12
3 dynarray.c:69 0x2757729 0x27571e9 16 32
1 path.c:143 0x27573a9 25
2 path.c:178 0x27571e9 24
1 dynarray.c:84 0x2757429 24
2 dynarray.c:95 0x2757479 16
2 path.c:191 0x2757769 25
2 path.c:205 0x27575f9 6
3 path.c:223 0x2757769 0x2757769 25 6
4 path.c:246 0x2757769 6
4 path.c:31 0x27575f9 6
4 dynarray.c:112 0x2757479 16
4 dynarray.c:113 0x2757429 24
4 path.c:254 0x27571e9 24
2 path.c:178 0x27571e9 24
1 dynarray.c:84 0x2757549 24
2 dynarray.c:95 0x2757429 16
2 path.c:191 0x2757769 25
2 path.c:205 0x27575f9 6
2 path.c:205 0x27575a9 7
3 path.c:223 0x2757769 0x2757769 25 13
4 path.c:246 0x2757769 13
4 path.c:31 0x27575f9 6
4 path.c:31 0x27575a9 7
4 dynarray.c:112 0x2757429 16
4 dynarray.c:113 0x2757549 24
4 path.c:254 0x27571e9 24
2 path.c:178 0x27571e9 24
1 dynarray.c:84 0x2757479 24
2 dynarray.c:95 0x2757549 24
2 path.c:191 0x2757769 25
2 path.c:205 0x27575a9 6
2 path.c:205 0x27575f9 7
2 path.c:205 0x2757619 12
3 path.c:223 0x2757769 0x2757769 25 25
4 path.c:246 0x2757769 25
4 path.c:31 0x27575a9 6
4 path.c:31 0x27575f9 7
4 path.c:31 0x2757619 12
4 dynarray.c:112 0x2757549 24
4 dynarray.c:113 0x2757479 24
4 path.c:254 0x27571e9 24
4 path.c:246 0x27573a9 25
4 path.c:31 0x2757409 6
4 path.c:31 0x27574a9 7
4 path.c:31 0x2757459 12
4 dynarray.c:112 0x2757729 32
4 dynarray.c:113 0x27575c9 24
4 path.c:254 0x2757269 24
2 path.c:128 0x2757269 24
1 dynarray.c:84 0x2757429 24
2 dynarray.c:95 0x27575c9 16
2 path.c:90 0x2757459 6
2 path.c:90 0x27574a9 8
2 path.c:90 0x2757409 12
3 dynarray.c:69 0x2757799 0x27575c9 16 32
1 path.c:143 0x27573a9 26
2 path.c:178 0x27575c9 24
1 dynarray.c:84 0x27571e9 24
2 dynarray.c:95 0x2757479 16
2 path.c:191 0x2757769 26
2 path.c:205 0x2757619 6
3 path.c:223 0x2757769 0x2757769 26 6
4 path.c:246 0x2757769 6
4 path.c:31 0x2757619 6
4 dynarray.c:112 0x2757479 16
4 dynarray.c:113 0x27571e9 24
4 path.c:254 0x27575c9 24
2 path.c:178 0x27575c9 24
1 dynarray.c:84 0x2757549 24
2 dynarray.c:95 0x27571e9 16
2 path.c:191 0x2757769 26
2 path.c:205 0x2757619 6
2 path.c:205 0x27575f9 8
3 path.c:223 0x2757769 0x2757769 26 14
4 path.c:246 0x2757769 14
4 path.c:31 0x2757619 6
4 path.c:31 0x27575f9 8
4 dynarray.c:112 0x27571e9 16
4 dynarray.c:113 0x2757549 24
4 path.c:254 0x27575c9 24
2 path.c:178 0x27575c9 24
1 dynarray.c:84 0x2757479 24
2 dynarray.c:95 0x2757549 24
2 path.c:191 0x2757769 26
2 path.c:205 0x27575f9 6
2 path.c:205 0x2757619 8
2 path.c:205 0x27575a9 12
3 path.c:223 0x2757769 0x2757769 26 26
4 path.c:246 0x2757769 26
4 path.c:31 0x27575f9 6
4 path.c:31 0x2757619 8
4 path.c:31 0x27575a9 12
4 dynarray.c:112 0x2757549 24
4 dynarray.c:113 0x2757479 24
4 path.c:254 0x27575c9 24
4 path.c:246 0x27573a9 26
4 path.c:31 0x2757459 6
4 path.c:31 0x27574a9 8
4 path.c:31 0x2757409 12
4 dynarray.c:112 0x2757799 32
4 dynarray.c:113 0x2757429 24
4 path.c:254 0x2757269 24
2 path.c:128 0x2757269 24
1 dynarray.c:84 0x27571e9 24
2 dynarray.c:95 0x2757429 16
2 path.c:90 0x2757409 6
2 path.c:90 0x27574a9 8
2 path.c:90 0x2757459 12
3 dynarray.c:69 0x2757799 0x2757429 16 32
1 path.c:143 0x27573a9 26
2 path.c:178 0x2757429 24
1 dynarray.c:84 0x27575c9 24
2 dynarray.c:95 0x2757479 16
2 path.c:191 0x2757769 26
2 path.c:205 0x27575a9 6
3 path.c:223 0x2757769 0x2757769 26 6
4 path.c:246 0x2757769 6
4 path.c:31 0x27575a9 6
4 dynarray.c:112 0x2757479 16
4 dynarray.c:113 0x27575c9 24
4 path.c:254 0x2757429 24
2 path.c:178 0x2757429 24
1 dynarray.c:84 0x2757549 24
2 dynarray.c:95 0x27575c9 16
2 path.c:191 0x2757769 26
2 path.c:205 0x27575a9 6
2 path.c:205 0x2757619 8
3 path.c:223 0x2757769 0x2757769 26 14
4 path.c:246 0x2757769 14
4 path.c:31 0x27575a9 6
4 path.c:31 0x2757619 8
4 dynarray.c:112 0x27575c9 16
4 dynarray.c:113 0x2757549 24
4 path.c:254 0x2757429 24
2 path.c:178 0x2757429 24
1 dynarray.c:84 0x2757479 24
2 dynarray.c:95 0x2757549 24
2 path.c:191 0x2757769 26
2 path.c:205 0x2757619 6
2 path.c:205 0x27575a9 8
2 path.c:205 0x27575f9 12
3 path.c:223 0x2757769 0x2757769 26 26
4 path.c:246 0x2757769 26
4 path.c:31 0x2757619 6
4 path.c:31 0x27575a9 8
4 path.c:31 0x27575f9 12
4 dynarray.c:112 0x2757549 24
4 dynarray.c:113 0x2757479 24
4 path.c:254 0x2757429 24
4 path.c:246 0x27573a9 26
4 path.c:31 0x2757409 6
4 path.c:31 0x27574a9 8
4 path.c:31 0x2757459 12
4 dynarray.c:112 0x2757799 32
4 dynarray.c:113 0x27571e9 24
4 path.c:254 0x2757269 24
2 path.c:128 0x2757269 24
1 dynarray.c:84 0x27575c9 24
2 dynarray.c:95 0x27571e9 16
2 path.c:90 0x2757459 6
2 path.c:90 0x27574a9 8
2 path.c:90 0x2757409 12
3 dynarray.c:69 0x2757799 0x27571e9 16 32
2 path.c:90 0x27575f9 6
1 path.c:143 0x2757729 32
2 path.c:178 0x27571e9 24
1 dynarray.c:84 0x27573a9 24
2 dynarray.c:95 0x2757429 16
2 path.c:191 0x27577d9 32
2 path.c:205 0x27575a9 6
3 path.c:223 0x27577d9 0x27577d9 32 6
4 path.c:246 0x27577d9 6
4 path.c:31 0x27575a9 6
4 dynarray.c:112 0x2757429 16
4 dynarray.c:113 0x27573a9 24
4 path.c:254 0x27571e9 24
2 path.c:178 0x27571e9 24
1 dynarray.c:84 0x2757479 24
2 dynarray.c:95 0x27573a9 16
2 path.c:191 0x2757819 32
2 path.c:205 0x27575a9 6
2 path.c:205 0x27577d9 8
3 path.c:223 0x2757819 0x2757819 32 14
4 path.c:246 0x2757819 14
4 path.c:31 0x27575a9 6
4 path.c:31 0x27577d9 8
4 dynarray.c:112 0x27573a9 16
4 dynarray.c:113 0x2757479 24
4 path.c:254 0x27571e9 24
2 path.c:178 0x27571e9 24
1 dynarray.c:84 0x2757429 24
2 dynarray.c:95 0x2757479 24
2 path.c:191 0x2757859 32
2 path.c:205 0x27577d9 6
2 path.c:205 0x27575a9 8
2 path.c:205 0x2757819 12
3 path.c:223 0x2757859 0x2757859 32 26
4 path.c:246 0x2757859 26
4 path.c:31 0x27577d9 6
4 path.c:31 0x27575a9 8
4 path.c:31 0x2757819 12
4 dynarray.c:112 0x2757479 24
4 dynarray.c:113 0x2757429 24
4 path.c:254 0x27571e9 24
2 path.c:178 0x27571e9 24
1 dynarray.c:84 0x27573a9 24
2 dynarray.c:95 0x2757899 32
2 path.c:191 0x27578d9 32
2 path.c:205 0x2757819 6
2 path.c:205 0x27575a9 8
2 path.c:205 0x27577d9 12
2 path.c:205 0x2757839 6
3 path.c:223 0x27578d9 0x27578d9 32 32
4 path.c:246 0x27578d9 32
4 path.c:31 0x2757819 6
4 path.c:31 0x27575a9 8
4 path.c:31 0x27577d9 12
4 path.c:31 0x2757839 6
4 dynarray.c:112 0x2757899 32
4 dynarray.c:113 0x27573a9 24
4 path.c:254 0x27571e9 24
2 path.c:178 0x27571e9 24
1 dynarray.c:84 0x27573a9 24
2 dynarray.c:95 0x2757899 32
2 path.c:191 0x27578d9 32
2 path.c:205 0x2757839 6
2 path.c:205 0x27577d9 8
2 path.c:205 0x27575a9 12
2 path.c:205 0x2757819 6
3 path.c:223 0x27578d9 0x27578d9 32 32
1 bdtBad5.c:143 0x2757859 32
2 path.c:178 0x2757429 24
1 dynarray.c:84 0x2757479 24
2 dynarray.c:95 0x2757919 32
2 path.c:191 0x2757959 32
2 path.c:205 0x27577f9 6
2 path.c:205 0x2757619 8
2 path.c:205 0x2757999 12
2 path.c:205 0x27579b9 6
3 path.c:223 0x2757959 0x2757959 32 32
4 path.c:246 0x27578d9 32
4 path.c:31 0x2757839 6
4 path.c:31 0x27577d9 8
4 path.c:31 0x27575a9 12
4 path.c:31 0x2757819 6
4 dynarray.c:112 0x2757899 32
4 dynarray.c:113 0x27573a9 24
4 path.c:254 0x27571e9 24
4 path.c:246 0x2757729 32
4 path.c:31 0x2757459 6
4 path.c:31 0x27574a9 8
4 path.c:31 0x2757409 12
4 path.c:31 0x27575f9 6
4 dynarray.c:112 0x2757799 32
4 dynarray.c:113 0x27575c9 24
4 path.c:254 0x2757269 24
2 path.c:128 0x2757269 24
1 dynarray.c:84 0x27573a9 24
2 dynarray.c:95 0x27575c9 16
2 path.c:90 0x27575f9 6
2 path.c:90 0x2757409 8
2 path.c:90 0x27574a9 12
3 dynarray.c:69 0x2757799 0x27575c9 16 32
2 path.c:90 0x2757459 6
1 path.c:143 0x27578d9 32
2 path.c:178 0x27575c9 24
1 dynarray.c:84 0x27571e9 24
2 dynarray.c:95 0x2757549 16
2 path.c:191 0x2757729 32
2 path.c:205 0x2757819 6
3 path.c:223 0x2757729 0x2757729 32 6
4 path.c:246 0x2757729 6
4 path.c:31 0x2757819 6
4 dynarray.c:112 0x2757549 16
4 dynarray.c:113 0x27571e9 24
4 path.c:254 0x27575c9 24
2 path.c:178 0x27575c9 24
1 dynarray.c:84 0x2757769 24
2 dynarray.c:95 0x27571e9 16
2 path.c:191 0x27579d9 32
2 path.c:205 0x2757819 6
2 path.c:205 0x2757729 8
3 path.c:223 0x27579d9 0x27579d9 32 14
4 path.c:246 0x27579d9 14
4 path.c:31 0x2757819 6
4 path.c:31 0x2757729 8
4 dynarray.c:112 0x27571e9 16
4 dynarray.c:113 0x2757769 24
4 path.c:254 0x27575c9 24
2 path.c:178 0x27575c9 24
1 dynarray.c:84 0x2757549 24
2 dynarray.c:95 0x2757769 24
2 path.c:191 0x2757a19 32
2 path.c:205 0x2757729 6
2 path.c:205 0x2757819 8
2 path.c:205 0x27579d9 12
3 path.c:223 0x2757a19 0x2757a19 32 26
4 path.c:246 0x2757a19 26
4 path.c:31 0x2757729 6
4 path.c:31 0x2757819 8
4 path.c:31 0x27579d9 12
4 dynarray.c:112 0x2757769 24
4 dynarray.c:113 0x2757549 24
4 path.c:254 0x27575c9 24
2 path.c:178 0x27575c9 24
1 dynarray.c:84 0x27571e9 24
2 dynarray.c:95 0x2757a19 32
2 path.c:191 0x2757a59 32
2 path.c:205 0x27579d9 6
2 path.c:205 0x2757819 8
2 path.c:205 0x2757729 12
2 path.c:205 0x27579f9 6
3 path.c:223 0x2757a59 0x2757a59 32 32
4 path.c:246 0x2757a59 32
4 path.c:31 0x27579d9 6
4 path.c:31 0x2757819 8
4 path.c:31 0x2757729 12
4 path.c:31 0x27579f9 6
4 dynarray.c:112 0x2757a19 32
4 dynarray.c:113 0x27571e9 24
4 path.c:254 0x27575c9 24
4 path.c:246 0x27578d9 32
4 path.c:31 0x27575f9 6
4 path.c:31 0x2757409 8
4 path.c:31 0x27574a9 12
4 path.c:31 0x2757459 6
4 dynarray.c:112 0x2757799 32
4 dynarray.c:113 0x27573a9 24
4 path.c:254 0x2757269 24
1 dynarray.c:84 0x27571e9 24
2 dynarray.c:95 0x2757a99 48
1 bdtBad5.c:662 0x2757ae9 117
4 dynarray.c:112 0x2757a99 48
4 dynarray.c:113 0x27571e9 24
4 bdt_client.c:96 0x2757ae9 117
2 path.c:128 0x2757269 24
1 dynarray.c:84 0x27571e9 24
2 dynarray.c:95 0x27573a9 16
2 path.c:90 0x2757459 6
2 path.c:90 0x27574a9 8
2 path.c:90 0x2757409 12
3 dynarray.c:69 0x2757799 0x27573a9 16 32
2 path.c:90 0x27575f9 6
1 path.c:143 0x2757899 32
2 path.c:178 0x27573a9 24
1 dynarray.c:84 0x27575c9 24
2 dynarray.c:95 0x2757549 16
2 path.c:191 0x27578d9 32
2 path.c:205 0x27579f9 6
3 path.c:223 0x27578d9 0x27578d9 32 6
4 path.c:246 0x27578d9 6
4 path.c:31 0x27579f9 6
4 dynarray.c:112 0x2757549 16
4 dynarray.c:113 0x27575c9 24
4 path.c:254 0x27573a9 24
2 path.c:178 0x27573a9 24
1 dynarray.c:84 0x2757769 24
2 dynarray.c:95 0x27575c9 16
2 path.c:191 0x2757a59 32
2 path.c:205 0x27579f9 6
2 path.c:205 0x27578d9 8
3 path.c:223 0x2757a59 0x2757a59 32 14
4 path.c:246 0x2757a59 14
4 path.c:31 0x27579f9 6
4 path.c:31 0x27578d9 8
4 dynarray.c:112 0x27575c9 16
4 dynarray.c:113 0x2757769 24
4 path.c:254 0x27573a9 24
2 path.c:178 0x27573a9 24
1 dynarray.c:84 0x2757549 24
2 dynarray.c:95 0x2757769 24
2 path.c:191 0x2757b79 32
2 path.c:205 0x27578d9 6
2 path.c:205 0x27579f9 8
2 path.c:205 0x2757a59 12
3 path.c:223 0x2757b79 0x2757b79 32 26
4 path.c:246 0x2757b79 26
4 path.c:31 0x27578d9 6
4 path.c:31 0x27579f9 8
4 path.c:31 0x2757a59 12
4 dynarray.c:112 0x2757769 24
4 dynarray.c:113 0x2757549 24
4 path.c:254 0x27573a9 24
2 path.c:178 0x27573a9 24
1 dynarray.c:84 0x27575c9 24
2 dynarray.c:95 0x2757b79 32
2 path.c:191 0x2757bb9 32
2 path.c:205 0x2757a59 6
2 path.c:205 0x27579f9 8
2 path.c:205 0x27578d9 12
2 path.c:205 0x2757a79 6
3 path.c:223 0x2757bb9 0x2757bb9 32 32
4 path.c:246 0x2757bb9 32
4 path.c:31 0x2757a59 6
4 path.c:31 0x27579f9 8
4 path.c:31 0x27578d9 12
4 path.c:31 0x2757a79 6
4 dynarray.c:112 0x2757b79 32
4 dynarray.c:113 0x27575c9 24
4 path.c:254 0x27573a9 24
4 path.c:246 0x2757899 32
4 path.c:31 0x2757459 6
4 path.c:31 0x27574a9 8
4 path.c:31 0x2757409 12
4 path.c:31 0x27575f9 6
4 dynarray.c:112 0x2757799 32
4 dynarray.c:113 0x27571e9 24
4 path.c:254 0x2757269 24
2 path.c:128 0x2757269 24
1 dynarray.c:84 0x27575c9 24
2 dynarray.c:95 0x27571e9 16
2 path.c:90 0x27575f9 6
2 path.c:90 0x2757409 8
2 path.c:90 0x27574a9 8
3 dynarray.c:69 0x2757799 0x27571e9 16 32
1 path.c:143 0x27573a9 22
2 path.c:178 0x27571e9 24
1 dynarray.c:84 0x2757549 24
2 dynarray.c:95 0x2757769 16
2 path.c:191 0x2757bf9 22
2 path.c:205 0x2757459 6
3 path.c:223 0x2757bf9 0x2757bf9 22 6
4 path.c:246 0x2757bf9 6
4 path.c:31 0x2757459 6
4 dynarray.c:112 0x2757769 16
4 dynarray.c:113 0x2757549 24
4 path.c:254 0x27571e9 24
2 path.c:178 0x27571e9 24
1 dynarray.c:84 0x2757bf9 24
2 dynarray.c:95 0x2757549 16
2 path.c:191 0x2757c29 22
2 path.c:205 0x2757459 6
2 path.c:205 0x2757a79 8
3 path.c:223 0x2757c29 0x2757c29 22 14
4 path.c:246 0x2757c29 14
4 path.c:31 0x2757459 6
4 path.c:31 0x2757a79 8
4 dynarray.c:112 0x2757549 16
4 dynarray.c:113 0x2757bf9 24
4 path.c:254 0x27571e9 24
2 path.c:178 0x27571e9 24
1 dynarray.c:84 0x2757769 24
2 dynarray.c:95 0x2757bf9 24
2 path.c:191 0x2757c29 22
2 path.c:205 0x2757a79 6
2 path.c:205 0x2757459 8
2 path.c:205 0x27578d9 8
3 path.c:223 0x2757c29 0x2757c29 22 22
4 path.c:246 0x2757c29 22
4 path.c:31 0x2757a79 6
4 path.c:31 0x2757459 8
4 path.c:31 0x27578d9 8
4 dynarray.c:112 0x2757bf9 24
4 dynarray.c:113 0x2757769 24
4 path.c:254 0x27571e9 24
2 path.c:128 0x27571e9 24
1 dynarray.c:84 0x2757549 24
2 dynarray.c:95 0x2757769 16
2 path.c:90 0x27578d9 6
2 path.c:90 0x2757459 8
2 path.c:90 0x2757a79 8
3 dynarray.c:69 0x2757899 0x2757769 16 32
1 path.c:143 0x2757bf9 22
2 path.c:178 0x2757769 24
1 dynarray.c:84 0x2757c29 24
2 dynarray.c:95 0x2757c59 16
2 path.c:191 0x2757c89 22
2 path.c:205 0x27579f9 6
3 path.c:223 0x2757c89 0x2757c89 22 6
4 path.c:246 0x2757c89 6
4 path.c:31 0x27579f9 6
4 dynarray.c:112 0x2757c59 16
4 dynarray.c:113 0x2757c29 24
4 path.c:254 0x2757769 24
2 path.c:178 0x2757769 24
1 dynarray.c:84 0x2757c89 24
2 dynarray.c:95 0x2757c29 16
2 path.c:191 0x2757cb9 22
2 path.c:205 0x27579f9 6
2 path.c:205 0x2757a59 8
3 path.c:223 0x2757cb9 0x2757cb9 22 14
4 path.c:246 0x2757cb9 14
4 path.c:31 0x27579f9 6
4 path.c:31 0x2757a59 8
4 dynarray.c:112 0x2757c29 16
4 dynarray.c:113 0x2757c89 24
4 path.c:254 0x2757769 24
2 path.c:178 0x2757769 24
1 dynarray.c:84 0x2757c59 24
2 dynarray.c:95 0x2757c89 24
2 path.c:191 0x2757cb9 22
2 path.c:205 0x2757a59 6
2 path.c:205 0x27579f9 8
2 path.c:205 0x27578f9 8
3 path.c:223 0x2757cb9 0x2757cb9 22 22
4 path.c:246 0x2757cb9 22
4 path.c:31 0x2757a59 6
4 path.c:31 0x27579f9 8
4 path.c:31 0x27578f9 8
4 dynarray.c:112 0x2757c89 24
4 dynarray.c:113 0x2757c59 24
4 path.c:254 0x2757769 24
2 path.c:128 0x2757769 24
1 dynarray.c:84 0x2757c29 24
2 dynarray.c:95 0x2757c59 16
2 path.c:90 0x27578f9 6
2 path.c:90 0x27579f9 8
2 path.c:90 0x2757a59 8
3 dynarray.c:69 0x2757b79 0x2757c59 16 32
1 path.c:143 0x2757c89 22
2 path.c:178 0x2757c59 24
1 dynarray.c:84 0x2757cb9 24
2 dynarray.c:95 0x2757ce9 16
2 path.c:191 0x2757d19 22
2 path.c:205 0x2757729 6
3 path.c:223 0x2757d19 0x2757d19 22 6
4 path.c:246 0x2757d19 6
4 path.c:31 0x2757729 6
4 dynarray.c:112 0x2757ce9 16
4 dynarray.c:113 0x2757cb9 24
4 path.c:254 0x2757c59 24
2 path.c:178 0x2757c59 24
1 dynarray.c:84 0x2757d19 24
2 dynarray.c:95 0x2757cb9 16
2 path.c:191 0x2757d49 22
2 path.c:205 0x2757729 6
2 path.c:205 0x2757819 8
3 path.c:223 0x2757d49 0x2757d49 22 14
4 path.c:246 0x2757d49 14
4 path.c:31 0x2757729 6
4 path.c:31 0x2757819 8
4 dynarray.c:112 0x2757cb9 16
4 dynarray.c:113 0x2757d19 24
4 path.c:254 0x2757c59 24
2 path.c:178 0x2757c59 24
1 dynarray.c:84 0x2757ce9 24
2 dynarray.c:95 0x2757d19 24
2 path.c:191 0x2757d49 22
2 path.c:205 0x2757819 6
2 path.c:205 0x2757729 8
2 path.c:205 0x27579d9 8
3 path.c:223 0x2757d49 0x2757d49 22 22
4 path.c:246 0x2757d49 22
4 path.c:31 0x2757819 6
4 path.c:31 0x2757729 8
4 path.c:31 0x27579d9 8
4 dynarray.c:112 0x2757d19 24
4 dynarray.c:113 0x2757ce9 24
4 path.c:254 0x2757c59 24
2 path.c:128 0x2757c59 24
1 dynarray.c:84 0x2757cb9 24
2 dynarray.c:95 0x2757ce9 16
2 path.c:90 0x27579d9 6
2 path.c:90 0x2757729 8
1 path.c:143 0x2756f59 14
2 path.c:178 0x2757d49 24
1 dynarray.c:84 0x2757d19 24
2 dynarray.c:95 0x2757d79 16
2 path.c:191 0x2757819 14
2 path.c:205 0x27575a9 6
3 path.c:223 0x2757819 0x2757819 14 6
4 path.c:246 0x2757819 6
4 path.c:31 0x27575a9 6
4 dynarray.c:112 0x2757d79 16
4 dynarray.c:113 0x2757d19 24
4 path.c:254 0x2757d49 24
2 path.c:178 0x2757d49 24
1 dynarray.c:84 0x2757d79 24
2 dynarray.c:95 0x2757d19 16
2 path.c:191 0x27575a9 14
2 path.c:205 0x2757819 6
2 path.c:205 0x27577d9 8
3 path.c:223 0x27575a9 0x27575a9 14 14
4 path.c:246 0x27575a9 14
4 path.c:31 0x2757819 6
4 path.c:31 0x27577d9 8
4 dynarray.c:112 0x2757d19 16
4 dynarray.c:113 0x2757d79 24
4 path.c:254 0x2757d49 24
4 path.c:246 0x2756f59 14
4 path.c:31 0x27579d9 6
4 path.c:31 0x2757729 8
4 dynarray.c:112 0x2757ce9 16
4 dynarray.c:113 0x2757cb9 24
4 path.c:254 0x2757c59 24
4 path.c:246 0x2757959 32
4 path.c:31 0x27577f9 6
4 path.c:31 0x2757619 8
4 path.c:31 0x2757999 12
4 path.c:31 0x27579b9 6
4 dynarray.c:112 0x2757919 32
4 dynarray.c:113 0x2757479 24
4 path.c:254 0x2757429 24
4 bdtBad5.c:263 0x2757859 32
4 path.c:246 0x2757699 26
4 path.c:31 0x27576c9 6
4 path.c:31 0x27576e9 8
4 path.c:31 0x2757709 12
4 dynarray.c:112 0x2757669 24
4 dynarray.c:113 0x2757579 24
4 path.c:254 0x2757639 24
4 bdtBad5.c:263 0x2757369 32
4 path.c:246 0x2756e99 14
4 path.c:31 0x2756eb9 6
4 path.c:31 0x2756ed9 8
4 dynarray.c:112 0x2756e69 16
4 dynarray.c:113 0x2756709 24
4 path.c:254 0x2756db9 24
4 bdtBad5.c:263 0x2756e29 32
2 path.c:128 0x2756db9 24
1 dynarray.c:84 0x2757d19 24
2 dynarray.c:95 0x2756709 16
2 path.c:90 0x2756ed9 6
1 path.c:143 0x2757749 6
2 path.c:178 0x2757639 24
1 dynarray.c:84 0x2756e69 24
2 dynarray.c:95 0x2757579 16
2 path.c:191 0x2756eb9 6
2 path.c:205 0x2757709 6
3 path.c:223 0x2756eb9 0x2756eb9 6 6
4 path.c:246 0x2756eb9 6
4 path.c:31 0x2757709 6
4 dynarray.c:112 0x2757579 16
4 dynarray.c:113 0x2756e69 24
4 path.c:254 0x2757639 24
4 path.c:246 0x2757749 6
4 path.c:31 0x2756ed9 6
4 dynarray.c:112 0x2756709 16
4 dynarray.c:113 0x2757d19 24
4 path.c:254 0x2756db9 24
2 path.c:128 0x2756db9 24
1 dynarray.c:84 0x2757669 24
2 dynarray.c:95 0x2757d19 16
2 path.c:90 0x2756ed9 6
2 path.c:90 0x2757749 7
1 path.c:143 0x2756e99 13
2 path.c:178 0x2757639 24
1 dynarray.c:84 0x2756709 24
2 dynarray.c:95 0x2756e69 16
2 path.c:191 0x2757709 13
2 path.c:205 0x27576e9 6
3 path.c:223 0x2757709 0x2757709 13 6
4 path.c:246 0x2757709 6
4 path.c:31 0x27576e9 6
4 dynarray.c:112 0x2756e69 16
4 dynarray.c:113 0x2756709 24
4 path.c:254 0x2757639 24
2 path.c:178 0x2757639 24
1 dynarray.c:84 0x2757579 24
2 dynarray.c:95 0x2756709 16
2 path.c:191 0x27576e9 13
2 path.c:205 0x2757709 6
2 path.c:205 0x27576c9 7
3 path.c:223 0x27576e9 0x27576e9 13 13
4 path.c:246 0x27576e9 13
4 path.c:31 0x2757709 6
4 path.c:31 0x27576c9 7
4 dynarray.c:112 0x2756709 16
4 dynarray.c:113 0x2757579 24
4 path.c:254 0x2757639 24
4 path.c:246 0x2756e99 13
4 path.c:31 0x2756ed9 6
4 path.c:31 0x2757749 7
4 dynarray.c:112 0x2757d19 16
4 dynarray.c:113 0x2757669 24
4 path.c:254 0x2756db9 24
2 path.c:128 0x2756db9 24
1 dynarray.c:84 0x2756e69 24
2 dynarray.c:95 0x2757669 16
2 path.c:90 0x2757749 6
2 path.c:90 0x2756ed9 8
1 path.c:143 0x2756eb9 14
2 path.c:178 0x2757639 24
1 dynarray.c:84 0x2757d19 24
2 dynarray.c:95 0x2757579 16
2 path.c:191 0x2756e99 14
2 path.c:205 0x2757709 6
3 path.c:223 0x2756e99 0x2756e99 14 6
4 path.c:246 0x2756e99 6
4 path.c:31 0x2757709 6
4 dynarray.c:112 0x2757579 16
4 dynarray.c:113 0x2757d19 24
4 path.c:254 0x2757639 24
2 path.c:178 0x2757639 24
1 dynarray.c:84 0x2756709 24
2 dynarray.c:95 0x2757d19 16
2 path.c:191 0x2757709 14
2 path.c:205 0x2756e99 6
2 path.c:205 0x27576e9 8
3 path.c:223 0x2757709 0x2757709 14 14
4 path.c:246 0x2757709 14
4 path.c:31 0x2756e99 6
4 path.c:31 0x27576e9 8
4 dynarray.c:112 0x2757d19 16
4 dynarray.c:113 0x2756709 24
4 path.c:254 0x2757639 24
2 path.c:128 0x2757639 24
1 dynarray.c:84 0x2757579 24
2 dynarray.c:95 0x2756709 16
2 path.c:90 0x27576e9 6
2 path.c:90 0x2756e99 8
2 path.c:90 0x2757709 12
3 dynarray.c:69 0x2756e29 0x2756709 16 32
1 path.c:143 0x2757d19 26
2 path.c:178 0x2756709 24
1 dynarray.c:84 0x2757699 24
2 dynarray.c:95 0x2757429 16
2 path.c:191 0x2757c59 26
2 path.c:205 0x27579b9 6
3 path.c:223 0x2757c59 0x2757c59 26 6
4 path.c:246 0x2757c59 6
4 path.c:31 0x27579b9 6
4 dynarray.c:112 0x2757429 16
4 dynarray.c:113 0x2757699 24
4 path.c:254 0x2756709 24
2 path.c:178 0x2756709 24
1 dynarray.c:84 0x2757479 24
2 dynarray.c:95 0x2757699 16
2 path.c:191 0x2757c59 26
2 path.c:205 0x27579b9 6
2 path.c:205 0x2757999 8
3 path.c:223 0x2757c59 0x2757c59 26 14
4 path.c:246 0x2757c59 14
4 path.c:31 0x27579b9 6
4 path.c:31 0x2757999 8
4 dynarray.c:112 0x2757699 16
4 dynarray.c:113 0x2757479 24
4 path.c:254 0x2756709 24
2 path.c:128 0x2756709 24
1 dynarray.c:84 0x2757429 24
2 dynarray.c:95 0x2757479 16
2 path.c:90 0x2757999 6
2 path.c:90 0x27579b9 8
2 path.c:90 0x2757619 12
3 dynarray.c:69 0x2757369 0x2757479 16 32
2 path.c:90 0x27577f9 6
1 path.c:143 0x2757a19 32
2 path.c:178 0x2757479 24
1 dynarray.c:84 0x2757699 24
2 dynarray.c:95 0x2757c59 16
2 path.c:191 0x2757859 32
2 path.c:205 0x2757729 6
3 path.c:223 0x2757859 0x2757859 32 6
4 path.c:246 0x2757859 6
4 path.c:31 0x2757729 6
4 dynarray.c:112 0x2757c59 16
4 dynarray.c:113 0x2757699 24
4 path.c:254 0x2757479 24
2 path.c:178 0x2757479 24
1 dynarray.c:84 0x2757cb9 24
2 dynarray.c:95 0x2757699 16
2 path.c:191 0x2757959 32
2 path.c:205 0x2757729 6
2 path.c:205 0x2757859 8
3 path.c:223 0x2757959 0x2757959 32 14
4 path.c:246 0x2757959 14
4 path.c:31 0x2757729 6
4 path.c:31 0x2757859 8
4 dynarray.c:112 0x2757699 16
4 dynarray.c:113 0x2757cb9 24
4 path.c:254 0x2757479 24
1 dynarray.c:84 0x2757c59 24
2 dynarray.c:95 0x2757479 24
1 bdtBad5.c:662 0x2757919 45
4 dynarray.c:112 0x2757479 24
4 dynarray.c:113 0x2757c59 24
4 bdt_client.c:113 0x2757919 45
2 path.c:128 0x2757c59 24
1 dynarray.c:84 0x2757cb9 24
2 dynarray.c:95 0x2757479 16
2 path.c:90 0x2757859 13
1 path.c:143 0x27576c9 13
2 path.c:178 0x2757ce9 24
1 dynarray.c:84 0x2757699 24
2 dynarray.c:95 0x2757d49 16
2 path.c:191 0x2757729 13
2 path.c:205 0x2757979 13
3 path.c:223 0x2757729 0x2757729 13 13
4 path.c:246 0x2757729 13
4 path.c:31 0x2757979 13
4 dynarray.c:112 0x2757d49 16
4 dynarray.c:113 0x2757699 24
4 path.c:254 0x2757ce9 24
4 path.c:246 0x27576c9 13
4 path.c:31 0x2757859 13
4 dynarray.c:112 0x2757479 16
4 dynarray.c:113 0x2757cb9 24
4 path.c:254 0x2757c59 24
2 path.c:128 0x2757c59 24
1 dynarray.c:84 0x2757d79 24
2 dynarray.c:95 0x2757cb9 16
2 path.c:90 0x2757859 6
1 path.c:143 0x2757959 6
2 path.c:178 0x2757ce9 24
1 dynarray.c:84 0x2757479 24
2 dynarray.c:95 0x2757699 16
2 path.c:191 0x27576c9 6
2 path.c:205 0x2757729 6
3 path.c:223 0x27576c9 0x27576c9 6 6
4 path.c:246 0x27576c9 6
4 path.c:31 0x2757729 6
4 dynarray.c:112 0x2757699 16
4 dynarray.c:113 0x2757479 24
4 path.c:254 0x2757ce9 24
4 path.c:246 0x2757959 6
4 path.c:31 0x2757859 6
4 dynarray.c:112 0x2757cb9 16
4 dynarray.c:113 0x2757d79 24
4 path.c:254 0x2757c59 24
4 path.c:246 0x2756bf9 25
4 path.c:31 0x2756c29 6
4 path.c:31 0x2756c49 7
4 path.c:31 0x2756c69 12
4 dynarray.c:112 0x2756bc9 24
4 dynarray.c:113 0x2756909 24
4 path.c:254 0x2756b99 24
4 bdtBad5.c:263 0x2756b59 32
4 path.c:246 0x2756aa9 13
4 path.c:31 0x2756ac9 6
4 path.c:31 0x2756ae9 7
4 dynarray.c:112 0x2756a79 16
4 dynarray.c:113 0x2756599 24
4 path.c:254 0x2756a49 24
4 bdtBad5.c:263 0x2756a09 32
4 path.c:246 0x2756849 6
4 path.c:31 0x2756869 6
4 dynarray.c:112 0x2756819 16
4 dynarray.c:113 0x27565f9 24
4 path.c:254 0x27567e9 24
4 bdtBad5.c:263 0x27567a9 32
2 path.c:128 0x27567e9 24
1 dynarray.c:84 0x2757d49 24
2 dynarray.c:95 0x27565f9 16
2 path.c:90 0x2756869 6
2 path.c:90 0x2756849 7
1 path.c:143 0x2757979 13
4 path.c:246 0x2757979 13
4 path.c:31 0x2756869 6
4 path.c:31 0x2756849 7
4 dynarray.c:112 0x27565f9 16
4 dynarray.c:113 0x2757d49 24
4 path.c:254 0x27567e9 24
2 path.c:128 0x27567e9 24
1 dynarray.c:84 0x2756819 24
2 dynarray.c:95 0x2757d49 16
2 path.c:90 0x2756849 6
1 path.c:143 0x2757979 6
4 path.c:246 0x2757979 6
4 path.c:31 0x2756849 6
4 dynarray.c:112 0x2757d49 16
4 dynarray.c:113 0x2756819 24
4 path.c:254 0x27567e9 24
2 path.c:128 0x27567e9 24
1 dynarray.c:84 0x27565f9 24
2 dynarray.c:95 0x2756819 16
2 path.c:90 0x2756849 6
1 path.c:143 0x2757979 6
4 path.c:246 0x2757979 6
4 path.c:31 0x2756849 6
4 dynarray.c:112 0x2756819 16
4 dynarray.c:113 0x27565f9 24
4 path.c:254 0x27567e9 24
2 path.c:128 0x27567e9 24
1 dynarray.c:84 0x2757d49 24
2 dynarray.c:95 0x27565f9 16
2 path.c:90 0x2756849 13
1 path.c:143 0x2757979 13
4 path.c:246 0x2757979 13
4 path.c:31 0x2756849 13
4 dynarray.c:112 0x27565f9 16
4 dynarray.c:113 0x2757d49 24
4 path.c:254 0x27567e9 24
1 dynarray.c:84 0x2756819 24
2 dynarray.c:95 0x27567e9 16
1 bdtBad5.c:662 0x2757979 1
4 dynarray.c:112 0x27567e9 16
4 dynarray.c:113 0x2756819 24
4 bdt_client.c:124 0x2757979 1
2 path.c:128 0x2756819 24
1 dynarray.c:84 0x2757d49 24
2 dynarray.c:95 0x27567e9 16
2 path.c:90 0x2756849 2
2 path.c:90 0x2756869 2
1 path.c:143 0x2757979 4
2 path.c:178 0x2756a49 24
1 dynarray.c:84 0x27565f9 24
2 dynarray.c:95 0x2756599 16
2 path.c:191 0x2756ae9 4
2 path.c:205 0x2756aa9 2
3 path.c:223 0x2756ae9 0x2756ae9 4 2
1 bdtBad5.c:143 0x2757919 32
2 path.c:178 0x2756b99 24
1 dynarray.c:84 0x2756a79 24
2 dynarray.c:95 0x2756909 16
2 path.c:191 0x2756c69 2
2 path.c:205 0x2756c49 2
3 path.c:223 0x2756c69 0x2756c69 2 2
4 path.c:246 0x2756ae9 2
4 path.c:31 0x2756aa9 2
4 dynarray.c:112 0x2756599 16
4 dynarray.c:113 0x27565f9 24
4 path.c:254 0x2756a49 24
2 path.c:178 0x2756a49 24
1 dynarray.c:84 0x2756bc9 24
2 dynarray.c:95 0x27565f9 16
2 path.c:191 0x2756aa9 4
2 path.c:205 0x2756ae9 2
2 path.c:205 0x2756c29 2
3 path.c:223 0x2756aa9 0x2756aa9 4 4
1 bdtBad5.c:143 0x2757509 32
2 path.c:178 0x2756bf9 24
1 dynarray.c:84 0x2756599 24
2 dynarray.c:95 0x2757c59 16
2 path.c:191 0x2757859 4
2 path.c:205 0x2757959 2
2 path.c:205 0x2757729 2
3 path.c:223 0x2757859 0x2757859 4 4
4 path.c:246 0x2756aa9 4
4 path.c:31 0x2756ae9 2
4 path.c:31 0x2756c29 2
4 dynarray.c:112 0x27565f9 16
4 dynarray.c:113 0x2756bc9 24
4 path.c:254 0x2756a49 24
4 path.c:246 0x2757979 4
4 path.c:31 0x2756849 2
4 path.c:31 0x2756869 2
4 dynarray.c:112 0x27567e9 16
4 dynarray.c:113 0x2757d49 24
4 path.c:254 0x2756819 24
1 dynarray.c:84 0x2757d79 24
2 dynarray.c:95 0x2756819 16
1 bdtBad5.c:662 0x2756ac9 7
4 dynarray.c:112 0x2756819 16
4 dynarray.c:113 0x2757d79 24
4 bdt_client.c:136 0x2756ac9 7
2 path.c:128 0x2757d79 24
1 dynarray.c:84 0x2757d49 24
2 dynarray.c:95 0x2756819 16
2 path.c:90 0x2756869 2
2 path.c:90 0x2756849 2
1 path.c:143 0x2756ac9 4
2 path.c:178 0x2756a49 24
1 dynarray.c:84 0x27567e9 24
2 dynarray.c:95 0x2756bc9 16
2 path.c:191 0x2757979 4
2 path.c:205 0x2756ae9 2
3 path.c:223 0x2757979 0x2757979 4 2
4 path.c:246 0x2757979 2
4 path.c:31 0x2756ae9 2
4 dynarray.c:112 0x2756bc9 16
4 dynarray.c:113 0x27567e9 24
4 path.c:254 0x2756a49 24
2 path.c:178 0x2756a49 24
1 dynarray.c:84 0x27565f9 24
2 dynarray.c:95 0x27567e9 16
2 path.c:191 0x2756ae9 4
2 path.c:205 0x2757979 2
2 path.c:205 0x2756aa9 2
3 path.c:223 0x2756ae9 0x2756ae9 4 4
4 path.c:246 0x2756ae9 4
4 path.c:31 0x2757979 2
4 path.c:31 0x2756aa9 2
4 dynarray.c:112 0x27567e9 16
4 dynarray.c:113 0x27565f9 24
4 path.c:254 0x2756a49 24
2 path.c:178 0x2756a49 24
1 dynarray.c:84 0x2756bc9 24
2 dynarray.c:95 0x27565f9 16
2 path.c:191 0x2756aa9 4
2 path.c:205 0x2757979 2
2 path.c:205 0x2756ae9 2
3 path.c:223 0x2756aa9 0x2756aa9 4 4
1 bdtBad5.c:143 0x27572b9 32
2 path.c:178 0x2757cb9 24
1 dynarray.c:84 0x27567e9 24
2 dynarray.c:95 0x2757ce9 16
2 path.c:191 0x27576c9 4
2 path.c:205 0x2757879 2
2 path.c:205 0x27579d9 2
3 path.c:223 0x27576c9 0x27576c9 4 4
4 path.c:246 0x2756aa9 4
4 path.c:31 0x2757979 2
4 path.c:31 0x2756ae9 2
4 dynarray.c:112 0x27565f9 16
4 dynarray.c:113 0x2756bc9 24
4 path.c:254 0x2756a49 24
4 path.c:246 0x2756ac9 4
4 path.c:31 0x2756869 2
4 path.c:31 0x2756849 2
4 dynarray.c:112 0x2756819 16
4 dynarray.c:113 0x2757d49 24
4 path.c:254 0x2757d79 24
1 dynarray.c:84 0x2757479 24
2 dynarray.c:95 0x2757d79 24
1 bdtBad5.c:662 0x2756c29 11
4 dynarray.c:112 0x2757d79 24
4 dynarray.c:113 0x2757479 24
4 bdt_client.c:140 0x2756c29 11
2 path.c:128 0x2757479 24
1 dynarray.c:84 0x2757d49 24
2 dynarray.c:95 0x2757d79 16
2 path.c:90 0x2756849 2
2 path.c:90 0x2756869 2
1 path.c:143 0x2756c29 4
2 path.c:178 0x2756a49 24
1 dynarray.c:84 0x2756819 24
2 dynarray.c:95 0x2756bc9 16
2 path.c:191 0x2756ac9 4
2 path.c:205 0x2757979 2
3 path.c:223 0x2756ac9 0x2756ac9 4 2
4 path.c:246 0x2756ac9 2
4 path.c:31 0x2757979 2
4 dynarray.c:112 0x2756bc9 16
4 dynarray.c:113 0x2756819 24
4 path.c:254 0x2756a49 24
2 path.c:178 0x2756a49 24
1 dynarray.c:84 0x27565f9 24
2 dynarray.c:95 0x2756819 16
2 path.c:191 0x2757979 4
2 path.c:205 0x2756ac9 2
2 path.c:205 0x2756aa9 2
3 path.c:223 0x2757979 0x2757979 4 4
4 path.c:246 0x2757979 4
4 path.c:31 0x2756ac9 2
4 path.c:31 0x2756aa9 2
4 dynarray.c:112 0x2756819 16
4 dynarray.c:113 0x27565f9 24
4 path.c:254 0x2756a49 24
4 path.c:246 0x2756c29 4
4 path.c:31 0x2756849 2
4 path.c:31 0x2756869 2
4 dynarray.c:112 0x2757d79 16
4 dynarray.c:113 0x2757d49 24
4 path.c:254 0x2757479 24
4 path.c:246 0x2757859 4
4 path.c:31 0x2757959 2
4 path.c:31 0x2757729 2
4 dynarray.c:112 0x2757c59 16
4 dynarray.c:113 0x2756599 24
4 path.c:254 0x2756bf9 24
4 bdtBad5.c:263 0x2757509 32
1 dynarray.c:84 0x2756bc9 24
2 dynarray.c:95 0x2756bf9 16
1 bdtBad5.c:662 0x2756ae9 7
4 dynarray.c:112 0x2756bf9 16
4 dynarray.c:113 0x2756bc9 24
4 bdt_client.c:144 0x2756ae9 7
2 path.c:128 0x2756bc9 24
1 dynarray.c:84 0x2756599 24
2 dynarray.c:95 0x2756bf9 16
2 path.c:90 0x2757729 2
2 path.c:90 0x2757959 3
1 path.c:143 0x2756ae9 5
2 path.c:178 0x2757479 24
1 dynarray.c:84 0x2757c59 24
2 dynarray.c:95 0x2757d49 16
2 path.c:191 0x2757859 5
2 path.c:205 0x2756849 2
3 path.c:223 0x2757859 0x2757859 5 2
4 path.c:246 0x2757859 2
4 path.c:31 0x2756849 2
4 dynarray.c:112 0x2757d49 16
4 dynarray.c:113 0x2757c59 24
4 path.c:254 0x2757479 24
2 path.c:178 0x2757479 24
1 dynarray.c:84 0x2757d79 24
2 dynarray.c:95 0x2757c59 16
2 path.c:191 0x2756849 5
2 path.c:205 0x2757859 2
2 path.c:205 0x2756c29 3
3 path.c:223 0x2756849 0x2756849 5 5
4 path.c:246 0x2756849 5
4 path.c:31 0x2757859 2
4 path.c:31 0x2756c29 3
4 dynarray.c:112 0x2757c59 16
4 dynarray.c:113 0x2757d79 24
4 path.c:254 0x2757479 24
2 path.c:178 0x2757479 24
1 dynarray.c:84 0x2757d49 24
2 dynarray.c:95 0x2757d79 16
2 path.c:191 0x2756c29 5
2 path.c:205 0x2757859 2
2 path.c:205 0x2756849 3
3 path.c:223 0x2756c29 0x2756c29 5 5
1 bdtBad5.c:143 0x2757509 32
2 path.c:178 0x2756a49 24
1 dynarray.c:84 0x2757c59 24
2 dynarray.c:95 0x27565f9 16
2 path.c:191 0x2756aa9 5
2 path.c:205 0x2756ac9 2
2 path.c:205 0x2757979 3
3 path.c:223 0x2756aa9 0x2756aa9 5 5
4 path.c:246 0x2756c29 5
4 path.c:31 0x2757859 2
4 path.c:31 0x2756849 3
4 dynarray.c:112 0x2757d79 16
4 dynarray.c:113 0x2757d49 24
4 path.c:254 0x2757479 24
4 path.c:246 0x2756ae9 5
4 path.c:31 0x2757729 2
4 path.c:31 0x2757959 3
4 dynarray.c:112 0x2756bf9 16
4 dynarray.c:113 0x2756599 24
4 path.c:254 0x2756bc9 24
1 dynarray.c:84 0x2756819 24
2 dynarray.c:95 0x2756bc9 24
1 bdtBad5.c:662 0x2756869 12
4 dynarray.c:112 0x2756bc9 24
4 dynarray.c:113 0x2756819 24
4 bdt_client.c:148 0x2756869 12
2 path.c:128 0x2756819 24
1 dynarray.c:84 0x2756599 24
2 dynarray.c:95 0x2756bc9 16
2 path.c:90 0x2757959 2
2 path.c:90 0x2757729 3
1 path.c:143 0x2756869 5
2 path.c:178 0x2757479 24
1 dynarray.c:84 0x2756bf9 24
2 dynarray.c:95 0x2757d49 16
2 path.c:191 0x2756ae9 5
2 path.c:205 0x2757859 2
3 path.c:223 0x2756ae9 0x2756ae9 5 2
4 path.c:246 0x2756ae9 2
4 path.c:31 0x2757859 2
4 dynarray.c:112 0x2757d49 16
4 dynarray.c:113 0x2756bf9 24
4 path.c:254 0x2757479 24
2 path.c:178 0x2757479 24
1 dynarray.c:84 0x2757d79 24
2 dynarray.c:95 0x2756bf9 16
2 path.c:191 0x2757859 5
2 path.c:205 0x2756ae9 2
2 path.c:205 0x2756c29 3
3 path.c:223 0x2757859 0x2757859 5 5
4 path.c:246 0x2757859 5
4 path.c:31 0x2756ae9 2
4 path.c:31 0x2756c29 3
4 dynarray.c:112 0x2756bf9 16
4 dynarray.c:113 0x2757d79 24
4 path.c:254 0x2757479 24
4 path.c:246 0x2756869 5
4 path.c:31 0x2757959 2
4 path.c:31 0x2757729 3
4 dynarray.c:112 0x2756bc9 16
4 dynarray.c:113 0x2756599 24
4 path.c:254 0x2756819 24
4 path.c:246 0x2756aa9 5
4 path.c:31 0x2756ac9 2
4 path.c:31 0x2757979 3
4 dynarray.c:112 0x27565f9 16
4 dynarray.c:113 0x2757c59 24
4 path.c:254 0x2756a49 24
4 bdtBad5.c:263 0x2757509 32
1 dynarray.c:84 0x2757d49 24
2 dynarray.c:95 0x2756a49 16
1 bdtBad5.c:662 0x2756849 7
4 dynarray.c:112 0x2756a49 16
4 dynarray.c:113 0x2757d49 24
4 bdt_client.c:152 0x2756849 7
2 path.c:128 0x2757d49 24
1 dynarray.c:84 0x2757c59 24
2 dynarray.c:95 0x2756a49 16
2 path.c:90 0x2757979 2
2 path.c:90 0x2756ac9 3
1 path.c:143 0x2756849 5
2 path.c:178 0x2756819 24
1 dynarray.c:84 0x27565f9 24
2 dynarray.c:95 0x2756599 16
2 path.c:191 0x2756aa9 5
2 path.c:205 0x2757959 2
3 path.c:223 0x2756aa9 0x2756aa9 5 2
4 path.c:246 0x2756aa9 2
4 path.c:31 0x2757959 2
4 dynarray.c:112 0x2756599 16
4 dynarray.c:113 0x27565f9 24
4 path.c:254 0x2756819 24
2 path.c:178 0x2756819 24
1 dynarray.c:84 0x2756bc9 24
2 dynarray.c:95 0x27565f9 16
2 path.c:191 0x2757959 5
2 path.c:205 0x2756aa9 2
2 path.c:205 0x2756869 3
3 path.c:223 0x2757959 0x2757959 5 5
4 path.c:246 0x2757959 5
4 path.c:31 0x2756aa9 2
4 path.c:31 0x2756869 3
4 dynarray.c:112 0x27565f9 16
4 dynarray.c:113 0x2756bc9 24
4 path.c:254 0x2756819 24
2 path.c:178 0x2756819 24
1 dynarray.c:84 0x2756599 24
2 dynarray.c:95 0x2756bc9 16
2 path.c:191 0x2756869 5
2 path.c:205 0x2756aa9 2
2 path.c:205 0x2757959 3
3 path.c:223 0x2756869 0x2756869 5 5
1 bdtBad5.c:143 0x2757509 32
2 path.c:178 0x2757479 24
1 dynarray.c:84 0x27565f9 24
2 dynarray.c:95 0x2757d79 16
2 path.c:191 0x2756c29 5
2 path.c:205 0x2756ae9 2
2 path.c:205 0x2757859 3
3 path.c:223 0x2756c29 0x2756c29 5 5
4 path.c:246 0x2756869 5
4 path.c:31 0x2756aa9 2
4 path.c:31 0x2757959 3
4 dynarray.c:112 0x2756bc9 16
4 dynarray.c:113 0x2756599 24
4 path.c:254 0x2756819 24
4 path.c:246 0x2756849 5
4 path.c:31 0x2757979 2
4 path.c:31 0x2756ac9 3
4 dynarray.c:112 0x2756a49 16
4 dynarray.c:113 0x2757c59 24
4 path.c:254 0x2757d49 24
1 dynarray.c:84 0x2756bf9 24
2 dynarray.c:95 0x2757d49 24
1 bdtBad5.c:662 0x2757729 12
4 dynarray.c:112 0x2757d49 24
4 dynarray.c:113 0x2756bf9 24
4 bdt_client.c:156 0x2757729 12
2 path.c:128 0x2756bf9 24
1 dynarray.c:84 0x2757c59 24
2 dynarray.c:95 0x2757d49 16
2 path.c:90 0x2756ac9 2
2 path.c:90 0x2757979 2
1 path.c:143 0x2757729 4
2 path.c:178 0x2756819 24
1 dynarray.c:84 0x2756a49 24
2 dynarray.c:95 0x2756599 16
2 path.c:191 0x2756849 4
2 path.c:205 0x2756aa9 2
3 path.c:223 0x2756849 0x2756849 4 2
4 path.c:246 0x2756849 2
4 path.c:31 0x2756aa9 2
4 dynarray.c:112 0x2756599 16
4 dynarray.c:113 0x2756a49 24
4 path.c:254 0x2756819 24
2 path.c:178 0x2756819 24
1 dynarray.c:84 0x2756bc9 24
2 dynarray.c:95 0x2756a49 16
2 path.c:191 0x2756aa9 4
2 path.c:205 0x2756849 2
2 path.c:205 0x2756869 2
3 path.c:223 0x2756aa9 0x2756aa9 4 4
4 path.c:246 0x2756aa9 4
4 path.c:31 0x2756849 2
4 path.c:31 0x2756869 2
4 dynarray.c:112 0x2756a49 16
4 dynarray.c:113 0x2756bc9 24
4 path.c:254 0x2756819 24
4 path.c:246 0x2757729 4
4 path.c:31 0x2756ac9 2
4 path.c:31 0x2757979 2
4 dynarray.c:112 0x2757d49 16
4 dynarray.c:113 0x2757c59 24
4 path.c:254 0x2756bf9 24
4 path.c:246 0x27576c9 4
4 path.c:31 0x2757879 2
4 path.c:31 0x27579d9 2
4 dynarray.c:112 0x2757ce9 16
4 dynarray.c:113 0x27567e9 24
4 path.c:254 0x2757cb9 24
4 bdtBad5.c:263 0x27572b9 32
1 dynarray.c:84 0x2756599 24
2 dynarray.c:95 0x2757cb9 16
1 bdtBad5.c:662 0x2757959 8
4 dynarray.c:112 0x2757cb9 16
4 dynarray.c:113 0x2756599 24
4 bdt_client.c:160 0x2757959 8
4 path.c:246 0x2756c29 5
4 path.c:31 0x2756ae9 2
4 path.c:31 0x2757859 3
4 dynarray.c:112 0x2757d79 16
4 dynarray.c:113 0x27565f9 24
4 path.c:254 0x2757479 24
4 bdtBad5.c:263 0x2757509 32
4 path.c:246 0x2756c69 2
4 path.c:31 0x2756c49 2
4 dynarray.c:112 0x2756909 16
4 dynarray.c:113 0x2756a79 24
4 path.c:254 0x2756b99 24
4 bdtBad5.c:263 0x2757919 32
