2 path.c:128 0x305922a9 24
4 path.c:254 0x305922a9 24
2 path.c:128 0x305944c9 24
1 dynarray.c:84 0x305922a9 24
2 dynarray.c:95 0x305944f9 16
2 path.c:90 0x30594529 6
1 path.c:143 0x30594549 6
4 path.c:246 0x30594549 6
4 path.c:31 0x30594529 6
4 dynarray.c:112 0x305944f9 16
4 dynarray.c:113 0x305922a9 24
4 path.c:254 0x305944c9 24
1 dynarray.c:84 0x305944c9 24
2 dynarray.c:95 0x30594569 16
1 bdtBad5.c:662 0x30594529 1
4 dynarray.c:112 0x30594569 16
4 dynarray.c:113 0x305944c9 24
4 bdt_client.c:39 0x30594529 1
2 path.c:128 0x30594599 24
4 path.c:254 0x30594599 24
2 path.c:128 0x305945c9 24
1 dynarray.c:84 0x30594599 24
2 dynarray.c:95 0x305945f9 16
4 dynarray.c:112 0x305945f9 16
4 dynarray.c:113 0x30594599 24
4 path.c:254 0x305945c9 24
2 path.c:128 0x30594629 24
1 dynarray.c:84 0x305945c9 24
2 dynarray.c:95 0x30594659 16
2 path.c:90 0x30594689 6
2 path.c:90 0x305946a9 7
4 path.c:31 0x30594689 6
4 path.c:31 0x305946a9 7
4 dynarray.c:112 0x30594659 16
4 dynarray.c:113 0x305945c9 24
4 path.c:254 0x30594629 24
2 path.c:128 0x30594629 24
1 dynarray.c:84 0x30594659 24
2 dynarray.c:95 0x305945c9 16
2 path.c:90 0x305946c9 6
4 path.c:31 0x305946c9 6
4 dynarray.c:112 0x305945c9 16
4 dynarray.c:113 0x30594659 24
4 path.c:254 0x30594629 24
2 path.c:128 0x30594629 24
1 dynarray.c:84 0x305945c9 24
2 dynarray.c:95 0x30594659 16
2 path.c:90 0x305946e9 6
1 path.c:143 0x305946c9 6
2 path.c:178 0x30594709 24
1 dynarray.c:84 0x30594599 24
2 dynarray.c:95 0x30594739 16
2 path.c:191 0x30594769 6
2 path.c:205 0x30594789 6
3 path.c:223 0x30594769 0x30594769 6 6
1 bdtBad5.c:143 0x305947a9 32
2 path.c:178 0x305947e9 24
1 dynarray.c:84 0x305945f9 24
2 dynarray.c:95 0x30594819 16
2 path.c:191 0x30594849 6
2 path.c:205 0x30594869 6
3 path.c:223 0x30594849 0x30594849 6 6
4 path.c:246 0x30594769 6
4 path.c:31 0x30594789 6
4 dynarray.c:112 0x30594739 16
4 dynarray.c:113 0x30594599 24
4 path.c:254 0x30594709 24
4 path.c:246 0x305946c9 6
4 path.c:31 0x305946e9 6
4 dynarray.c:112 0x30594659 16
4 dynarray.c:113 0x305945c9 24
4 path.c:254 0x30594629 24
2 path.c:128 0x30594629 24
1 dynarray.c:84 0x30594709 24
2 dynarray.c:95 0x305945c9 16
2 path.c:90 0x305946e9 6
2 path.c:90 0x30594889 7
2 path.c:90 0x305948a9 12
3 dynarray.c:69 0x305948c9 0x305945c9 16 32
1 path.c:143 0x30594659 25
2 path.c:178 0x305945c9 24
1 dynarray.c:84 0x30594599 24
2 dynarray.c:95 0x30594909 16
2 path.c:191 0x30594939 25
2 path.c:205 0x30594969 6
3 path.c:223 0x30594939 0x30594939 25 6
4 path.c:246 0x30594939 6
4 path.c:31 0x30594969 6
4 dynarray.c:112 0x30594909 16
4 dynarray.c:113 0x30594599 24
4 path.c:254 0x305945c9 24
2 path.c:178 0x305945c9 24
1 dynarray.c:84 0x30594909 24
2 dynarray.c:95 0x30594599 16
2 path.c:191 0x30594989 25
2 path.c:205 0x30594969 6
2 path.c:205 0x305949b9 7
3 path.c:223 0x30594989 0x30594989 25 13
4 path.c:246 0x30594989 13
4 path.c:31 0x30594969 6
4 path.c:31 0x305949b9 7
4 dynarray.c:112 0x30594599 16
4 dynarray.c:113 0x30594909 24
4 path.c:254 0x305945c9 24
2 path.c:178 0x305945c9 24
1 dynarray.c:84 0x30594989 24
2 dynarray.c:95 0x30594909 16
2 path.c:191 0x305949d9 25
2 path.c:205 0x305949b9 6
2 path.c:205 0x30594969 7
3 path.c:223 0x305949d9 0x305949d9 25 13
1 bdtBad5.c:143 0x30594a09 32
2 path.c:178 0x30594a49 24
1 dynarray.c:84 0x30594599 24
2 dynarray.c:95 0x30594a79 16
2 path.c:191 0x30594aa9 13
2 path.c:205 0x30594ac9 6
2 path.c:205 0x30594ae9 7
3 path.c:223 0x30594aa9 0x30594aa9 13 13
4 path.c:246 0x305949d9 13
4 path.c:31 0x305949b9 6
4 path.c:31 0x30594969 7
4 dynarray.c:112 0x30594909 16
4 dynarray.c:113 0x30594989 24
4 path.c:254 0x305945c9 24
2 path.c:178 0x305945c9 24
1 dynarray.c:84 0x305949d9 24
2 dynarray.c:95 0x30594989 24
2 path.c:191 0x30594b09 25
2 path.c:205 0x30594969 6
2 path.c:205 0x305949b9 7
2 path.c:205 0x30594b39 12
3 path.c:223 0x30594b09 0x30594b09 25 25
1 bdtBad5.c:143 0x30594b59 32
2 path.c:178 0x30594b99 24
1 dynarray.c:84 0x30594909 24
2 dynarray.c:95 0x30594bc9 24
2 path.c:191 0x30594bf9 25
2 path.c:205 0x30594c29 6
2 path.c:205 0x30594c49 7
2 path.c:205 0x30594c69 12
3 path.c:223 0x30594bf9 0x30594bf9 25 25
4 path.c:246 0x30594b09 25
4 path.c:31 0x30594969 6
4 path.c:31 0x305949b9 7
4 path.c:31 0x30594b39 12
4 dynarray.c:112 0x30594989 24
4 dynarray.c:113 0x305949d9 24
4 path.c:254 0x305945c9 24
4 path.c:246 0x30594659 25
4 path.c:31 0x305946e9 6
4 path.c:31 0x30594889 7
4 path.c:31 0x305948a9 12
4 dynarray.c:112 0x305948c9 32
4 dynarray.c:113 0x30594709 24
4 path.c:254 0x30594629 24
2 path.c:128 0x30594629 24
1 dynarray.c:84 0x30594b09 24
2 dynarray.c:95 0x30594709 16
2 path.c:90 0x305948a9 6
1 path.c:143 0x305946c9 6
2 path.c:178 0x305945c9 24
1 dynarray.c:84 0x30594659 24
2 dynarray.c:95 0x305949d9 16
2 path.c:191 0x30594889 6
2 path.c:205 0x30594b39 6
3 path.c:223 0x30594889 0x30594889 6 6
4 path.c:246 0x30594889 6
4 path.c:31 0x30594b39 6
4 dynarray.c:112 0x305949d9 16
4 dynarray.c:113 0x30594659 24
4 path.c:254 0x305945c9 24
4 path.c:246 0x305946c9 6
4 path.c:31 0x305948a9 6
4 dynarray.c:112 0x30594709 16
4 dynarray.c:113 0x30594b09 24
4 path.c:254 0x30594629 24
2 path.c:128 0x30594629 24
1 dynarray.c:84 0x30594989 24
2 dynarray.c:95 0x30594b09 16
2 path.c:90 0x305948a9 6
2 path.c:90 0x305946c9 7
1 path.c:143 0x305946e9 13
2 path.c:178 0x305945c9 24
1 dynarray.c:84 0x30594709 24
2 dynarray.c:95 0x30594659 16
2 path.c:191 0x30594b39 13
2 path.c:205 0x305949b9 6
3 path.c:223 0x30594b39 0x30594b39 13 6
4 path.c:246 0x30594b39 6
4 path.c:31 0x305949b9 6
4 dynarray.c:112 0x30594659 16
4 dynarray.c:113 0x30594709 24
4 path.c:254 0x305945c9 24
2 path.c:178 0x305945c9 24
1 dynarray.c:84 0x305949d9 24
2 dynarray.c:95 0x30594709 16
2 path.c:191 0x305949b9 13
2 path.c:205 0x30594b39 6
2 path.c:205 0x30594969 7
3 path.c:223 0x305949b9 0x305949b9 13 13
4 path.c:246 0x305949b9 13
4 path.c:31 0x30594b39 6
4 path.c:31 0x30594969 7
4 dynarray.c:112 0x30594709 16
4 dynarray.c:113 0x305949d9 24
4 path.c:254 0x305945c9 24
4 path.c:246 0x305946e9 13
4 path.c:31 0x305948a9 6
4 path.c:31 0x305946c9 7
4 dynarray.c:112 0x30594b09 16
4 dynarray.c:113 0x30594989 24
4 path.c:254 0x30594629 24
2 path.c:128 0x30594629 24
1 dynarray.c:84 0x30594659 24
2 dynarray.c:95 0x30594989 16
2 path.c:90 0x305946c9 6
2 path.c:90 0x305948a9 7
2 path.c:90 0x305946e9 12
3 dynarray.c:69 0x30594c89 0x30594989 16 32
1 path.c:143 0x30594b09 25
2 path.c:178 0x30594989 24
1 dynarray.c:84 0x305945c9 24
2 dynarray.c:95 0x305949d9 16
2 path.c:191 0x30594cc9 25
2 path.c:205 0x30594969 6
3 path.c:223 0x30594cc9 0x30594cc9 25 6
4 path.c:246 0x30594cc9 6
4 path.c:31 0x30594969 6
4 dynarray.c:112 0x305949d9 16
4 dynarray.c:113 0x305945c9 24
4 path.c:254 0x30594989 24
2 path.c:178 0x30594989 24
1 dynarray.c:84 0x30594709 24
2 dynarray.c:95 0x305945c9 16
2 path.c:191 0x30594cc9 25
2 path.c:205 0x30594969 6
2 path.c:205 0x30594b39 7
3 path.c:223 0x30594cc9 0x30594cc9 25 13
4 path.c:246 0x30594cc9 13
4 path.c:31 0x30594969 6
4 path.c:31 0x30594b39 7
4 dynarray.c:112 0x305945c9 16
4 dynarray.c:113 0x30594709 24
4 path.c:254 0x30594989 24
2 path.c:178 0x30594989 24
1 dynarray.c:84 0x305949d9 24
2 dynarray.c:95 0x30594709 24
2 path.c:191 0x30594cc9 25
2 path.c:205 0x30594b39 6
2 path.c:205 0x30594969 7
2 path.c:205 0x305949b9 12
3 path.c:223 0x30594cc9 0x30594cc9 25 25
4 path.c:246 0x30594cc9 25
4 path.c:31 0x30594b39 6
4 path.c:31 0x30594969 7
4 path.c:31 0x305949b9 12
4 dynarray.c:112 0x30594709 24
4 dynarray.c:113 0x305949d9 24
4 path.c:254 0x30594989 24
4 path.c:246 0x30594b09 25
4 path.c:31 0x305946c9 6
4 path.c:31 0x305948a9 7
4 path.c:31 0x305946e9 12
4 dynarray.c:112 0x30594c89 32
4 dynarray.c:113 0x30594659 24
4 path.c:254 0x30594629 24
2 path.c:128 0x30594629 24
1 dynarray.c:84 0x305945c9 24
2 dynarray.c:95 0x30594659 16
2 path.c:90 0x305946e9 12
1 path.c:143 0x30594889 12
2 path.c:178 0x30594989 24
1 dynarray.c:84 0x30594b09 24
2 dynarray.c:95 0x305949d9 16
2 path.c:191 0x305948a9 12
2 path.c:205 0x305949b9 12
3 path.c:223 0x305948a9 0x305948a9 12 12
4 path.c:246 0x305948a9 12
4 path.c:31 0x305949b9 12
4 dynarray.c:112 0x305949d9 16
4 dynarray.c:113 0x30594b09 24
4 path.c:254 0x30594989 24
4 path.c:246 0x30594889 12
4 path.c:31 0x305946e9 12
4 dynarray.c:112 0x30594659 16
4 dynarray.c:113 0x305945c9 24
4 path.c:254 0x30594629 24
2 path.c:128 0x30594629 24
1 dynarray.c:84 0x30594709 24
2 dynarray.c:95 0x305945c9 16
2 path.c:90 0x305946e9 12
1 path.c:143 0x305946c9 12
2 path.c:178 0x30594989 24
1 dynarray.c:84 0x30594659 24
2 dynarray.c:95 0x30594b09 16
2 path.c:191 0x30594889 12
2 path.c:205 0x305948a9 12
3 path.c:223 0x30594889 0x30594889 12 12
4 path.c:246 0x30594889 12
4 path.c:31 0x305948a9 12
4 dynarray.c:112 0x30594b09 16
4 dynarray.c:113 0x30594659 24
4 path.c:254 0x30594989 24
4 path.c:246 0x305946c9 12
4 path.c:31 0x305946e9 12
4 dynarray.c:112 0x305945c9 16
4 dynarray.c:113 0x30594709 24
4 path.c:254 0x30594629 24
2 path.c:128 0x30594629 24
1 dynarray.c:84 0x305949d9 24
2 dynarray.c:95 0x30594709 16
2 path.c:90 0x305946e9 12
1 path.c:143 0x305949b9 12
2 path.c:178 0x30594989 24
1 dynarray.c:84 0x305945c9 24
2 dynarray.c:95 0x30594659 16
2 path.c:191 0x305946c9 12
2 path.c:205 0x30594889 12
3 path.c:223 0x305946c9 0x305946c9 12 12
4 path.c:246 0x305946c9 12
4 path.c:31 0x30594889 12
4 dynarray.c:112 0x30594659 16
4 dynarray.c:113 0x305945c9 24
4 path.c:254 0x30594989 24
4 path.c:246 0x305949b9 12
4 path.c:31 0x305946e9 12
4 dynarray.c:112 0x30594709 16
4 dynarray.c:113 0x305949d9 24
4 path.c:254 0x30594629 24
2 path.c:128 0x30594629 24
1 dynarray.c:84 0x30594b09 24
2 dynarray.c:95 0x305949d9 16
2 path.c:90 0x305946e9 6
2 path.c:90 0x305949b9 8
1 path.c:143 0x305948a9 14
2 path.c:178 0x30594989 24
1 dynarray.c:84 0x30594709 24
2 dynarray.c:95 0x305945c9 16
2 path.c:191 0x30594889 14
2 path.c:205 0x30594969 6
3 path.c:223 0x30594889 0x30594889 14 6
4 path.c:246 0x30594889 6
4 path.c:31 0x30594969 6
4 dynarray.c:112 0x305945c9 16
4 dynarray.c:113 0x30594709 24
4 path.c:254 0x30594989 24
2 path.c:178 0x30594989 24
1 dynarray.c:84 0x30594659 24
2 dynarray.c:95 0x30594709 16
2 path.c:191 0x30594969 14
2 path.c:205 0x30594889 6
2 path.c:205 0x30594b39 8
3 path.c:223 0x30594969 0x30594969 14 14
4 path.c:246 0x30594969 14
4 path.c:31 0x30594889 6
4 path.c:31 0x30594b39 8
4 dynarray.c:112 0x30594709 16
4 dynarray.c:113 0x30594659 24
4 path.c:254 0x30594989 24
2 path.c:128 0x30594989 24
1 dynarray.c:84 0x305945c9 24
2 dynarray.c:95 0x30594659 16
2 path.c:90 0x30594b39 6
2 path.c:90 0x30594889 7
2 path.c:90 0x30594969 12
3 dynarray.c:69 0x30594cf9 0x30594659 16 32
1 path.c:143 0x30594709 25
2 path.c:178 0x30594659 24
1 dynarray.c:84 0x30594cc9 24
2 dynarray.c:95 0x30594d39 16
2 path.c:191 0x30594d69 25
2 path.c:205 0x30594d99 6
3 path.c:223 0x30594d69 0x30594d69 25 6
4 path.c:246 0x30594d69 6
4 path.c:31 0x30594d99 6
4 dynarray.c:112 0x30594d39 16
4 dynarray.c:113 0x30594cc9 24
4 path.c:254 0x30594659 24
2 path.c:178 0x30594659 24
1 dynarray.c:84 0x30594d69 24
2 dynarray.c:95 0x30594cc9 16
2 path.c:191 0x30594db9 25
2 path.c:205 0x30594d99 6
2 path.c:205 0x30594de9 7
3 path.c:223 0x30594db9 0x30594db9 25 13
4 path.c:246 0x30594db9 13
4 path.c:31 0x30594d99 6
4 path.c:31 0x30594de9 7
4 dynarray.c:112 0x30594cc9 16
4 dynarray.c:113 0x30594d69 24
4 path.c:254 0x30594659 24
2 path.c:178 0x30594659 24
1 dynarray.c:84 0x30594d39 24
2 dynarray.c:95 0x30594d69 24
2 path.c:191 0x30594db9 25
2 path.c:205 0x30594de9 6
2 path.c:205 0x30594d99 7
2 path.c:205 0x30594e09 12
3 path.c:223 0x30594db9 0x30594db9 25 25
4 path.c:246 0x30594db9 25
4 path.c:31 0x30594de9 6
4 path.c:31 0x30594d99 7
4 path.c:31 0x30594e09 12
4 dynarray.c:112 0x30594d69 24
4 dynarray.c:113 0x30594d39 24
4 path.c:254 0x30594659 24
4 path.c:246 0x30594709 25
4 path.c:31 0x30594b39 6
4 path.c:31 0x30594889 7
4 path.c:31 0x30594969 12
4 dynarray.c:112 0x30594cf9 32
4 dynarray.c:113 0x305945c9 24
4 path.c:254 0x30594989 24
2 path.c:128 0x30594989 24
1 dynarray.c:84 0x30594cc9 24
2 dynarray.c:95 0x305945c9 16
2 path.c:90 0x30594969 12
2 path.c:90 0x30594889 6
2 path.c:90 0x30594b39 9
3 dynarray.c:69 0x30594e29 0x305945c9 16 32
1 path.c:143 0x30594709 27
2 path.c:178 0x305945c9 24
1 dynarray.c:84 0x30594659 24
2 dynarray.c:95 0x30594d39 16
2 path.c:191 0x30594db9 27
2 path.c:205 0x30594e09 12
3 path.c:223 0x30594db9 0x30594db9 27 12
4 path.c:246 0x30594db9 12
4 path.c:31 0x30594e09 12
4 dynarray.c:112 0x30594d39 16
4 dynarray.c:113 0x30594659 24
4 path.c:254 0x305945c9 24
4 path.c:246 0x30594709 27
4 path.c:31 0x30594969 12
4 path.c:31 0x30594889 6
4 path.c:31 0x30594b39 9
4 dynarray.c:112 0x30594e29 32
4 dynarray.c:113 0x30594cc9 24
4 path.c:254 0x30594989 24
2 path.c:128 0x30594989 24
1 dynarray.c:84 0x30594d69 24
2 dynarray.c:95 0x30594cc9 16
2 path.c:90 0x30594b39 6
2 path.c:90 0x30594889 8
1 path.c:143 0x305946c9 14
2 path.c:178 0x305945c9 24
1 dynarray.c:84 0x30594709 24
2 dynarray.c:95 0x30594659 16
2 path.c:191 0x30594969 14
2 path.c:205 0x30594d99 6
3 path.c:223 0x30594969 0x30594969 14 6
4 path.c:246 0x30594969 6
4 path.c:31 0x30594d99 6
4 dynarray.c:112 0x30594659 16
4 dynarray.c:113 0x30594709 24
4 path.c:254 0x305945c9 24
2 path.c:178 0x305945c9 24
1 dynarray.c:84 0x30594d39 24
2 dynarray.c:95 0x30594709 16
2 path.c:191 0x30594d99 14
2 path.c:205 0x30594969 6
2 path.c:205 0x30594de9 8
3 path.c:223 0x30594d99 0x30594d99 14 14
4 path.c:246 0x30594d99 14
4 path.c:31 0x30594969 6
4 path.c:31 0x30594de9 8
4 dynarray.c:112 0x30594709 16
4 dynarray.c:113 0x30594d39 24
4 path.c:254 0x305945c9 24
2 path.c:178 0x305945c9 24
1 dynarray.c:84 0x30594659 24
2 dynarray.c:95 0x30594d39 16
2 path.c:191 0x30594de9 14
2 path.c:205 0x30594969 6
2 path.c:205 0x30594d99 8
3 path.c:223 0x30594de9 0x30594de9 14 14
1 bdtBad5.c:143 0x30594e29 32
2 path.c:178 0x30594db9 24
1 dynarray.c:84 0x30594709 24
2 dynarray.c:95 0x30594e69 16
2 path.c:191 0x30594e99 14
2 path.c:205 0x30594eb9 6
2 path.c:205 0x30594ed9 8
3 path.c:223 0x30594e99 0x30594e99 14 14
4 path.c:246 0x30594de9 14
4 path.c:31 0x30594969 6
4 path.c:31 0x30594d99 8
4 dynarray.c:112 0x30594d39 16
4 dynarray.c:113 0x30594659 24
4 path.c:254 0x305945c9 24
4 path.c:246 0x305946c9 14
4 path.c:31 0x30594b39 6
4 path.c:31 0x30594889 8
4 dynarray.c:112 0x30594cc9 16
4 dynarray.c:113 0x30594d69 24
4 path.c:254 0x30594989 24
2 path.c:128 0x30594989 24
1 dynarray.c:84 0x30594d39 24
2 dynarray.c:95 0x30594d69 16
2 path.c:90 0x30594889 6
2 path.c:90 0x30594b39 7
1 path.c:143 0x30594e09 13
2 path.c:178 0x305945c9 24
1 dynarray.c:84 0x30594cc9 24
2 dynarray.c:95 0x30594659 16
2 path.c:191 0x305946c9 13
2 path.c:205 0x30594969 6
3 path.c:223 0x305946c9 0x305946c9 13 6
4 path.c:246 0x305946c9 6
4 path.c:31 0x30594969 6
4 dynarray.c:112 0x30594659 16
4 dynarray.c:113 0x30594cc9 24
4 path.c:254 0x305945c9 24
2 path.c:178 0x305945c9 24
1 dynarray.c:84 0x30594659 24
2 dynarray.c:95 0x30594cc9 16
2 path.c:191 0x30594969 13
2 path.c:205 0x305946c9 6
2 path.c:205 0x30594de9 7
3 path.c:223 0x30594969 0x30594969 13 13
4 path.c:246 0x30594969 13
4 path.c:31 0x305946c9 6
4 path.c:31 0x30594de9 7
4 dynarray.c:112 0x30594cc9 16
4 dynarray.c:113 0x30594659 24
4 path.c:254 0x305945c9 24
2 path.c:178 0x305945c9 24
1 dynarray.c:84 0x30594cc9 24
2 dynarray.c:95 0x30594659 16
2 path.c:191 0x30594de9 13
2 path.c:205 0x305946c9 6
2 path.c:205 0x30594969 7
3 path.c:223 0x30594de9 0x30594de9 13 13
1 bdtBad5.c:143 0x30594cf9 32
2 path.c:178 0x30594ef9 24
1 dynarray.c:84 0x30594939 24
2 dynarray.c:95 0x30594f29 16
2 path.c:191 0x30594f59 13
2 path.c:205 0x30594f79 6
2 path.c:205 0x30594f99 7
3 path.c:223 0x30594f59 0x30594f59 13 13
4 path.c:246 0x30594f59 13
4 path.c:31 0x30594f79 6
4 path.c:31 0x30594f99 7
4 dynarray.c:112 0x30594f29 16
4 dynarray.c:113 0x30594939 24
4 path.c:254 0x30594ef9 24
4 bdtBad5.c:193 0x30594cf9 32
4 path.c:246 0x30594e09 13
4 path.c:31 0x30594889 6
4 path.c:31 0x30594b39 7
4 dynarray.c:112 0x30594d69 16
4 dynarray.c:113 0x30594d39 24
4 path.c:254 0x30594989 24
4 path.c:246 0x30594de9 13
4 path.c:31 0x305946c9 6
4 path.c:31 0x30594969 7
4 dynarray.c:112 0x30594659 16
4 dynarray.c:113 0x30594cc9 24
4 path.c:254 0x305945c9 24
2 path.c:128 0x305945c9 24
1 dynarray.c:84 0x30594939 24
2 dynarray.c:95 0x30594cc9 16
2 path.c:90 0x30594969 6
2 path.c:90 0x305946c9 4
2 path.c:90 0x30594de9 5
3 dynarray.c:69 0x30594fb9 0x30594cc9 16 32
2 path.c:90 0x30594b39 7
1 path.c:143 0x30594659 22
2 path.c:178 0x30594cc9 24
1 dynarray.c:84 0x30594989 24
2 dynarray.c:95 0x30594d39 16
2 path.c:191 0x30594ef9 22
2 path.c:205 0x30594889 6
3 path.c:223 0x30594ef9 0x30594ef9 22 6
4 path.c:246 0x30594ef9 6
4 path.c:31 0x30594889 6
4 dynarray.c:112 0x30594d39 16
4 dynarray.c:113 0x30594989 24
4 path.c:254 0x30594cc9 24
2 path.c:178 0x30594cc9 24
1 dynarray.c:84 0x30594d69 24
2 dynarray.c:95 0x30594989 16
2 path.c:191 0x30594ef9 22
2 path.c:205 0x30594889 6
2 path.c:205 0x30594e09 4
3 path.c:223 0x30594ef9 0x30594ef9 22 10
4 path.c:246 0x30594ef9 10
4 path.c:31 0x30594889 6
4 path.c:31 0x30594e09 4
4 dynarray.c:112 0x30594989 16
4 dynarray.c:113 0x30594d69 24
4 path.c:254 0x30594cc9 24
2 path.c:178 0x30594cc9 24
1 dynarray.c:84 0x30594d39 24
2 dynarray.c:95 0x30594d69 16
2 path.c:191 0x30594ef9 22
2 path.c:205 0x30594e09 6
2 path.c:205 0x30594889 4
3 path.c:223 0x30594ef9 0x30594ef9 22 10
1 bdtBad5.c:143 0x30594cf9 32
2 path.c:178 0x30594ff9 24
1 dynarray.c:84 0x30594989 24
2 dynarray.c:95 0x30595029 16
2 path.c:191 0x30594f99 10
2 path.c:205 0x30594f79 6
2 path.c:205 0x30594f59 4
3 path.c:223 0x30594f99 0x30594f99 10 10
4 path.c:246 0x30594f99 10
4 path.c:31 0x30594f79 6
4 path.c:31 0x30594f59 4
4 dynarray.c:112 0x30595029 16
4 dynarray.c:113 0x30594989 24
4 path.c:254 0x30594ff9 24
4 bdtBad5.c:193 0x30594cf9 32
4 path.c:246 0x30594659 22
4 path.c:31 0x30594969 6
4 path.c:31 0x305946c9 4
4 path.c:31 0x30594de9 5
4 path.c:31 0x30594b39 7
4 dynarray.c:112 0x30594fb9 32
4 dynarray.c:113 0x30594939 24
4 path.c:254 0x305945c9 24
4 path.c:246 0x30594ef9 10
4 path.c:31 0x30594e09 6
4 path.c:31 0x30594889 4
4 dynarray.c:112 0x30594d69 16
4 dynarray.c:113 0x30594d39 24
4 path.c:254 0x30594cc9 24
2 path.c:128 0x30594cc9 24
1 dynarray.c:84 0x30595029 24
2 dynarray.c:95 0x30594d39 16
2 path.c:90 0x30594889 6
1 path.c:143 0x30594d99 6
2 path.c:178 0x30594ef9 24
1 dynarray.c:84 0x30594d69 24
2 dynarray.c:95 0x305945c9 16
2 path.c:191 0x30594e09 6
2 path.c:205 0x30594de9 6
3 path.c:223 0x30594e09 0x30594e09 6 6
4 path.c:246 0x30594e09 6
4 path.c:31 0x30594de9 6
4 dynarray.c:112 0x305945c9 16
4 dynarray.c:113 0x30594d69 24
4 path.c:254 0x30594ef9 24
4 path.c:246 0x30594d99 6
4 path.c:31 0x30594889 6
4 dynarray.c:112 0x30594d39 16
4 dynarray.c:113 0x30595029 24
4 path.c:254 0x30594cc9 24
2 path.c:128 0x30594cc9 24
1 dynarray.c:84 0x30594939 24
2 dynarray.c:95 0x30595029 16
2 path.c:90 0x30594889 6
2 path.c:90 0x30594d99 7
1 path.c:143 0x30594b39 13
2 path.c:178 0x30594ef9 24
1 dynarray.c:84 0x30594d39 24
2 dynarray.c:95 0x30594d69 16
2 path.c:191 0x30594de9 13
2 path.c:205 0x305946c9 6
3 path.c:223 0x30594de9 0x30594de9 13 6
4 path.c:246 0x30594de9 6
4 path.c:31 0x305946c9 6
4 dynarray.c:112 0x30594d69 16
4 dynarray.c:113 0x30594d39 24
4 path.c:254 0x30594ef9 24
2 path.c:178 0x30594ef9 24
1 dynarray.c:84 0x305945c9 24
2 dynarray.c:95 0x30594d39 16
2 path.c:191 0x305946c9 13
2 path.c:205 0x30594de9 6
2 path.c:205 0x30594969 7
3 path.c:223 0x305946c9 0x305946c9 13 13
4 path.c:246 0x305946c9 13
4 path.c:31 0x30594de9 6
4 path.c:31 0x30594969 7
4 dynarray.c:112 0x30594d39 16
4 dynarray.c:113 0x305945c9 24
4 path.c:254 0x30594ef9 24
4 path.c:246 0x30594b39 13
4 path.c:31 0x30594889 6
4 path.c:31 0x30594d99 7
4 dynarray.c:112 0x30595029 16
4 dynarray.c:113 0x30594939 24
4 path.c:254 0x30594cc9 24
2 path.c:128 0x30594cc9 24
1 dynarray.c:84 0x30594d69 24
2 dynarray.c:95 0x30594939 16
2 path.c:90 0x30594d99 6
2 path.c:90 0x30594889 8
1 path.c:143 0x30594e09 14
2 path.c:178 0x30594ef9 24
1 dynarray.c:84 0x30595029 24
2 dynarray.c:95 0x305945c9 16
2 path.c:191 0x30594b39 14
2 path.c:205 0x30594de9 6
3 path.c:223 0x30594b39 0x30594b39 14 6
4 path.c:246 0x30594b39 6
4 path.c:31 0x30594de9 6
4 dynarray.c:112 0x305945c9 16
4 dynarray.c:113 0x30595029 24
4 path.c:254 0x30594ef9 24
2 path.c:178 0x30594ef9 24
1 dynarray.c:84 0x30594d39 24
2 dynarray.c:95 0x30595029 16
2 path.c:191 0x30594de9 14
2 path.c:205 0x30594b39 6
2 path.c:205 0x305946c9 8
3 path.c:223 0x30594de9 0x30594de9 14 14
4 path.c:246 0x30594de9 14
4 path.c:31 0x30594b39 6
4 path.c:31 0x305946c9 8
4 dynarray.c:112 0x30595029 16
4 dynarray.c:113 0x30594d39 24
4 path.c:254 0x30594ef9 24
4 path.c:246 0x30594e09 14
4 path.c:31 0x30594d99 6
4 path.c:31 0x30594889 8
4 dynarray.c:112 0x30594939 16
4 dynarray.c:113 0x30594d69 24
4 path.c:254 0x30594cc9 24
2 path.c:128 0x30594cc9 24
1 dynarray.c:84 0x305945c9 24
2 dynarray.c:95 0x30594d69 16
2 path.c:90 0x30594889 6
2 path.c:90 0x30594d99 7
1 path.c:143 0x30594969 13
2 path.c:178 0x30594ef9 24
1 dynarray.c:84 0x30594939 24
2 dynarray.c:95 0x30594d39 16
2 path.c:191 0x30594e09 13
2 path.c:205 0x30594b39 6
3 path.c:223 0x30594e09 0x30594e09 13 6
4 path.c:246 0x30594e09 6
4 path.c:31 0x30594b39 6
4 dynarray.c:112 0x30594d39 16
4 dynarray.c:113 0x30594939 24
4 path.c:254 0x30594ef9 24
2 path.c:178 0x30594ef9 24
1 dynarray.c:84 0x30595029 24
2 dynarray.c:95 0x30594939 16
2 path.c:191 0x30594b39 13
2 path.c:205 0x30594e09 6
2 path.c:205 0x30594de9 7
3 path.c:223 0x30594b39 0x30594b39 13 13
4 path.c:246 0x30594b39 13
4 path.c:31 0x30594e09 6
4 path.c:31 0x30594de9 7
4 dynarray.c:112 0x30594939 16
4 dynarray.c:113 0x30595029 24
4 path.c:254 0x30594ef9 24
2 path.c:128 0x30594ef9 24
1 dynarray.c:84 0x30594d39 24
2 dynarray.c:95 0x30595029 16
2 path.c:90 0x30594de9 6
2 path.c:90 0x30594e09 4
1 path.c:143 0x305946c9 10
2 path.c:178 0x30594659 24
1 dynarray.c:84 0x30594939 24
2 dynarray.c:95 0x30594ff9 16
2 path.c:191 0x30594b39 10
2 path.c:205 0x30594f79 6
3 path.c:223 0x30594b39 0x30594b39 10 6
4 path.c:246 0x30594b39 6
4 path.c:31 0x30594f79 6
4 dynarray.c:112 0x30594ff9 16
4 dynarray.c:113 0x30594939 24
4 path.c:254 0x30594659 24
2 path.c:178 0x30594659 24
1 dynarray.c:84 0x30594989 24
2 dynarray.c:95 0x30594939 16
2 path.c:191 0x30594f79 10
2 path.c:205 0x30594b39 6
2 path.c:205 0x30594f99 4
3 path.c:223 0x30594f79 0x30594f79 10 10
4 path.c:246 0x30594f79 10
4 path.c:31 0x30594b39 6
4 path.c:31 0x30594f99 4
4 dynarray.c:112 0x30594939 16
4 dynarray.c:113 0x30594989 24
4 path.c:254 0x30594659 24
2 path.c:128 0x30594659 24
1 dynarray.c:84 0x30594ff9 24
2 dynarray.c:95 0x30594989 16
2 path.c:90 0x30594f99 6
2 path.c:90 0x30594b39 4
2 path.c:90 0x30594f79 5
3 dynarray.c:69 0x30595059 0x30594989 16 32
1 path.c:143 0x30594939 15
2 path.c:178 0x30594989 24
1 dynarray.c:84 0x30594f29 24
2 dynarray.c:95 0x30595099 16
2 path.c:191 0x305950c9 15
2 path.c:205 0x305950f9 6
3 path.c:223 0x305950c9 0x305950c9 15 6
4 path.c:246 0x305950c9 6
4 path.c:31 0x305950f9 6
4 dynarray.c:112 0x30595099 16
4 dynarray.c:113 0x30594f29 24
4 path.c:254 0x30594989 24
2 path.c:178 0x30594989 24
1 dynarray.c:84 0x30595099 24
2 dynarray.c:95 0x30594f29 16
2 path.c:191 0x30595119 15
2 path.c:205 0x305950f9 6
2 path.c:205 0x30595149 4
3 path.c:223 0x30595119 0x30595119 15 10
4 path.c:246 0x30595119 10
4 path.c:31 0x305950f9 6
4 path.c:31 0x30595149 4
4 dynarray.c:112 0x30594f29 16
4 dynarray.c:113 0x30595099 24
4 path.c:254 0x30594989 24
2 path.c:128 0x30594989 24
1 dynarray.c:84 0x30595119 24
2 dynarray.c:95 0x30595099 16
2 path.c:90 0x30595149 6
2 path.c:90 0x305950f9 4
2 path.c:90 0x30595169 5
3 dynarray.c:69 0x30595189 0x30595099 16 32
2 path.c:90 0x305951c9 7
1 path.c:143 0x30594f29 22
2 path.c:178 0x30595099 24
1 dynarray.c:84 0x305950c9 24
2 dynarray.c:95 0x305951e9 16
2 path.c:191 0x30595219 22
2 path.c:205 0x30595249 6
3 path.c:223 0x30595219 0x30595219 22 6
4 path.c:246 0x30595219 6
4 path.c:31 0x30595249 6
4 dynarray.c:112 0x305951e9 16
4 dynarray.c:113 0x305950c9 24
4 path.c:254 0x30595099 24
2 path.c:178 0x30595099 24
1 dynarray.c:84 0x305951e9 24
2 dynarray.c:95 0x305950c9 16
2 path.c:191 0x30595269 22
2 path.c:205 0x30595249 6
2 path.c:205 0x30595299 4
3 path.c:223 0x30595269 0x30595269 22 10
4 path.c:246 0x30595269 10
4 path.c:31 0x30595249 6
4 path.c:31 0x30595299 4
4 dynarray.c:112 0x305950c9 16
4 dynarray.c:113 0x305951e9 24
4 path.c:254 0x30595099 24
1 dynarray.c:84 0x30595269 24
2 dynarray.c:95 0x305952b9 32
1 bdtBad5.c:662 0x305952f9 59
4 dynarray.c:112 0x305952b9 32
4 dynarray.c:113 0x30595269 24
4 bdt_client.c:82 0x305952f9 59
2 path.c:128 0x30595099 24
1 dynarray.c:84 0x30595269 24
2 dynarray.c:95 0x305951e9 16
2 path.c:90 0x30595299 6
2 path.c:90 0x30595249 7
2 path.c:90 0x30595349 12
3 dynarray.c:69 0x30595369 0x305951e9 16 32
1 path.c:143 0x305950c9 25
2 path.c:178 0x305951e9 24
1 dynarray.c:84 0x30595219 24
2 dynarray.c:95 0x305953a9 16
2 path.c:191 0x305953d9 25
2 path.c:205 0x30595409 6
3 path.c:223 0x305953d9 0x305953d9 25 6
4 path.c:246 0x305953d9 6
4 path.c:31 0x30595409 6
4 dynarray.c:112 0x305953a9 16
4 dynarray.c:113 0x30595219 24
4 path.c:254 0x305951e9 24
2 path.c:178 0x305951e9 24
1 dynarray.c:84 0x305953a9 24
2 dynarray.c:95 0x30595219 16
2 path.c:191 0x30595429 25
2 path.c:205 0x30595409 6
2 path.c:205 0x30595459 7
3 path.c:223 0x30595429 0x30595429 25 13
4 path.c:246 0x30595429 13
4 path.c:31 0x30595409 6
4 path.c:31 0x30595459 7
4 dynarray.c:112 0x30595219 16
4 dynarray.c:113 0x305953a9 24
4 path.c:254 0x305951e9 24
2 path.c:178 0x305951e9 24
1 dynarray.c:84 0x30595429 24
2 dynarray.c:95 0x305953a9 24
2 path.c:191 0x30595479 25
2 path.c:205 0x30595459 6
2 path.c:205 0x30595409 7
2 path.c:205 0x305954a9 12
3 path.c:223 0x30595479 0x30595479 25 25
4 path.c:246 0x30595479 25
4 path.c:31 0x30595459 6
4 path.c:31 0x30595409 7
4 path.c:31 0x305954a9 12
4 dynarray.c:112 0x305953a9 24
4 dynarray.c:113 0x30595429 24
4 path.c:254 0x305951e9 24
4 path.c:246 0x305950c9 25
4 path.c:31 0x30595299 6
4 path.c:31 0x30595249 7
4 path.c:31 0x30595349 12
4 dynarray.c:112 0x30595369 32
4 dynarray.c:113 0x30595269 24
4 path.c:254 0x30595099 24
2 path.c:128 0x30595099 24
1 dynarray.c:84 0x30595219 24
2 dynarray.c:95 0x30595269 16
2 path.c:90 0x30595349 6
2 path.c:90 0x30595249 8
2 path.c:90 0x30595299 12
3 dynarray.c:69 0x305954c9 0x30595269 16 32
1 path.c:143 0x305950c9 26
2 path.c:178 0x30595269 24
1 dynarray.c:84 0x305951e9 24
2 dynarray.c:95 0x30595429 16
2 path.c:191 0x30595479 26
2 path.c:205 0x305954a9 6
3 path.c:223 0x30595479 0x30595479 26 6
4 path.c:246 0x30595479 6
4 path.c:31 0x305954a9 6
4 dynarray.c:112 0x30595429 16
4 dynarray.c:113 0x305951e9 24
4 path.c:254 0x30595269 24
2 path.c:178 0x30595269 24
1 dynarray.c:84 0x305953a9 24
2 dynarray.c:95 0x305951e9 16
2 path.c:191 0x30595479 26
2 path.c:205 0x305954a9 6
2 path.c:205 0x30595409 8
3 path.c:223 0x30595479 0x30595479 26 14
4 path.c:246 0x30595479 14
4 path.c:31 0x305954a9 6
4 path.c:31 0x30595409 8
4 dynarray.c:112 0x305951e9 16
4 dynarray.c:113 0x305953a9 24
4 path.c:254 0x30595269 24
2 path.c:178 0x30595269 24
1 dynarray.c:84 0x30595429 24
2 dynarray.c:95 0x305953a9 24
2 path.c:191 0x30595479 26
2 path.c:205 0x30595409 6
2 path.c:205 0x305954a9 8
2 path.c:205 0x30595459 12
3 path.c:223 0x30595479 0x30595479 26 26
4 path.c:246 0x30595479 26
4 path.c:31 0x30595409 6
4 path.c:31 0x305954a9 8
4 path.c:31 0x30595459 12
4 dynarray.c:112 0x305953a9 24
4 dynarray.c:113 0x30595429 24
4 path.c:254 0x30595269 24
2 path.c:128 0x30595269 24
1 dynarray.c:84 0x305951e9 24
2 dynarray.c:95 0x30595429 16
2 path.c:90 0x30595459 6
2 path.c:90 0x305954a9 8
2 path.c:90 0x30595409 12
3 dynarray.c:69 0x30595509 0x30595429 16 32
1 path.c:143 0x305953a9 26
2 path.c:178 0x30595429 24
1 dynarray.c:84 0x30595479 24
2 dynarray.c:95 0x30595549 16
2 path.c:191 0x30595579 26
2 path.c:205 0x305955a9 6
3 path.c:223 0x30595579 0x30595579 26 6
4 path.c:246 0x30595579 6
4 path.c:31 0x305955a9 6
4 dynarray.c:112 0x30595549 16
4 dynarray.c:113 0x30595479 24
4 path.c:254 0x30595429 24
2 path.c:178 0x30595429 24
1 dynarray.c:84 0x30595579 24
2 dynarray.c:95 0x30595479 16
2 path.c:191 0x305955c9 26
2 path.c:205 0x305955a9 6
2 path.c:205 0x305955f9 8
3 path.c:223 0x305955c9 0x305955c9 26 14
4 path.c:246 0x305955c9 14
4 path.c:31 0x305955a9 6
4 path.c:31 0x305955f9 8
4 dynarray.c:112 0x30595479 16
4 dynarray.c:113 0x30595579 24
4 path.c:254 0x30595429 24
2 path.c:178 0x30595429 24
1 dynarray.c:84 0x30595549 24
2 dynarray.c:95 0x30595579 24
2 path.c:191 0x305955c9 26
2 path.c:205 0x305955f9 6
2 path.c:205 0x305955a9 8
2 path.c:205 0x30595619 12
3 path.c:223 0x305955c9 0x305955c9 26 26
4 path.c:246 0x305955c9 26
4 path.c:31 0x305955f9 6
4 path.c:31 0x305955a9 8
4 path.c:31 0x30595619 12
4 dynarray.c:112 0x30595579 24
4 dynarray.c:113 0x30595549 24
4 path.c:254 0x30595429 24
2 path.c:178 0x30595429 24
1 dynarray.c:84 0x30595479 24
2 dynarray.c:95 0x30595549 24
2 path.c:191 0x305955c9 26
2 path.c:205 0x30595619 6
2 path.c:205 0x305955a9 8
2 path.c:205 0x305955f9 12
3 path.c:223 0x305955c9 0x305955c9 26 26
1 bdtBad5.c:143 0x30595369 32
2 path.c:178 0x30595639 24
1 dynarray.c:84 0x30595579 24
2 dynarray.c:95 0x30595669 24
2 path.c:191 0x30595699 26
2 path.c:205 0x305956c9 6
2 path.c:205 0x305956e9 8
2 path.c:205 0x30595709 12
3 path.c:223 0x30595699 0x30595699 26 26
4 path.c:246 0x305955c9 26
4 path.c:31 0x30595619 6
4 path.c:31 0x305955a9 8
4 path.c:31 0x305955f9 12
4 dynarray.c:112 0x30595549 24
4 dynarray.c:113 0x30595479 24
4 path.c:254 0x30595429 24
4 path.c:246 0x305953a9 26
4 path.c:31 0x30595459 6
4 path.c:31 0x305954a9 8
4 path.c:31 0x30595409 12
4 dynarray.c:112 0x30595509 32
4 dynarray.c:113 0x305951e9 24
4 path.c:254 0x30595269 24
2 path.c:128 0x30595269 24
1 dynarray.c:84 0x305955c9 24
2 dynarray.c:95 0x305951e9 16
2 path.c:90 0x30595409 6
2 path.c:90 0x305954a9 7
2 path.c:90 0x30595459 12
3 dynarray.c:69 0x30595729 0x305951e9 16 32
1 path.c:143 0x305953a9 25
2 path.c:178 0x305951e9 24
1 dynarray.c:84 0x30595429 24
2 dynarray.c:95 0x30595479 16
2 path.c:191 0x30595769 25
2 path.c:205 0x305955f9 6
3 path.c:223 0x30595769 0x30595769 25 6
4 path.c:246 0x30595769 6
4 path.c:31 0x305955f9 6
4 dynarray.c:112 0x30595479 16
4 dynarray.c:113 0x30595429 24
4 path.c:254 0x305951e9 24
2 path.c:178 0x305951e9 24
1 dynarray.c:84 0x30595549 24
2 dynarray.c:95 0x30595429 16
2 path.c:191 0x30595769 25
2 path.c:205 0x305955f9 6
2 path.c:205 0x305955a9 7
3 path.c:223 0x30595769 0x30595769 25 13
4 path.c:246 0x30595769 13
4 path.c:31 0x305955f9 6
4 path.c:31 0x305955a9 7
4 dynarray.c:112 0x30595429 16
4 dynarray.c:113 0x30595549 24
4 path.c:254 0x305951e9 24
2 path.c:178 0x305951e9 24
1 dynarray.c:84 0x30595479 24
2 dynarray.c:95 0x30595549 24
2 path.c:191 0x30595769 25
2 path.c:205 0x305955a9 6
2 path.c:205 0x305955f9 7
2 path.c:205 0x30595619 12
3 path.c:223 0x30595769 0x30595769 25 25
4 path.c:246 0x30595769 25
4 path.c:31 0x305955a9 6
4 path.c:31 0x305955f9 7
4 path.c:31 0x30595619 12
4 dynarray.c:112 0x30595549 24
4 dynarray.c:113 0x30595479 24
4 path.c:254 0x305951e9 24
4 path.c:246 0x305953a9 25
4 path.c:31 0x30595409 6
4 path.c:31 0x305954a9 7
4 path.c:31 0x30595459 12
4 dynarray.c:112 0x30595729 32
4 dynarray.c:113 0x305955c9 24
4 path.c:254 0x30595269 24
2 path.c:128 0x30595269 24
1 dynarray.c:84 0x30595429 24
2 dynarray.c:95 0x305955c9 16
2 path.c:90 0x30595459 6
2 path.c:90 0x305954a9 8
2 path.c:90 0x30595409 12
3 dynarray.c:69 0x30595799 0x305955c9 16 32
1 path.c:143 0x305953a9 26
2 path.c:178 0x305955c9 24
1 dynarray.c:84 0x305951e9 24
2 dynarray.c:95 0x30595479 16
2 path.c:191 0x30595769 26
2 path.c:205 0x30595619 6
3 path.c:223 0x30595769 0x30595769 26 6
4 path.c:246 0x30595769 6
4 path.c:31 0x30595619 6
4 dynarray.c:112 0x30595479 16
4 dynarray.c:113 0x305951e9 24
4 path.c:254 0x305955c9 24
2 path.c:178 0x305955c9 24
1 dynarray.c:84 0x30595549 24
2 dynarray.c:95 0x305951e9 16
2 path.c:191 0x30595769 26
2 path.c:205 0x30595619 6
2 path.c:205 0x305955f9 8
3 path.c:223 0x30595769 0x30595769 26 14
4 path.c:246 0x30595769 14
4 path.c:31 0x30595619 6
4 path.c:31 0x305955f9 8
4 dynarray.c:112 0x305951e9 16
4 dynarray.c:113 0x30595549 24
4 path.c:254 0x305955c9 24
2 path.c:178 0x305955c9 24
1 dynarray.c:84 0x30595479 24
2 dynarray.c:95 0x30595549 24
2 path.c:191 0x30595769 26
2 path.c:205 0x305955f9 6
2 path.c:205 0x30595619 8
2 path.c:205 0x305955a9 12
3 path.c:223 0x30595769 0x30595769 26 26
4 path.c:246 0x30595769 26
4 path.c:31 0x305955f9 6
4 path.c:31 0x30595619 8
4 path.c:31 0x305955a9 12
4 dynarray.c:112 0x30595549 24
4 dynarray.c:113 0x30595479 24
4 path.c:254 0x305955c9 24
4 path.c:246 0x305953a9 26
4 path.c:31 0x30595459 6
4 path.c:31 0x305954a9 8
4 path.c:31 0x30595409 12
4 dynarray.c:112 0x30595799 32
4 dynarray.c:113 0x30595429 24
4 path.c:254 0x30595269 24
2 path.c:128 0x30595269 24
1 dynarray.c:84 0x305951e9 24
2 dynarray.c:95 0x30595429 16
2 path.c:90 0x30595409 6
2 path.c:90 0x305954a9 8
2 path.c:90 0x30595459 12
3 dynarray.c:69 0x30595799 0x30595429 16 32
1 path.c:143 0x305953a9 26
2 path.c:178 0x30595429 24
1 dynarray.c:84 0x305955c9 24
2 dynarray.c:95 0x30595479 16
2 path.c:191 0x30595769 26
2 path.c:205 0x305955a9 6
3 path.c:223 0x30595769 0x30595769 26 6
4 path.c:246 0x30595769 6
4 path.c:31 0x305955a9 6
4 dynarray.c:112 0x30595479 16
4 dynarray.c:113 0x305955c9 24
4 path.c:254 0x30595429 24
2 path.c:178 0x30595429 24
1 dynarray.c:84 0x30595549 24
2 dynarray.c:95 0x305955c9 16
2 path.c:191 0x30595769 26
2 path.c:205 0x305955a9 6
2 path.c:205 0x30595619 8
3 path.c:223 0x30595769 0x30595769 26 14
4 path.c:246 0x30595769 14
4 path.c:31 0x305955a9 6
4 path.c:31 0x30595619 8
4 dynarray.c:112 0x305955c9 16
4 dynarray.c:113 0x30595549 24
4 path.c:254 0x30595429 24
2 path.c:178 0x30595429 24
1 dynarray.c:84 0x30595479 24
2 dynarray.c:95 0x30595549 24
2 path.c:191 0x30595769 26
2 path.c:205 0x30595619 6
2 path.c:205 0x305955a9 8
2 path.c:205 0x305955f9 12
3 path.c:223 0x30595769 0x30595769 26 26
4 path.c:246 0x30595769 26
4 path.c:31 0x30595619 6
4 path.c:31 0x305955a9 8
4 path.c:31 0x305955f9 12
4 dynarray.c:112 0x30595549 24
4 dynarray.c:113 0x30595479 24
4 path.c:254 0x30595429 24
4 path.c:246 0x305953a9 26
4 path.c:31 0x30595409 6
4 path.c:31 0x305954a9 8
4 path.c:31 0x30595459 12
4 dynarray.c:112 0x30595799 32
4 dynarray.c:113 0x305951e9 24
4 path.c:254 0x30595269 24
2 path.c:128 0x30595269 24
1 dynarray.c:84 0x305955c9 24
2 dynarray.c:95 0x305951e9 16
2 path.c:90 0x30595459 6
2 path.c:90 0x305954a9 8
2 path.c:90 0x30595409 12
3 dynarray.c:69 0x30595799 0x305951e9 16 32
2 path.c:90 0x305955f9 6
1 path.c:143 0x30595729 32
2 path.c:178 0x305951e9 24
1 dynarray.c:84 0x305953a9 24
2 dynarray.c:95 0x30595429 16
2 path.c:191 0x305957d9 32
2 path.c:205 0x305955a9 6
3 path.c:223 0x305957d9 0x305957d9 32 6
4 path.c:246 0x305957d9 6
4 path.c:31 0x305955a9 6
4 dynarray.c:112 0x30595429 16
4 dynarray.c:113 0x305953a9 24
4 path.c:254 0x305951e9 24
2 path.c:178 0x305951e9 24
1 dynarray.c:84 0x30595479 24
2 dynarray.c:95 0x305953a9 16
2 path.c:191 0x30595819 32
2 path.c:205 0x305955a9 6
2 path.c:205 0x305957d9 8
3 path.c:223 0x30595819 0x30595819 32 14
4 path.c:246 0x30595819 14
4 path.c:31 0x305955a9 6
4 path.c:31 0x305957d9 8
4 dynarray.c:112 0x305953a9 16
4 dynarray.c:113 0x30595479 24
4 path.c:254 0x305951e9 24
2 path.c:178 0x305951e9 24
1 dynarray.c:84 0x30595429 24
2 dynarray.c:95 0x30595479 24
2 path.c:191 0x30595859 32
2 path.c:205 0x305957d9 6
2 path.c:205 0x305955a9 8
2 path.c:205 0x30595819 12
3 path.c:223 0x30595859 0x30595859 32 26
4 path.c:246 0x30595859 26
4 path.c:31 0x305957d9 6
4 path.c:31 0x305955a9 8
4 path.c:31 0x30595819 12
4 dynarray.c:112 0x30595479 24
4 dynarray.c:113 0x30595429 24
4 path.c:254 0x305951e9 24
2 path.c:178 0x305951e9 24
1 dynarray.c:84 0x305953a9 24
2 dynarray.c:95 0x30595899 32
2 path.c:191 0x305958d9 32
2 path.c:205 0x30595819 6
2 path.c:205 0x305955a9 8
2 path.c:205 0x305957d9 12
2 path.c:205 0x30595839 6
3 path.c:223 0x305958d9 0x305958d9 32 32
4 path.c:246 0x305958d9 32
4 path.c:31 0x30595819 6
4 path.c:31 0x305955a9 8
4 path.c:31 0x305957d9 12
4 path.c:31 0x30595839 6
4 dynarray.c:112 0x30595899 32
4 dynarray.c:113 0x305953a9 24
4 path.c:254 0x305951e9 24
2 path.c:178 0x305951e9 24
1 dynarray.c:84 0x305953a9 24
2 dynarray.c:95 0x30595899 32
2 path.c:191 0x305958d9 32
2 path.c:205 0x30595839 6
2 path.c:205 0x305957d9 8
2 path.c:205 0x305955a9 12
2 path.c:205 0x30595819 6
3 path.c:223 0x305958d9 0x305958d9 32 32
1 bdtBad5.c:143 0x30595859 32
2 path.c:178 0x30595429 24
1 dynarray.c:84 0x30595479 24
2 dynarray.c:95 0x30595919 32
2 path.c:191 0x30595959 32
2 path.c:205 0x305957f9 6
2 path.c:205 0x30595619 8
2 path.c:205 0x30595999 12
2 path.c:205 0x305959b9 6
3 path.c:223 0x30595959 0x30595959 32 32
4 path.c:246 0x305958d9 32
4 path.c:31 0x30595839 6
4 path.c:31 0x305957d9 8
4 path.c:31 0x305955a9 12
4 path.c:31 0x30595819 6
4 dynarray.c:112 0x30595899 32
4 dynarray.c:113 0x305953a9 24
4 path.c:254 0x305951e9 24
4 path.c:246 0x30595729 32
4 path.c:31 0x30595459 6
4 path.c:31 0x305954a9 8
4 path.c:31 0x30595409 12
4 path.c:31 0x305955f9 6
4 dynarray.c:112 0x30595799 32
4 dynarray.c:113 0x305955c9 24
4 path.c:254 0x30595269 24
2 path.c:128 0x30595269 24
1 dynarray.c:84 0x305953a9 24
2 dynarray.c:95 0x305955c9 16
2 path.c:90 0x305955f9 6
2 path.c:90 0x30595409 8
2 path.c:90 0x305954a9 12
3 dynarray.c:69 0x30595799 0x305955c9 16 32
2 path.c:90 0x30595459 6
1 path.c:143 0x305958d9 32
2 path.c:178 0x305955c9 24
1 dynarray.c:84 0x305951e9 24
2 dynarray.c:95 0x30595549 16
2 path.c:191 0x30595729 32
2 path.c:205 0x30595819 6
3 path.c:223 0x30595729 0x30595729 32 6
4 path.c:246 0x30595729 6
4 path.c:31 0x30595819 6
4 dynarray.c:112 0x30595549 16
4 dynarray.c:113 0x305951e9 24
4 path.c:254 0x305955c9 24
2 path.c:178 0x305955c9 24
1 dynarray.c:84 0x30595769 24
2 dynarray.c:95 0x305951e9 16
2 path.c:191 0x305959d9 32
2 path.c:205 0x30595819 6
2 path.c:205 0x30595729 8
3 path.c:223 0x305959d9 0x305959d9 32 14
4 path.c:246 0x305959d9 14
4 path.c:31 0x30595819 6
4 path.c:31 0x30595729 8
4 dynarray.c:112 0x305951e9 16
4 dynarray.c:113 0x30595769 24
4 path.c:254 0x305955c9 24
2 path.c:178 0x305955c9 24
1 dynarray.c:84 0x30595549 24
2 dynarray.c:95 0x30595769 24
2 path.c:191 0x30595a19 32
2 path.c:205 0x30595729 6
2 path.c:205 0x30595819 8
2 path.c:205 0x305959d9 12
3 path.c:223 0x30595a19 0x30595a19 32 26
4 path.c:246 0x30595a19 26
4 path.c:31 0x30595729 6
4 path.c:31 0x30595819 8
4 path.c:31 0x305959d9 12
4 dynarray.c:112 0x30595769 24
4 dynarray.c:113 0x30595549 24
4 path.c:254 0x305955c9 24
2 path.c:178 0x305955c9 24
1 dynarray.c:84 0x305951e9 24
2 dynarray.c:95 0x30595a19 32
2 path.c:191 0x30595a59 32
2 path.c:205 0x305959d9 6
2 path.c:205 0x30595819 8
2 path.c:205 0x30595729 12
2 path.c:205 0x305959f9 6
3 path.c:223 0x30595a59 0x30595a59 32 32
4 path.c:246 0x30595a59 32
4 path.c:31 0x305959d9 6
4 path.c:31 0x30595819 8
4 path.c:31 0x30595729 12
4 path.c:31 0x305959f9 6
4 dynarray.c:112 0x30595a19 32
4 dynarray.c:113 0x305951e9 24
4 path.c:254 0x305955c9 24
4 path.c:246 0x305958d9 32
4 path.c:31 0x305955f9 6
4 path.c:31 0x30595409 8
4 path.c:31 0x305954a9 12
4 path.c:31 0x30595459 6
4 dynarray.c:112 0x30595799 32
4 dynarray.c:113 0x305953a9 24
4 path.c:254 0x30595269 24
1 dynarray.c:84 0x305951e9 24
2 dynarray.c:95 0x30595a99 48
1 bdtBad5.c:662 0x30595ae9 117
4 dynarray.c:112 0x30595a99 48
4 dynarray.c:113 0x305951e9 24
4 bdt_client.c:96 0x30595ae9 117
2 path.c:128 0x30595269 24
1 dynarray.c:84 0x305951e9 24
2 dynarray.c:95 0x305953a9 16
2 path.c:90 0x30595459 6
2 path.c:90 0x305954a9 8
2 path.c:90 0x30595409 12
3 dynarray.c:69 0x30595799 0x305953a9 16 32
2 path.c:90 0x305955f9 6
1 path.c:143 0x30595899 32
2 path.c:178 0x305953a9 24
1 dynarray.c:84 0x305955c9 24
2 dynarray.c:95 0x30595549 16
2 path.c:191 0x305958d9 32
2 path.c:205 0x305959f9 6
3 path.c:223 0x305958d9 0x305958d9 32 6
4 path.c:246 0x305958d9 6
4 path.c:31 0x305959f9 6
4 dynarray.c:112 0x30595549 16
4 dynarray.c:113 0x305955c9 24
4 path.c:254 0x305953a9 24
2 path.c:178 0x305953a9 24
1 dynarray.c:84 0x30595769 24
2 dynarray.c:95 0x305955c9 16
2 path.c:191 0x30595a59 32
2 path.c:205 0x305959f9 6
2 path.c:205 0x305958d9 8
3 path.c:223 0x30595a59 0x30595a59 32 14
4 path.c:246 0x30595a59 14
4 path.c:31 0x305959f9 6
4 path.c:31 0x305958d9 8
4 dynarray.c:112 0x305955c9 16
4 dynarray.c:113 0x30595769 24
4 path.c:254 0x305953a9 24
2 path.c:178 0x305953a9 24
1 dynarray.c:84 0x30595549 24
2 dynarray.c:95 0x30595769 24
2 path.c:191 0x30595b79 32
2 path.c:205 0x305958d9 6
2 path.c:205 0x305959f9 8
2 path.c:205 0x30595a59 12
3 path.c:223 0x30595b79 0x30595b79 32 26
4 path.c:246 0x30595b79 26
4 path.c:31 0x305958d9 6
4 path.c:31 0x305959f9 8
4 path.c:31 0x30595a59 12
4 dynarray.c:112 0x30595769 24
4 dynarray.c:113 0x30595549 24
4 path.c:254 0x305953a9 24
2 path.c:178 0x305953a9 24
1 dynarray.c:84 0x305955c9 24
2 dynarray.c:95 0x30595b79 32
2 path.c:191 0x30595bb9 32
2 path.c:205 0x30595a59 6
2 path.c:205 0x305959f9 8
2 path.c:205 0x305958d9 12
2 path.c:205 0x30595a79 6
3 path.c:223 0x30595bb9 0x30595bb9 32 32
4 path.c:246 0x30595bb9 32
4 path.c:31 0x30595a59 6
4 path.c:31 0x305959f9 8
4 path.c:31 0x305958d9 12
4 path.c:31 0x30595a79 6
4 dynarray.c:112 0x30595b79 32
4 dynarray.c:113 0x305955c9 24
4 path.c:254 0x305953a9 24
4 path.c:246 0x30595899 32
4 path.c:31 0x30595459 6
4 path.c:31 0x305954a9 8
4 path.c:31 0x30595409 12
4 path.c:31 0x305955f9 6
4 dynarray.c:112 0x30595799 32
4 dynarray.c:113 0x305951e9 24
4 path.c:254 0x30595269 24
2 path.c:128 0x30595269 24
1 dynarray.c:84 0x305955c9 24
2 dynarray.c:95 0x305951e9 16
2 path.c:90 0x305955f9 6
2 path.c:90 0x30595409 8
2 path.c:90 0x305954a9 8
3 dynarray.c:69 0x30595799 0x305951e9 16 32
1 path.c:143 0x305953a9 22
2 path.c:178 0x305951e9 24
1 dynarray.c:84 0x30595549 24
2 dynarray.c:95 0x30595769 16
2 path.c:191 0x30595bf9 22
2 path.c:205 0x30595459 6
3 path.c:223 0x30595bf9 0x30595bf9 22 6
4 path.c:246 0x30595bf9 6
4 path.c:31 0x30595459 6
4 dynarray.c:112 0x30595769 16
4 dynarray.c:113 0x30595549 24
4 path.c:254 0x305951e9 24
2 path.c:178 0x305951e9 24
1 dynarray.c:84 0x30595bf9 24
2 dynarray.c:95 0x30595549 16
2 path.c:191 0x30595c29 22
2 path.c:205 0x30595459 6
2 path.c:205 0x30595a79 8
3 path.c:223 0x30595c29 0x30595c29 22 14
4 path.c:246 0x30595c29 14
4 path.c:31 0x30595459 6
4 path.c:31 0x30595a79 8
4 dynarray.c:112 0x30595549 16
4 dynarray.c:113 0x30595bf9 24
4 path.c:254 0x305951e9 24
2 path.c:178 0x305951e9 24
1 dynarray.c:84 0x30595769 24
2 dynarray.c:95 0x30595bf9 24
2 path.c:191 0x30595c29 22
2 path.c:205 0x30595a79 6
2 path.c:205 0x30595459 8
2 path.c:205 0x305958d9 8
3 path.c:223 0x30595c29 0x30595c29 22 22
4 path.c:246 0x30595c29 22
4 path.c:31 0x30595a79 6
4 path.c:31 0x30595459 8
4 path.c:31 0x305958d9 8
4 dynarray.c:112 0x30595bf9 24
4 dynarray.c:113 0x30595769 24
4 path.c:254 0x305951e9 24
2 path.c:128 0x305951e9 24
1 dynarray.c:84 0x30595549 24
2 dynarray.c:95 0x30595769 16
2 path.c:90 0x305958d9 6
2 path.c:90 0x30595459 8
2 path.c:90 0x30595a79 8
3 dynarray.c:69 0x30595899 0x30595769 16 32
1 path.c:143 0x30595bf9 22
2 path.c:178 0x30595769 24
1 dynarray.c:84 0x30595c29 24
2 dynarray.c:95 0x30595c59 16
2 path.c:191 0x30595c89 22
2 path.c:205 0x305959f9 6
3 path.c:223 0x30595c89 0x30595c89 22 6
4 path.c:246 0x30595c89 6
4 path.c:31 0x305959f9 6
4 dynarray.c:112 0x30595c59 16
4 dynarray.c:113 0x30595c29 24
4 path.c:254 0x30595769 24
2 path.c:178 0x30595769 24
1 dynarray.c:84 0x30595c89 24
2 dynarray.c:95 0x30595c29 16
2 path.c:191 0x30595cb9 22
2 path.c:205 0x305959f9 6
2 path.c:205 0x30595a59 8
3 path.c:223 0x30595cb9 0x30595cb9 22 14
4 path.c:246 0x30595cb9 14
4 path.c:31 0x305959f9 6
4 path.c:31 0x30595a59 8
4 dynarray.c:112 0x30595c29 16
4 dynarray.c:113 0x30595c89 24
4 path.c:254 0x30595769 24
2 path.c:178 0x30595769 24
1 dynarray.c:84 0x30595c59 24
2 dynarray.c:95 0x30595c89 24
2 path.c:191 0x30595cb9 22
2 path.c:205 0x30595a59 6
2 path.c:205 0x305959f9 8
2 path.c:205 0x305958f9 8
3 path.c:223 0x30595cb9 0x30595cb9 22 22
4 path.c:246 0x30595cb9 22
4 path.c:31 0x30595a59 6
4 path.c:31 0x305959f9 8
4 path.c:31 0x305958f9 8
4 dynarray.c:112 0x30595c89 24
4 dynarray.c:113 0x30595c59 24
4 path.c:254 0x30595769 24
2 path.c:128 0x30595769 24
1 dynarray.c:84 0x30595c29 24
2 dynarray.c:95 0x30595c59 16
2 path.c:90 0x305958f9 6
2 path.c:90 0x305959f9 8
2 path.c:90 0x30595a59 8
3 dynarray.c:69 0x30595b79 0x30595c59 16 32
1 path.c:143 0x30595c89 22
2 path.c:178 0x30595c59 24
1 dynarray.c:84 0x30595cb9 24
2 dynarray.c:95 0x30595ce9 16
2 path.c:191 0x30595d19 22
2 path.c:205 0x30595729 6
3 path.c:223 0x30595d19 0x30595d19 22 6
4 path.c:246 0x30595d19 6
4 path.c:31 0x30595729 6
4 dynarray.c:112 0x30595ce9 16
4 dynarray.c:113 0x30595cb9 24
4 path.c:254 0x30595c59 24
2 path.c:178 0x30595c59 24
1 dynarray.c:84 0x30595d19 24
2 dynarray.c:95 0x30595cb9 16
2 path.c:191 0x30595d49 22
2 path.c:205 0x30595729 6
2 path.c:205 0x30595819 8
3 path.c:223 0x30595d49 0x30595d49 22 14
4 path.c:246 0x30595d49 14
4 path.c:31 0x30595729 6
4 path.c:31 0x30595819 8
4 dynarray.c:112 0x30595cb9 16
4 dynarray.c:113 0x30595d19 24
4 path.c:254 0x30595c59 24
2 path.c:178 0x30595c59 24
1 dynarray.c:84 0x30595ce9 24
2 dynarray.c:95 0x30595d19 24
2 path.c:191 0x30595d49 22
2 path.c:205 0x30595819 6
2 path.c:205 0x30595729 8
2 path.c:205 0x305959d9 8
3 path.c:223 0x30595d49 0x30595d49 22 22
4 path.c:246 0x30595d49 22
4 path.c:31 0x30595819 6
4 path.c:31 0x30595729 8
4 path.c:31 0x305959d9 8
4 dynarray.c:112 0x30595d19 24
4 dynarray.c:113 0x30595ce9 24
4 path.c:254 0x30595c59 24
2 path.c:128 0x30595c59 24
1 dynarray.c:84 0x30595cb9 24
2 dynarray.c:95 0x30595ce9 16
2 path.c:90 0x305959d9 6
2 path.c:90 0x30595729 8
1 path.c:143 0x30594f59 14
2 path.c:178 0x30595d49 24
1 dynarray.c:84 0x30595d19 24
2 dynarray.c:95 0x30595d79 16
2 path.c:191 0x30595819 14
2 path.c:205 0x305955a9 6
3 path.c:223 0x30595819 0x30595819 14 6
4 path.c:246 0x30595819 6
4 path.c:31 0x305955a9 6
4 dynarray.c:112 0x30595d79 16
4 dynarray.c:113 0x30595d19 24
4 path.c:254 0x30595d49 24
2 path.c:178 0x30595d49 24
1 dynarray.c:84 0x30595d79 24
2 dynarray.c:95 0x30595d19 16
2 path.c:191 0x305955a9 14
2 path.c:205 0x30595819 6
2 path.c:205 0x305957d9 8
3 path.c:223 0x305955a9 0x305955a9 14 14
4 path.c:246 0x305955a9 14
4 path.c:31 0x30595819 6
4 path.c:31 0x305957d9 8
4 dynarray.c:112 0x30595d19 16
4 dynarray.c:113 0x30595d79 24
4 path.c:254 0x30595d49 24
4 path.c:246 0x30594f59 14
4 path.c:31 0x305959d9 6
4 path.c:31 0x30595729 8
4 dynarray.c:112 0x30595ce9 16
4 dynarray.c:113 0x30595cb9 24
4 path.c:254 0x30595c59 24
4 path.c:246 0x30595959 32
4 path.c:31 0x305957f9 6
4 path.c:31 0x30595619 8
4 path.c:31 0x30595999 12
4 path.c:31 0x305959b9 6
4 dynarray.c:112 0x30595919 32
4 dynarray.c:113 0x30595479 24
4 path.c:254 0x30595429 24
4 bdtBad5.c:263 0x30595859 32
4 path.c:246 0x30595699 26
4 path.c:31 0x305956c9 6
4 path.c:31 0x305956e9 8
4 path.c:31 0x30595709 12
4 dynarray.c:112 0x30595669 24
4 dynarray.c:113 0x30595579 24
4 path.c:254 0x30595639 24
4 bdtBad5.c:263 0x30595369 32
4 path.c:246 0x30594e99 14
4 path.c:31 0x30594eb9 6
4 path.c:31 0x30594ed9 8
4 dynarray.c:112 0x30594e69 16
4 dynarray.c:113 0x30594709 24
4 path.c:254 0x30594db9 24
4 bdtBad5.c:263 0x30594e29 32
2 path.c:128 0x30594db9 24
1 dynarray.c:84 0x30595d19 24
2 dynarray.c:95 0x30594709 16
2 path.c:90 0x30594ed9 6
1 path.c:143 0x30595749 6
2 path.c:178 0x30595639 24
1 dynarray.c:84 0x30594e69 24
2 dynarray.c:95 0x30595579 16
2 path.c:191 0x30594eb9 6
2 path.c:205 0x30595709 6
3 path.c:223 0x30594eb9 0x30594eb9 6 6
4 path.c:246 0x30594eb9 6
4 path.c:31 0x30595709 6
4 dynarray.c:112 0x30595579 16
4 dynarray.c:113 0x30594e69 24
4 path.c:254 0x30595639 24
4 path.c:246 0x30595749 6
4 path.c:31 0x30594ed9 6
4 dynarray.c:112 0x30594709 16
4 dynarray.c:113 0x30595d19 24
4 path.c:254 0x30594db9 24
2 path.c:128 0x30594db9 24
1 dynarray.c:84 0x30595669 24
2 dynarray.c:95 0x30595d19 16
2 path.c:90 0x30594ed9 6
2 path.c:90 0x30595749 7
1 path.c:143 0x30594e99 13
2 path.c:178 0x30595639 24
1 dynarray.c:84 0x30594709 24
2 dynarray.c:95 0x30594e69 16
2 path.c:191 0x30595709 13
2 path.c:205 0x305956e9 6
3 path.c:223 0x30595709 0x30595709 13 6
4 path.c:246 0x30595709 6
4 path.c:31 0x305956e9 6
4 dynarray.c:112 0x30594e69 16
4 dynarray.c:113 0x30594709 24
4 path.c:254 0x30595639 24
2 path.c:178 0x30595639 24
1 dynarray.c:84 0x30595579 24
2 dynarray.c:95 0x30594709 16
2 path.c:191 0x305956e9 13
2 path.c:205 0x30595709 6
2 path.c:205 0x305956c9 7
3 path.c:223 0x305956e9 0x305956e9 13 13
4 path.c:246 0x305956e9 13
4 path.c:31 0x30595709 6
4 path.c:31 0x305956c9 7
4 dynarray.c:112 0x30594709 16
4 dynarray.c:113 0x30595579 24
4 path.c:254 0x30595639 24
4 path.c:246 0x30594e99 13
4 path.c:31 0x30594ed9 6
4 path.c:31 0x30595749 7
4 dynarray.c:112 0x30595d19 16
4 dynarray.c:113 0x30595669 24
4 path.c:254 0x30594db9 24
2 path.c:128 0x30594db9 24
1 dynarray.c:84 0x30594e69 24
2 dynarray.c:95 0x30595669 16
2 path.c:90 0x30595749 6
2 path.c:90 0x30594ed9 8
1 path.c:143 0x30594eb9 14
2 path.c:178 0x30595639 24
1 dynarray.c:84 0x30595d19 24
2 dynarray.c:95 0x30595579 16
2 path.c:191 0x30594e99 14
2 path.c:205 0x30595709 6
3 path.c:223 0x30594e99 0x30594e99 14 6
4 path.c:246 0x30594e99 6
4 path.c:31 0x30595709 6
4 dynarray.c:112 0x30595579 16
4 dynarray.c:113 0x30595d19 24
4 path.c:254 0x30595639 24
2 path.c:178 0x30595639 24
1 dynarray.c:84 0x30594709 24
2 dynarray.c:95 0x30595d19 16
2 path.c:191 0x30595709 14
2 path.c:205 0x30594e99 6
2 path.c:205 0x305956e9 8
3 path.c:223 0x30595709 0x30595709 14 14
4 path.c:246 0x30595709 14
4 path.c:31 0x30594e99 6
4 path.c:31 0x305956e9 8
4 dynarray.c:112 0x30595d19 16
4 dynarray.c:113 0x30594709 24
4 path.c:254 0x30595639 24
2 path.c:128 0x30595639 24
1 dynarray.c:84 0x30595579 24
2 dynarray.c:95 0x30594709 16
2 path.c:90 0x305956e9 6
2 path.c:90 0x30594e99 8
2 path.c:90 0x30595709 12
3 dynarray.c:69 0x30594e29 0x30594709 16 32
1 path.c:143 0x30595d19 26
2 path.c:178 0x30594709 24
1 dynarray.c:84 0x30595699 24
2 dynarray.c:95 0x30595429 16
2 path.c:191 0x30595c59 26
2 path.c:205 0x305959b9 6
3 path.c:223 0x30595c59 0x30595c59 26 6
4 path.c:246 0x30595c59 6
4 path.c:31 0x305959b9 6
4 dynarray.c:112 0x30595429 16
4 dynarray.c:113 0x30595699 24
4 path.c:254 0x30594709 24
2 path.c:178 0x30594709 24
1 dynarray.c:84 0x30595479 24
2 dynarray.c:95 0x30595699 16
2 path.c:191 0x30595c59 26
2 path.c:205 0x305959b9 6
2 path.c:205 0x30595999 8
3 path.c:223 0x30595c59 0x30595c59 26 14
4 path.c:246 0x30595c59 14
4 path.c:31 0x305959b9 6
4 path.c:31 0x30595999 8
4 dynarray.c:112 0x30595699 16
4 dynarray.c:113 0x30595479 24
4 path.c:254 0x30594709 24
2 path.c:128 0x30594709 24
1 dynarray.c:84 0x30595429 24
2 dynarray.c:95 0x30595479 16
2 path.c:90 0x30595999 6
2 path.c:90 0x305959b9 8
2 path.c:90 0x30595619 12
3 dynarray.c:69 0x30595369 0x30595479 16 32
2 path.c:90 0x305957f9 6
1 path.c:143 0x30595a19 32
2 path.c:178 0x30595479 24
1 dynarray.c:84 0x30595699 24
2 dynarray.c:95 0x30595c59 16
2 path.c:191 0x30595859 32
2 path.c:205 0x30595729 6
3 path.c:223 0x30595859 0x30595859 32 6
4 path.c:246 0x30595859 6
4 path.c:31 0x30595729 6
4 dynarray.c:112 0x30595c59 16
4 dynarray.c:113 0x30595699 24
4 path.c:254 0x30595479 24
2 path.c:178 0x30595479 24
1 dynarray.c:84 0x30595cb9 24
2 dynarray.c:95 0x30595699 16
2 path.c:191 0x30595959 32
2 path.c:205 0x30595729 6
2 path.c:205 0x30595859 8
3 path.c:223 0x30595959 0x30595959 32 14
4 path.c:246 0x30595959 14
4 path.c:31 0x30595729 6
4 path.c:31 0x30595859 8
4 dynarray.c:112 0x30595699 16
4 dynarray.c:113 0x30595cb9 24
4 path.c:254 0x30595479 24
1 dynarray.c:84 0x30595c59 24
2 dynarray.c:95 0x30595479 24
1 bdtBad5.c:662 0x30595919 45
4 dynarray.c:112 0x30595479 24
4 dynarray.c:113 0x30595c59 24
4 bdt_client.c:113 0x30595919 45
2 path.c:128 0x30595c59 24
1 dynarray.c:84 0x30595cb9 24
2 dynarray.c:95 0x30595479 16
2 path.c:90 0x30595859 13
1 path.c:143 0x305956c9 13
2 path.c:178 0x30595ce9 24
1 dynarray.c:84 0x30595699 24
2 dynarray.c:95 0x30595d49 16
2 path.c:191 0x30595729 13
2 path.c:205 0x30595979 13
3 path.c:223 0x30595729 0x30595729 13 13
4 path.c:246 0x30595729 13
4 path.c:31 0x30595979 13
4 dynarray.c:112 0x30595d49 16
4 dynarray.c:113 0x30595699 24
4 path.c:254 0x30595ce9 24
4 path.c:246 0x305956c9 13
4 path.c:31 0x30595859 13
4 dynarray.c:112 0x30595479 16
4 dynarray.c:113 0x30595cb9 24
4 path.c:254 0x30595c59 24
2 path.c:128 0x30595c59 24
1 dynarray.c:84 0x30595d79 24
2 dynarray.c:95 0x30595cb9 16
2 path.c:90 0x30595859 6
1 path.c:143 0x30595959 6
2 path.c:178 0x30595ce9 24
1 dynarray.c:84 0x30595479 24
2 dynarray.c:95 0x30595699 16
2 path.c:191 0x305956c9 6
2 path.c:205 0x30595729 6
3 path.c:223 0x305956c9 0x305956c9 6 6
4 path.c:246 0x305956c9 6
4 path.c:31 0x30595729 6
4 dynarray.c:112 0x30595699 16
4 dynarray.c:113 0x30595479 24
4 path.c:254 0x30595ce9 24
4 path.c:246 0x30595959 6
4 path.c:31 0x30595859 6
4 dynarray.c:112 0x30595cb9 16
4 dynarray.c:113 0x30595d79 24
4 path.c:254 0x30595c59 24
4 path.c:246 0x30594bf9 25
4 path.c:31 0x30594c29 6
4 path.c:31 0x30594c49 7
4 path.c:31 0x30594c69 12
4 dynarray.c:112 0x30594bc9 24
4 dynarray.c:113 0x30594909 24
4 path.c:254 0x30594b99 24
4 bdtBad5.c:263 0x30594b59 32
4 path.c:246 0x30594aa9 13
4 path.c:31 0x30594ac9 6
4 path.c:31 0x30594ae9 7
4 dynarray.c:112 0x30594a79 16
4 dynarray.c:113 0x30594599 24
4 path.c:254 0x30594a49 24
4 bdtBad5.c:263 0x30594a09 32
4 path.c:246 0x30594849 6
4 path.c:31 0x30594869 6
4 dynarray.c:112 0x30594819 16
4 dynarray.c:113 0x305945f9 24
4 path.c:254 0x305947e9 24
4 bdtBad5.c:263 0x305947a9 32
2 path.c:128 0x305947e9 24
1 dynarray.c:84 0x30595d49 24
2 dynarray.c:95 0x305945f9 16
2 path.c:90 0x30594869 6
2 path.c:90 0x30594849 7
1 path.c:143 0x30595979 13
4 path.c:246 0x30595979 13
4 path.c:31 0x30594869 6
4 path.c:31 0x30594849 7
4 dynarray.c:112 0x305945f9 16
4 dynarray.c:113 0x30595d49 24
4 path.c:254 0x305947e9 24
2 path.c:128 0x305947e9 24
1 dynarray.c:84 0x30594819 24
2 dynarray.c:95 0x30595d49 16
2 path.c:90 0x30594849 6
1 path.c:143 0x30595979 6
4 path.c:246 0x30595979 6
4 path.c:31 0x30594849 6
4 dynarray.c:112 0x30595d49 16
4 dynarray.c:113 0x30594819 24
4 path.c:254 0x305947e9 24
2 path.c:128 0x305947e9 24
1 dynarray.c:84 0x305945f9 24
2 dynarray.c:95 0x30594819 16
2 path.c:90 0x30594849 6
1 path.c:143 0x30595979 6
4 path.c:246 0x30595979 6
4 path.c:31 0x30594849 6
4 dynarray.c:112 0x30594819 16
4 dynarray.c:113 0x305945f9 24
4 path.c:254 0x305947e9 24
2 path.c:128 0x305947e9 24
1 dynarray.c:84 0x30595d49 24
2 dynarray.c:95 0x305945f9 16
2 path.c:90 0x30594849 13
1 path.c:143 0x30595979 13
4 path.c:246 0x30595979 13
4 path.c:31 0x30594849 13
4 dynarray.c:112 0x305945f9 16
4 dynarray.c:113 0x30595d49 24
4 path.c:254 0x305947e9 24
1 dynarray.c:84 0x30594819 24
2 dynarray.c:95 0x305947e9 16
1 bdtBad5.c:662 0x30595979 1
4 dynarray.c:112 0x305947e9 16
4 dynarray.c:113 0x30594819 24
4 bdt_client.c:124 0x30595979 1
2 path.c:128 0x30594819 24
1 dynarray.c:84 0x30595d49 24
2 dynarray.c:95 0x305947e9 16
2 path.c:90 0x30594849 2
2 path.c:90 0x30594869 2
1 path.c:143 0x30595979 4
2 path.c:178 0x30594a49 24
1 dynarray.c:84 0x305945f9 24
2 dynarray.c:95 0x30594599 16
2 path.c:191 0x30594ae9 4
2 path.c:205 0x30594aa9 2
3 path.c:223 0x30594ae9 0x30594ae9 4 2
1 bdtBad5.c:143 0x30595919 32
2 path.c:178 0x30594b99 24
1 dynarray.c:84 0x30594a79 24
2 dynarray.c:95 0x30594909 16
2 path.c:191 0x30594c69 2
2 path.c:205 0x30594c49 2
3 path.c:223 0x30594c69 0x30594c69 2 2
4 path.c:246 0x30594ae9 2
4 path.c:31 0x30594aa9 2
4 dynarray.c:112 0x30594599 16
4 dynarray.c:113 0x305945f9 24
4 path.c:254 0x30594a49 24
2 path.c:178 0x30594a49 24
1 dynarray.c:84 0x30594bc9 24
2 dynarray.c:95 0x305945f9 16
2 path.c:191 0x30594aa9 4
2 path.c:205 0x30594ae9 2
2 path.c:205 0x30594c29 2
3 path.c:223 0x30594aa9 0x30594aa9 4 4
1 bdtBad5.c:143 0x30595509 32
2 path.c:178 0x30594bf9 24
1 dynarray.c:84 0x30594599 24
2 dynarray.c:95 0x30595c59 16
2 path.c:191 0x30595859 4
2 path.c:205 0x30595959 2
2 path.c:205 0x30595729 2
3 path.c:223 0x30595859 0x30595859 4 4
4 path.c:246 0x30594aa9 4
4 path.c:31 0x30594ae9 2
4 path.c:31 0x30594c29 2
4 dynarray.c:112 0x305945f9 16
4 dynarray.c:113 0x30594bc9 24
4 path.c:254 0x30594a49 24
4 path.c:246 0x30595979 4
4 path.c:31 0x30594849 2
4 path.c:31 0x30594869 2
4 dynarray.c:112 0x305947e9 16
4 dynarray.c:113 0x30595d49 24
4 path.c:254 0x30594819 24
1 dynarray.c:84 0x30595d79 24
2 dynarray.c:95 0x30594819 16
1 bdtBad5.c:662 0x30594ac9 7
4 dynarray.c:112 0x30594819 16
4 dynarray.c:113 0x30595d79 24
4 bdt_client.c:136 0x30594ac9 7
2 path.c:128 0x30595d79 24
1 dynarray.c:84 0x30595d49 24
2 dynarray.c:95 0x30594819 16
2 path.c:90 0x30594869 2
2 path.c:90 0x30594849 2
1 path.c:143 0x30594ac9 4
2 path.c:178 0x30594a49 24
1 dynarray.c:84 0x305947e9 24
2 dynarray.c:95 0x30594bc9 16
2 path.c:191 0x30595979 4
2 path.c:205 0x30594ae9 2
3 path.c:223 0x30595979 0x30595979 4 2
4 path.c:246 0x30595979 2
4 path.c:31 0x30594ae9 2
4 dynarray.c:112 0x30594bc9 16
4 dynarray.c:113 0x305947e9 24
4 path.c:254 0x30594a49 24
2 path.c:178 0x30594a49 24
1 dynarray.c:84 0x305945f9 24
2 dynarray.c:95 0x305947e9 16
2 path.c:191 0x30594ae9 4
2 path.c:205 0x30595979 2
2 path.c:205 0x30594aa9 2
3 path.c:223 0x30594ae9 0x30594ae9 4 4
4 path.c:246 0x30594ae9 4
4 path.c:31 0x30595979 2
4 path.c:31 0x30594aa9 2
4 dynarray.c:112 0x305947e9 16
4 dynarray.c:113 0x305945f9 24
4 path.c:254 0x30594a49 24
2 path.c:178 0x30594a49 24
1 dynarray.c:84 0x30594bc9 24
2 dynarray.c:95 0x305945f9 16
2 path.c:191 0x30594aa9 4
2 path.c:205 0x30595979 2
2 path.c:205 0x30594ae9 2
3 path.c:223 0x30594aa9 0x30594aa9 4 4
1 bdtBad5.c:143 0x305952b9 32
2 path.c:178 0x30595cb9 24
1 dynarray.c:84 0x305947e9 24
2 dynarray.c:95 0x30595ce9 16
2 path.c:191 0x305956c9 4
2 path.c:205 0x30595879 2
2 path.c:205 0x305959d9 2
3 path.c:223 0x305956c9 0x305956c9 4 4
4 path.c:246 0x30594aa9 4
4 path.c:31 0x30595979 2
4 path.c:31 0x30594ae9 2
4 dynarray.c:112 0x305945f9 16
4 dynarray.c:113 0x30594bc9 24
4 path.c:254 0x30594a49 24
4 path.c:246 0x30594ac9 4
4 path.c:31 0x30594869 2
4 path.c:31 0x30594849 2
4 dynarray.c:112 0x30594819 16
4 dynarray.c:113 0x30595d49 24
4 path.c:254 0x30595d79 24
1 dynarray.c:84 0x30595479 24
2 dynarray.c:95 0x30595d79 24
1 bdtBad5.c:662 0x30594c29 11
4 dynarray.c:112 0x30595d79 24
4 dynarray.c:113 0x30595479 24
4 bdt_client.c:140 0x30594c29 11
2 path.c:128 0x30595479 24
1 dynarray.c:84 0x30595d49 24
2 dynarray.c:95 0x30595d79 16
2 path.c:90 0x30594849 2
2 path.c:90 0x30594869 2
1 path.c:143 0x30594c29 4
2 path.c:178 0x30594a49 24
1 dynarray.c:84 0x30594819 24
2 dynarray.c:95 0x30594bc9 16
2 path.c:191 0x30594ac9 4
2 path.c:205 0x30595979 2
3 path.c:223 0x30594ac9 0x30594ac9 4 2
4 path.c:246 0x30594ac9 2
4 path.c:31 0x30595979 2
4 dynarray.c:112 0x30594bc9 16
4 dynarray.c:113 0x30594819 24
4 path.c:254 0x30594a49 24
2 path.c:178 0x30594a49 24
1 dynarray.c:84 0x305945f9 24
2 dynarray.c:95 0x30594819 16
2 path.c:191 0x30595979 4
2 path.c:205 0x30594ac9 2
2 path.c:205 0x30594aa9 2
3 path.c:223 0x30595979 0x30595979 4 4
4 path.c:246 0x30595979 4
4 path.c:31 0x30594ac9 2
4 path.c:31 0x30594aa9 2
4 dynarray.c:112 0x30594819 16
4 dynarray.c:113 0x305945f9 24
4 path.c:254 0x30594a49 24
4 path.c:246 0x30594c29 4
4 path.c:31 0x30594849 2
4 path.c:31 0x30594869 2
4 dynarray.c:112 0x30595d79 16
4 dynarray.c:113 0x30595d49 24
4 path.c:254 0x30595479 24
4 path.c:246 0x30595859 4
4 path.c:31 0x30595959 2
4 path.c:31 0x30595729 2
4 dynarray.c:112 0x30595c59 16
4 dynarray.c:113 0x30594599 24
4 path.c:254 0x30594bf9 24
4 bdtBad5.c:263 0x30595509 32
1 dynarray.c:84 0x30594bc9 24
2 dynarray.c:95 0x30594bf9 16
1 bdtBad5.c:662 0x30594ae9 7
4 dynarray.c:112 0x30594bf9 16
4 dynarray.c:113 0x30594bc9 24
4 bdt_client.c:144 0x30594ae9 7
2 path.c:128 0x30594bc9 24
1 dynarray.c:84 0x30594599 24
2 dynarray.c:95 0x30594bf9 16
2 path.c:90 0x30595729 2
2 path.c:90 0x30595959 3
1 path.c:143 0x30594ae9 5
2 path.c:178 0x30595479 24
1 dynarray.c:84 0x30595c59 24
2 dynarray.c:95 0x30595d49 16
2 path.c:191 0x30595859 5
2 path.c:205 0x30594849 2
3 path.c:223 0x30595859 0x30595859 5 2
4 path.c:246 0x30595859 2
4 path.c:31 0x30594849 2
4 dynarray.c:112 0x30595d49 16
4 dynarray.c:113 0x30595c59 24
4 path.c:254 0x30595479 24
2 path.c:178 0x30595479 24
1 dynarray.c:84 0x30595d79 24
2 dynarray.c:95 0x30595c59 16
2 path.c:191 0x30594849 5
2 path.c:205 0x30595859 2
2 path.c:205 0x30594c29 3
3 path.c:223 0x30594849 0x30594849 5 5
4 path.c:246 0x30594849 5
4 path.c:31 0x30595859 2
4 path.c:31 0x30594c29 3
4 dynarray.c:112 0x30595c59 16
4 dynarray.c:113 0x30595d79 24
4 path.c:254 0x30595479 24
2 path.c:178 0x30595479 24
1 dynarray.c:84 0x30595d49 24
2 dynarray.c:95 0x30595d79 16
2 path.c:191 0x30594c29 5
2 path.c:205 0x30595859 2
2 path.c:205 0x30594849 3
3 path.c:223 0x30594c29 0x30594c29 5 5
1 bdtBad5.c:143 0x30595509 32
2 path.c:178 0x30594a49 24
1 dynarray.c:84 0x30595c59 24
2 dynarray.c:95 0x305945f9 16
2 path.c:191 0x30594aa9 5
2 path.c:205 0x30594ac9 2
2 path.c:205 0x30595979 3
3 path.c:223 0x30594aa9 0x30594aa9 5 5
4 path.c:246 0x30594c29 5
4 path.c:31 0x30595859 2
4 path.c:31 0x30594849 3
4 dynarray.c:112 0x30595d79 16
4 dynarray.c:113 0x30595d49 24
4 path.c:254 0x30595479 24
4 path.c:246 0x30594ae9 5
4 path.c:31 0x30595729 2
4 path.c:31 0x30595959 3
4 dynarray.c:112 0x30594bf9 16
4 dynarray.c:113 0x30594599 24
4 path.c:254 0x30594bc9 24
1 dynarray.c:84 0x30594819 24
2 dynarray.c:95 0x30594bc9 24
1 bdtBad5.c:662 0x30594869 12
4 dynarray.c:112 0x30594bc9 24
4 dynarray.c:113 0x30594819 24
4 bdt_client.c:148 0x30594869 12
2 path.c:128 0x30594819 24
1 dynarray.c:84 0x30594599 24
2 dynarray.c:95 0x30594bc9 16
2 path.c:90 0x30595959 2
2 path.c:90 0x30595729 3
1 path.c:143 0x30594869 5
2 path.c:178 0x30595479 24
1 dynarray.c:84 0x30594bf9 24
2 dynarray.c:95 0x30595d49 16
2 path.c:191 0x30594ae9 5
2 path.c:205 0x30595859 2
3 path.c:223 0x30594ae9 0x30594ae9 5 2
4 path.c:246 0x30594ae9 2
4 path.c:31 0x30595859 2
4 dynarray.c:112 0x30595d49 16
4 dynarray.c:113 0x30594bf9 24
4 path.c:254 0x30595479 24
2 path.c:178 0x30595479 24
1 dynarray.c:84 0x30595d79 24
2 dynarray.c:95 0x30594bf9 16
2 path.c:191 0x30595859 5
2 path.c:205 0x30594ae9 2
2 path.c:205 0x30594c29 3
3 path.c:223 0x30595859 0x30595859 5 5
4 path.c:246 0x30595859 5
4 path.c:31 0x30594ae9 2
4 path.c:31 0x30594c29 3
4 dynarray.c:112 0x30594bf9 16
4 dynarray.c:113 0x30595d79 24
4 path.c:254 0x30595479 24
4 path.c:246 0x30594869 5
4 path.c:31 0x30595959 2
4 path.c:31 0x30595729 3
4 dynarray.c:112 0x30594bc9 16
4 dynarray.c:113 0x30594599 24
4 path.c:254 0x30594819 24
4 path.c:246 0x30594aa9 5
4 path.c:31 0x30594ac9 2
4 path.c:31 0x30595979 3
4 dynarray.c:112 0x305945f9 16
4 dynarray.c:113 0x30595c59 24
4 path.c:254 0x30594a49 24
4 bdtBad5.c:263 0x30595509 32
1 dynarray.c:84 0x30595d49 24
2 dynarray.c:95 0x30594a49 16
1 bdtBad5.c:662 0x30594849 7
4 dynarray.c:112 0x30594a49 16
4 dynarray.c:113 0x30595d49 24
4 bdt_client.c:152 0x30594849 7
2 path.c:128 0x30595d49 24
1 dynarray.c:84 0x30595c59 24
2 dynarray.c:95 0x30594a49 16
2 path.c:90 0x30595979 2
2 path.c:90 0x30594ac9 3
1 path.c:143 0x30594849 5
2 path.c:178 0x30594819 24
1 dynarray.c:84 0x305945f9 24
2 dynarray.c:95 0x30594599 16
2 path.c:191 0x30594aa9 5
2 path.c:205 0x30595959 2
3 path.c:223 0x30594aa9 0x30594aa9 5 2
4 path.c:246 0x30594aa9 2
4 path.c:31 0x30595959 2
4 dynarray.c:112 0x30594599 16
4 dynarray.c:113 0x305945f9 24
4 path.c:254 0x30594819 24
2 path.c:178 0x30594819 24
1 dynarray.c:84 0x30594bc9 24
2 dynarray.c:95 0x305945f9 16
2 path.c:191 0x30595959 5
2 path.c:205 0x30594aa9 2
2 path.c:205 0x30594869 3
3 path.c:223 0x30595959 0x30595959 5 5
4 path.c:246 0x30595959 5
4 path.c:31 0x30594aa9 2
4 path.c:31 0x30594869 3
4 dynarray.c:112 0x305945f9 16
4 dynarray.c:113 0x30594bc9 24
4 path.c:254 0x30594819 24
2 path.c:178 0x30594819 24
1 dynarray.c:84 0x30594599 24
2 dynarray.c:95 0x30594bc9 16
2 path.c:191 0x30594869 5
2 path.c:205 0x30594aa9 2
2 path.c:205 0x30595959 3
3 path.c:223 0x30594869 0x30594869 5 5
1 bdtBad5.c:143 0x30595509 32
2 path.c:178 0x30595479 24
1 dynarray.c:84 0x305945f9 24
2 dynarray.c:95 0x30595d79 16
2 path.c:191 0x30594c29 5
2 path.c:205 0x30594ae9 2
2 path.c:205 0x30595859 3
3 path.c:223 0x30594c29 0x30594c29 5 5
4 path.c:246 0x30594869 5
4 path.c:31 0x30594aa9 2
4 path.c:31 0x30595959 3
4 dynarray.c:112 0x30594bc9 16
4 dynarray.c:113 0x30594599 24
4 path.c:254 0x30594819 24
4 path.c:246 0x30594849 5
4 path.c:31 0x30595979 2
4 path.c:31 0x30594ac9 3
4 dynarray.c:112 0x30594a49 16
4 dynarray.c:113 0x30595c59 24
4 path.c:254 0x30595d49 24
1 dynarray.c:84 0x30594bf9 24
2 dynarray.c:95 0x30595d49 24
1 bdtBad5.c:662 0x30595729 12
4 dynarray.c:112 0x30595d49 24
4 dynarray.c:113 0x30594bf9 24
4 bdt_client.c:156 0x30595729 12
2 path.c:128 0x30594bf9 24
1 dynarray.c:84 0x30595c59 24
2 dynarray.c:95 0x30595d49 16
2 path.c:90 0x30594ac9 2
2 path.c:90 0x30595979 2
1 path.c:143 0x30595729 4
2 path.c:178 0x30594819 24
1 dynarray.c:84 0x30594a49 24
2 dynarray.c:95 0x30594599 16
2 path.c:191 0x30594849 4
2 path.c:205 0x30594aa9 2
3 path.c:223 0x30594849 0x30594849 4 2
4 path.c:246 0x30594849 2
4 path.c:31 0x30594aa9 2
4 dynarray.c:112 0x30594599 16
4 dynarray.c:113 0x30594a49 24
4 path.c:254 0x30594819 24
2 path.c:178 0x30594819 24
1 dynarray.c:84 0x30594bc9 24
2 dynarray.c:95 0x30594a49 16
2 path.c:191 0x30594aa9 4
2 path.c:205 0x30594849 2
2 path.c:205 0x30594869 2
3 path.c:223 0x30594aa9 0x30594aa9 4 4
4 path.c:246 0x30594aa9 4
4 path.c:31 0x30594849 2
4 path.c:31 0x30594869 2
4 dynarray.c:112 0x30594a49 16
4 dynarray.c:113 0x30594bc9 24
4 path.c:254 0x30594819 24
4 path.c:246 0x30595729 4
4 path.c:31 0x30594ac9 2
4 path.c:31 0x30595979 2
4 dynarray.c:112 0x30595d49 16
4 dynarray.c:113 0x30595c59 24
4 path.c:254 0x30594bf9 24
4 path.c:246 0x305956c9 4
4 path.c:31 0x30595879 2
4 path.c:31 0x305959d9 2
4 dynarray.c:112 0x30595ce9 16
4 dynarray.c:113 0x305947e9 24
4 path.c:254 0x30595cb9 24
4 bdtBad5.c:263 0x305952b9 32
1 dynarray.c:84 0x30594599 24
2 dynarray.c:95 0x30595cb9 16
1 bdtBad5.c:662 0x30595959 8
4 dynarray.c:112 0x30595cb9 16
4 dynarray.c:113 0x30594599 24
4 bdt_client.c:160 0x30595959 8
4 path.c:246 0x30594c29 5
4 path.c:31 0x30594ae9 2
4 path.c:31 0x30595859 3
4 dynarray.c:112 0x30595d79 16
4 dynarray.c:113 0x305945f9 24
4 path.c:254 0x30595479 24
4 bdtBad5.c:263 0x30595509 32
4 path.c:246 0x30594c69 2
4 path.c:31 0x30594c49 2
4 dynarray.c:112 0x30594909 16
4 dynarray.c:113 0x30594a79 24
4 path.c:254 0x30594b99 24
4 bdtBad5.c:263 0x30595919 32
